/home/lxt230026/.local/lib/python3.9/site-packages/torch/cuda/__init__.py:63: FutureWarning: The pynvml package is deprecated. Please install nvidia-ml-py instead. If you did not install pynvml directly, please report this to the maintainers of the package that installed pynvml for you.
  import pynvml  # type: ignore[import]
========================================================================
  Experiment: Conv filter-size coverage sweep (W6 / RC3 / R1-Q2 / R2-Q2)
  GPU: NVIDIA RTX 4000 Ada Generation  (sm_89, 48 SMs, 19.54 GB, L2=40.0 MB)
  torch 2.8.0+cu126 / cuda 12.6 / driver 595.71.05
========================================================================
  Shape preset: large = (N=32, C=256, H=128, W=128)  dtype=float16
  Timing: warmup=10, reps=30   Correctness tol: atol=0.05, rtol=0.05


[1x1_s1] 32x256x128x128 -> out 32x256x128x128  groups=1  (est im2col ~0.50 GB, free ~19.3 GB)
  pytorch (cuDNN): median 1.7244 ms  (mean 1.7329 +/- 0.0198)
  triton  RC3: n_regs=77 n_spills=0 num_warps=4
  triton  : median 7.4022 ms  (mean 7.4041 +/- 0.0083)  E_lib=23.3%  correct=True maxerr=0.00e+00
2026-05-25 18:49:46  [TileLang:tilelang.jit.kernel:INFO]: TileLang begins to compile kernel `func` with `out_idx=None`
2026-05-25 18:49:57  [TileLang:tilelang.jit.kernel:INFO]: TileLang completes to compile kernel `func`
  tilelang: median 14.9864 ms  (mean 15.0065 +/- 0.0840)  E_lib=11.51%  correct=True maxerr=3.12e-02

[3x3_s1] 32x256x128x128 -> out 32x256x128x128  groups=1  (est im2col ~4.50 GB, free ~19.1 GB)
  pytorch (cuDNN): median 10.9445 ms  (mean 10.9129 +/- 0.0702)
  triton  RC3: n_regs=128 n_spills=0 num_warps=4
  triton  : median 29.9899 ms  (mean 30.2296 +/- 0.8112)  E_lib=36.49%  correct=True maxerr=1.25e-01
  tilelang: median 115.7702 ms  (mean 115.7671 +/- 0.0441)  E_lib=9.45%  correct=True maxerr=1.15e-01

[5x5_s1] 32x256x128x128 -> out 32x256x128x128  groups=1  (est im2col ~12.50 GB, free ~19.1 GB)
  pytorch (cuDNN): median 23.6646 ms  (mean 23.8110 +/- 0.5844)
  triton  RC3: n_regs=128 n_spills=0 num_warps=4
  triton  : median 149.4229 ms  (mean 148.9919 +/- 1.3806)  E_lib=15.84%  correct=True maxerr=2.50e-01
  tilelang: SKIP (OOM-skip)

[7x7_s1] 32x256x128x128 -> out 32x256x128x128  groups=1  (est im2col ~24.50 GB, free ~19.1 GB)
  pytorch (cuDNN): median 41.4934 ms  (mean 42.0822 +/- 1.0106)
  triton  RC3: n_regs=128 n_spills=0 num_warps=4
  triton  : median 320.4289 ms  (mean 320.1411 +/- 0.9427)  E_lib=12.95%  correct=True maxerr=5.00e-01
  tilelang: SKIP (OOM-skip)

[dw_3x3_s1] 32x256x128x128 -> out 32x256x128x128  groups=256  (est im2col ~4.50 GB, free ~19.1 GB)
  pytorch (cuDNN): median 1.7217 ms  (mean 1.7215 +/- 0.0032)
  triton  RC3: n_regs=112 n_spills=0 num_warps=4
  triton  : median 45.3428 ms  (mean 45.3508 +/- 0.0433)  E_lib=3.8%  correct=True maxerr=7.81e-03
2026-05-25 18:50:30  [TileLang:tilelang.jit.kernel:INFO]: TileLang begins to compile kernel `func` with `out_idx=None`
2026-05-25 18:50:41  [TileLang:tilelang.jit.kernel:INFO]: TileLang completes to compile kernel `func`
  tilelang: median 448.4739 ms  (mean 448.6375 +/- 1.9216)  E_lib=0.38%  correct=True maxerr=7.81e-03

[3x3_s2] 32x256x128x128 -> out 32x256x64x64  groups=1  (est im2col ~1.12 GB, free ~19.1 GB)
  pytorch (cuDNN): median 4.5138 ms  (mean 4.5171 +/- 0.0099)
  triton  RC3: n_regs=128 n_spills=0 num_warps=4
  triton  : median 11.8333 ms  (mean 11.8255 +/- 0.1103)  E_lib=38.14%  correct=True maxerr=1.25e-01
  tilelang: median 21.9371 ms  (mean 21.9418 +/- 0.0227)  E_lib=20.58%  correct=True maxerr=1.13e-01

================================================================================================
  CONV FILTER SWEEP SUMMARY  (E_lib = t_pytorch / t_DSL * 100;  >100% = DSL faster)
================================================================================================
  filter  s   grp |  pytorch ms |  triton ms      E%  regs spill |  tilelang ms      E% | corr
  --------------------------------------------------------------------------------------------
  1x1     1     1 |      1.7244 |     7.4022    23.3    77     0 |      14.9864   11.51 | T=ok L=ok
  3x3     1     1 |     10.9445 |    29.9899   36.49   128     0 |     115.7702    9.45 | T=ok L=ok
  5x5     1     1 |     23.6646 |   149.4229   15.84   128     0 |         SKIP         | T=ok L=ok
  7x7     1     1 |     41.4934 |   320.4289   12.95   128     0 |         SKIP         | T=ok L=-
  3x3     1   256 |      1.7217 |    45.3428     3.8   112     0 |     448.4739    0.38 | T=ok L=ok
  3x3     2     1 |      4.5138 |    11.8333   38.14   128     0 |      21.9371   20.58 | T=ok L=ok
================================================================================================

  RC3 (register pressure vs filter size, Triton dense stride-1 conv):
    1x1  : n_regs=77  n_spills=0 no-spill
    3x3  : n_regs=128  n_spills=0 no-spill
    5x5  : n_regs=128  n_spills=0 no-spill
    7x7  : n_regs=128  n_spills=0 no-spill
    (n_regs is expected to rise with k^2; first n_spills>0 substantiates RC3 on this GPU)
  -> wrote 18 rows to /home/lxt230026/ASE-GPUDSL-ARTIFACT/experiments/results/NVIDIA_RTX_4000_Ada_Generation/conv_filters.csv

Done: 16 (config x impl) timings recorded across 6 configs.
