/home/lxt230026/.local/lib/python3.9/site-packages/torch/cuda/__init__.py:63: FutureWarning: The pynvml package is deprecated. Please install nvidia-ml-py instead. If you did not install pynvml directly, please report this to the maintainers of the package that installed pynvml for you.
  import pynvml  # type: ignore[import]
========================================================================
  Experiment: Conv filter-size coverage sweep (W6 / RC3 / R1-Q2 / R2-Q2)
  GPU: NVIDIA RTX 4000 Ada Generation  (sm_89, 48 SMs, 19.54 GB, L2=40.0 MB)
  torch 2.8.0+cu126 / cuda 12.6 / driver 595.71.05
========================================================================
  Shape preset: small = (N=8, C=64, H=56, W=56)  dtype=float16
  Timing: warmup=15, reps=50   Correctness tol: atol=0.05, rtol=0.05
  Note: 'small' is Ada-safe (<20 GB). On A100/H100 (80 GB) use --shape large for the paper Table-2 case.

  + mitigation arm: AKO4ALL optimized conv2d_triton -- tests whether the
    RQ3 conv recovery generalizes across filters (R1:68); groups==1 only.


[1x1_s1] 8x64x56x56 -> out 8x64x56x56  groups=1  (est im2col ~0.01 GB, free ~19.3 GB)
  pytorch (cuDNN): median 0.0215 ms  (mean 0.0218 +/- 0.0006)
  triton  RC3: n_regs=80 n_spills=0 num_warps=4
  triton  : median 0.0449 ms  (mean 0.0447 +/- 0.0013)  E_lib=47.93%  correct=True maxerr=0.00e+00
  tilelang: median 0.2744 ms  (mean 0.2922 +/- 0.0596)  E_lib=7.83%  correct=True maxerr=1.54e-02
  mitigation: median 0.0614 ms  (mean 0.0617 +/- 0.0012)  E_lib=34.99%  correct=True maxerr=0.00e+00

[3x3_s1] 8x64x56x56 -> out 8x64x56x56  groups=1  (est im2col ~0.05 GB, free ~19.2 GB)
  pytorch (cuDNN): median 0.0847 ms  (mean 0.0848 +/- 0.0010)
  triton  RC3: n_regs=128 n_spills=0 num_warps=4
  triton  : median 0.1534 ms  (mean 0.1516 +/- 0.0032)  E_lib=55.24%  correct=True maxerr=6.25e-02
  tilelang: median 0.8335 ms  (mean 0.8348 +/- 0.0071)  E_lib=10.17%  correct=True maxerr=3.13e-02
  mitigation: median 0.1852 ms  (mean 0.1854 +/- 0.0016)  E_lib=45.74%  correct=True maxerr=6.25e-02

[5x5_s1] 8x64x56x56 -> out 8x64x56x56  groups=1  (est im2col ~0.15 GB, free ~19.2 GB)
  pytorch (cuDNN): median 0.1557 ms  (mean 0.1556 +/- 0.0006)
  triton  RC3: n_regs=128 n_spills=0 num_warps=4
  triton  : median 0.5425 ms  (mean 0.5429 +/- 0.0091)  E_lib=28.69%  correct=True maxerr=6.25e-02
  tilelang: median 2.0111 ms  (mean 2.0116 +/- 0.0033)  E_lib=7.74%  correct=True maxerr=6.24e-02
  mitigation: median 0.3908 ms  (mean 0.3912 +/- 0.0023)  E_lib=39.82%  correct=True maxerr=6.25e-02

[7x7_s1] 8x64x56x56 -> out 8x64x56x56  groups=1  (est im2col ~0.29 GB, free ~19.2 GB)
  pytorch (cuDNN): median 0.2621 ms  (mean 0.2623 +/- 0.0007)
  triton  RC3: n_regs=128 n_spills=0 num_warps=4
  triton  : median 1.3937 ms  (mean 1.3930 +/- 0.0042)  E_lib=18.81%  correct=True maxerr=1.25e-01
  tilelang: median 4.0335 ms  (mean 4.0325 +/- 0.0065)  E_lib=6.5%  correct=True maxerr=1.22e-01
  mitigation: median 0.7330 ms  (mean 0.7335 +/- 0.0034)  E_lib=35.76%  correct=True maxerr=1.25e-01

[dw_3x3_s1] 8x64x56x56 -> out 8x64x56x56  groups=64  (est im2col ~0.05 GB, free ~19.2 GB)
  pytorch (cuDNN): median 0.0307 ms  (mean 0.0307 +/- 0.0006)
  triton  RC3: n_regs=118 n_spills=0 num_warps=4
  triton  : median 0.9687 ms  (mean 0.9691 +/- 0.0017)  E_lib=3.17%  correct=True maxerr=7.81e-03
  tilelang: median 26.1972 ms  (mean 26.1192 +/- 0.2851)  E_lib=0.12%  correct=True maxerr=7.70e-03
  mitigation: SKIP (depthwise unsupported, groups==1 only)

[3x3_s2] 8x64x56x56 -> out 8x64x28x28  groups=1  (est im2col ~0.01 GB, free ~19.2 GB)
  pytorch (cuDNN): median 0.0480 ms  (mean 0.0478 +/- 0.0007)
  triton  RC3: n_regs=128 n_spills=0 num_warps=4
  triton  : median 0.0901 ms  (mean 0.0905 +/- 0.0018)  E_lib=53.29%  correct=True maxerr=0.00e+00
  tilelang: median 0.3483 ms  (mean 0.3496 +/- 0.0043)  E_lib=13.78%  correct=True maxerr=3.13e-02
  mitigation: median 0.1034 ms  (mean 0.1036 +/- 0.0008)  E_lib=46.41%  correct=True maxerr=6.25e-02

================================================================================================
  CONV FILTER SWEEP SUMMARY  (E_lib = t_pytorch / t_DSL * 100;  >100% = DSL faster)
================================================================================================
  filter  s   grp |  pytorch ms |  triton ms      E%  regs spill |  tilelang ms      E% | corr
  --------------------------------------------------------------------------------------------
  1x1     1     1 |      0.0215 |     0.0449   47.93    80     0 |       0.2744    7.83 | T=ok L=ok
  3x3     1     1 |      0.0847 |     0.1534   55.24   128     0 |       0.8335   10.17 | T=ok L=ok
  5x5     1     1 |      0.1557 |     0.5425   28.69   128     0 |       2.0111    7.74 | T=ok L=ok
  7x7     1     1 |      0.2621 |     1.3937   18.81   128     0 |       4.0335     6.5 | T=ok L=ok
  3x3     1    64 |      0.0307 |     0.9687    3.17   118     0 |      26.1972    0.12 | T=ok L=ok
  3x3     2     1 |      0.0480 |     0.0901   53.29   128     0 |       0.3483   13.78 | T=ok L=ok
================================================================================================

  RC3 (register pressure vs filter size, Triton dense stride-1 conv):
    1x1  : n_regs=80  n_spills=0 no-spill
    3x3  : n_regs=128  n_spills=0 no-spill
    5x5  : n_regs=128  n_spills=0 no-spill
    7x7  : n_regs=128  n_spills=0 no-spill
    (n_regs is expected to rise with k^2; first n_spills>0 substantiates RC3 on this GPU)

====================================================================================
  CONV MITIGATION GENERALITY  (R1:68;  E_lib = t_cuDNN / t_kernel * 100, higher=better)
====================================================================================
  filter  s  grp |  baseline triton E% |  optimized (mitig) E%
  --------------------------------------------------------------------------------
  1x1     1    1 |               47.93 |                 34.99
  3x3     1    1 |               55.24 |                 45.74
  5x5     1    1 |               28.69 |                 39.82
  7x7     1    1 |               18.81 |                 35.76
  3x3     1   64 |                3.17 |                         (optimized kernel: groups==1 only (depthwise excluded))
  3x3     2    1 |               53.29 |                 46.41
====================================================================================
  Generality holds if the optimized E% stays high as filter size grows;
  a fall-off localizes where the RQ3 recovery does/doesn't transfer.
  -> wrote 24 rows to /home/lxt230026/ASE-GPUDSL-ARTIFACT/experiments/results/NVIDIA_RTX_4000_Ada_Generation/conv_mitigation.csv

Done: 23 (config x impl) timings recorded across 6 configs.
