/home/lxt230026/.local/lib/python3.9/site-packages/torch/cuda/__init__.py:63: FutureWarning: The pynvml package is deprecated. Please install nvidia-ml-py instead. If you did not install pynvml directly, please report this to the maintainers of the package that installed pynvml for you.
  import pynvml  # type: ignore[import]
========================================================================
  Experiment: Conv filter-size coverage sweep (W6 / RC3 / R1-Q2 / R2-Q2)
  GPU: NVIDIA RTX 4000 Ada Generation  (sm_89, 48 SMs, 19.54 GB, L2=40.0 MB)
  torch 2.8.0+cu126 / cuda 12.6 / driver 595.71.05
========================================================================
  Shape preset: large = (N=32, C=256, H=128, W=128)  dtype=float16
  Timing: warmup=15, reps=50   Correctness tol: atol=0.05, rtol=0.05

  + mitigation arm: AKO4ALL optimized conv2d_triton -- tests whether the
    RQ3 conv recovery generalizes across filters (R1:68); groups==1 only.


[1x1_s1] 32x256x128x128 -> out 32x256x128x128  groups=1  (est im2col ~0.50 GB, free ~19.3 GB)
  pytorch (cuDNN): median 1.7785 ms  (mean 1.7781 +/- 0.0022)
  triton  RC3: n_regs=77 n_spills=0 num_warps=4
  triton  : median 7.4015 ms  (mean 7.4018 +/- 0.0047)  E_lib=24.03%  correct=True maxerr=0.00e+00
  tilelang: median 18.0245 ms  (mean 18.0255 +/- 0.0170)  E_lib=9.87%  correct=True maxerr=3.12e-02
  mitigation: median 1.7160 ms  (mean 1.7155 +/- 0.0031)  E_lib=103.64%  correct=True maxerr=0.00e+00

[3x3_s1] 32x256x128x128 -> out 32x256x128x128  groups=1  (est im2col ~4.50 GB, free ~19.0 GB)
  pytorch (cuDNN): median 13.3960 ms  (mean 13.3942 +/- 0.0090)
  triton  RC3: n_regs=128 n_spills=0 num_warps=4
  triton  : median 39.2200 ms  (mean 39.2229 +/- 0.0886)  E_lib=34.16%  correct=True maxerr=1.25e-01
  tilelang: median 119.4437 ms  (mean 119.4468 +/- 0.0348)  E_lib=11.22%  correct=True maxerr=1.23e-01
  mitigation: median 19.4025 ms  (mean 19.4050 +/- 0.0112)  E_lib=69.04%  correct=True maxerr=1.25e-01

[5x5_s1] 32x256x128x128 -> out 32x256x128x128  groups=1  (est im2col ~12.50 GB, free ~19.0 GB)
  pytorch (cuDNN): median 29.5680 ms  (mean 29.5698 +/- 0.0148)
  triton  RC3: n_regs=128 n_spills=0 num_warps=4
  triton  : median 210.6387 ms  (mean 210.6149 +/- 0.3728)  E_lib=14.04%  correct=True maxerr=2.50e-01
  tilelang: SKIP (OOM-skip)
  mitigation: median 48.1012 ms  (mean 48.1030 +/- 0.0139)  E_lib=61.47%  correct=True maxerr=2.50e-01

[7x7_s1] 32x256x128x128 -> out 32x256x128x128  groups=1  (est im2col ~24.50 GB, free ~19.0 GB)
  pytorch (cuDNN): median 52.6949 ms  (mean 52.6985 +/- 0.0170)
  triton  RC3: n_regs=128 n_spills=0 num_warps=4
  triton  : median 437.0053 ms  (mean 437.0109 +/- 0.0548)  E_lib=12.06%  correct=True maxerr=5.00e-01
  tilelang: SKIP (OOM-skip)
  mitigation: median 91.6419 ms  (mean 91.6423 +/- 0.0080)  E_lib=57.5%  correct=True maxerr=5.00e-01

[dw_3x3_s1] 32x256x128x128 -> out 32x256x128x128  groups=256  (est im2col ~4.50 GB, free ~19.0 GB)
  pytorch (cuDNN): median 1.9691 ms  (mean 1.8463 +/- 0.1461)
  triton  RC3: n_regs=112 n_spills=0 num_warps=4
  triton  : median 74.2953 ms  (mean 74.3034 +/- 0.0228)  E_lib=2.65%  correct=True maxerr=1.56e-02
  tilelang: median 449.1592 ms  (mean 448.9397 +/- 2.4369)  E_lib=0.44%  correct=True maxerr=7.81e-03
  mitigation: SKIP (depthwise unsupported, groups==1 only)

[3x3_s2] 32x256x128x128 -> out 32x256x64x64  groups=1  (est im2col ~1.12 GB, free ~19.0 GB)
  pytorch (cuDNN): median 4.9684 ms  (mean 4.8726 +/- 0.1540)
  triton  RC3: n_regs=128 n_spills=0 num_warps=4
  triton  : median 13.9428 ms  (mean 13.9206 +/- 0.2891)  E_lib=35.63%  correct=True maxerr=1.25e-01
  tilelang: median 24.2032 ms  (mean 24.2060 +/- 0.0185)  E_lib=20.53%  correct=True maxerr=1.05e-01
  mitigation: median 7.2172 ms  (mean 7.2175 +/- 0.0031)  E_lib=68.84%  correct=True maxerr=1.25e-01

================================================================================================
  CONV FILTER SWEEP SUMMARY  (E_lib = t_pytorch / t_DSL * 100;  >100% = DSL faster)
================================================================================================
  filter  s   grp |  pytorch ms |  triton ms      E%  regs spill |  tilelang ms      E% | corr
  --------------------------------------------------------------------------------------------
  1x1     1     1 |      1.7785 |     7.4015   24.03    77     0 |      18.0245    9.87 | T=ok L=ok
  3x3     1     1 |     13.3960 |    39.2200   34.16   128     0 |     119.4437   11.22 | T=ok L=ok
  5x5     1     1 |     29.5680 |   210.6387   14.04   128     0 |         SKIP         | T=ok L=-
  7x7     1     1 |     52.6949 |   437.0053   12.06   128     0 |         SKIP         | T=ok L=-
  3x3     1   256 |      1.9691 |    74.2953    2.65   112     0 |     449.1592    0.44 | T=ok L=ok
  3x3     2     1 |      4.9684 |    13.9428   35.63   128     0 |      24.2032   20.53 | T=ok L=ok
================================================================================================

  RC3 (register pressure vs filter size, Triton dense stride-1 conv):
    1x1  : n_regs=77  n_spills=0 no-spill
    3x3  : n_regs=128  n_spills=0 no-spill
    5x5  : n_regs=128  n_spills=0 no-spill
    7x7  : n_regs=128  n_spills=0 no-spill
    (n_regs is expected to rise with k^2; first n_spills>0 substantiates RC3 on this GPU)

====================================================================================
  CONV MITIGATION GENERALITY  (R1:68;  E_lib = t_cuDNN / t_kernel * 100, higher=better)
====================================================================================
  filter  s  grp |  baseline triton E% |  optimized (mitig) E%
  --------------------------------------------------------------------------------
  1x1     1    1 |               24.03 |                103.64
  3x3     1    1 |               34.16 |                 69.04
  5x5     1    1 |               14.04 |                 61.47
  7x7     1    1 |               12.06 |                  57.5
  3x3     1  256 |                2.65 |                         (optimized kernel: groups==1 only (depthwise excluded))
  3x3     2    1 |               35.63 |                 68.84
====================================================================================
  Generality holds if the optimized E% stays high as filter size grows;
  a fall-off localizes where the RQ3 recovery does/doesn't transfer.
  -> wrote 24 rows to /home/lxt230026/ASE-GPUDSL-ARTIFACT/experiments/results/NVIDIA_RTX_4000_Ada_Generation/conv_mitigation.csv

Done: 21 (config x impl) timings recorded across 6 configs.
