\BOOKMARK [1][-]{section*.1}{\376\377\000A\000b\000s\000t\000r\000a\000c\000t}{}% 1
\BOOKMARK [1][-]{section.1}{\376\377\0001\000\040\000I\000n\000t\000r\000o\000d\000u\000c\000t\000i\000o\000n}{}% 2
\BOOKMARK [1][-]{section.2}{\376\377\0002\000\040\000B\000a\000c\000k\000g\000r\000o\000u\000n\000d}{}% 3
\BOOKMARK [2][-]{subsection.2.1}{\376\377\0002\000.\0001\000\040\000T\000i\000l\000e\000-\000B\000a\000s\000e\000d\000\040\000G\000P\000U\000\040\000P\000r\000o\000g\000r\000a\000m\000m\000i\000n\000g}{section.2}% 4
\BOOKMARK [2][-]{subsection.2.2}{\376\377\0002\000.\0002\000\040\000T\000r\000i\000t\000o\000n}{section.2}% 5
\BOOKMARK [2][-]{subsection.2.3}{\376\377\0002\000.\0003\000\040\000T\000i\000l\000e\000L\000a\000n\000g}{section.2}% 6
\BOOKMARK [2][-]{subsection.2.4}{\376\377\0002\000.\0004\000\040\000c\000u\000B\000L\000A\000S\000\040\000a\000n\000d\000\040\000c\000u\000D\000N\000N}{section.2}% 7
\BOOKMARK [2][-]{subsection.2.5}{\376\377\0002\000.\0005\000\040\000B\000e\000n\000c\000h\000m\000a\000r\000k\000i\000n\000g\000\040\000D\000S\000L\000\040\000a\000n\000d\000\040\000L\000L\000M\000-\000G\000e\000n\000e\000r\000a\000t\000e\000d\000\040\000K\000e\000r\000n\000e\000l\000s}{section.2}% 8
\BOOKMARK [1][-]{section.3}{\376\377\0003\000\040\000M\000e\000t\000h\000o\000d\000o\000l\000o\000g\000y}{}% 9
\BOOKMARK [2][-]{subsection.3.1}{\376\377\0003\000.\0001\000\040\000K\000e\000r\000n\000e\000l\000\040\000S\000u\000i\000t\000e}{section.3}% 10
\BOOKMARK [2][-]{subsection.3.2}{\376\377\0003\000.\0002\000\040\000B\000a\000s\000e\000l\000i\000n\000e\000\040\000C\000o\000n\000s\000t\000r\000u\000c\000t\000i\000o\000n}{section.3}% 11
\BOOKMARK [2][-]{subsection.3.3}{\376\377\0003\000.\0003\000\040\000P\000r\000o\000f\000i\000l\000i\000n\000g\000\040\000S\000e\000t\000u\000p}{section.3}% 12
\BOOKMARK [2][-]{subsection.3.4}{\376\377\0003\000.\0004\000\040\000M\000e\000t\000r\000i\000c\000s}{section.3}% 13
\BOOKMARK [2][-]{subsection.3.5}{\376\377\0003\000.\0005\000\040\000E\000v\000a\000l\000u\000a\000t\000i\000o\000n\000-\000G\000a\000p\000\040\000a\000n\000d\000\040\000H\000e\000u\000r\000i\000s\000t\000i\000c\000\040\000M\000e\000a\000s\000u\000r\000e\000m\000e\000n\000t}{section.3}% 14
\BOOKMARK [2][-]{subsection.3.6}{\376\377\0003\000.\0006\000\040\000E\000x\000p\000e\000r\000i\000m\000e\000n\000t\000a\000l\000\040\000S\000e\000t\000u\000p}{section.3}% 15
\BOOKMARK [1][-]{section.4}{\376\377\0004\000\040\000R\000e\000s\000e\000a\000r\000c\000h\000\040\000Q\000u\000e\000s\000t\000i\000o\000n\000s}{}% 16
\BOOKMARK [1][-]{section.5}{\376\377\0005\000\040\000T\000h\000e\000\040\000E\000v\000a\000l\000u\000a\000t\000i\000o\000n\000\040\000G\000a\000p\000\040\000\050\000R\000Q\0001\000\051}{}% 17
\BOOKMARK [2][-]{subsection.5.1}{\376\377\0005\000.\0001\000\040\000W\000h\000a\000t\000\040\000E\000x\000i\000s\000t\000i\000n\000g\000\040\000B\000e\000n\000c\000h\000m\000a\000r\000k\000s\000\040\000M\000e\000a\000s\000u\000r\000e}{section.5}% 18
\BOOKMARK [2][-]{subsection.5.2}{\376\377\0005\000.\0002\000\040\000P\000a\000s\000s\000i\000n\000g\000\040\000I\000s\000\040\000N\000o\000t\000\040\000F\000a\000s\000t}{section.5}% 19
\BOOKMARK [2][-]{subsection.5.3}{\376\377\0005\000.\0003\000\040\000T\000h\000e\000\040\000H\000i\000d\000d\000e\000n\000\040\000G\000a\000p\000\040\000T\000h\000e\000s\000e\000\040\000B\000e\000n\000c\000h\000m\000a\000r\000k\000s\000\040\000A\000d\000m\000i\000t}{section.5}% 20
\BOOKMARK [1][-]{section.6}{\376\377\0006\000\040\000R\000o\000o\000t\000\040\000C\000a\000u\000s\000e\000s\000\040\000o\000f\000\040\000t\000h\000e\000\040\000H\000i\000d\000d\000e\000n\000\040\000G\000a\000p\000\040\000\050\000R\000Q\0002\000\051}{}% 21
\BOOKMARK [2][-]{subsection.6.1}{\376\377\0006\000.\0001\000\040\000S\000u\000m\000m\000a\000r\000y\000\040\000o\000f\000\040\000R\000o\000o\000t\000\040\000C\000a\000u\000s\000e\000s}{section.6}% 22
\BOOKMARK [1][-]{section.7}{\376\377\0007\000\040\000G\000u\000i\000d\000a\000n\000c\000e\000\040\000W\000i\000t\000h\000o\000u\000t\000\040\000a\000\040\000C\000o\000m\000p\000r\000e\000h\000e\000n\000s\000i\000v\000e\000\040\000B\000e\000n\000c\000h\000m\000a\000r\000k\000\040\000\050\000R\000Q\0003\000\051}{}% 23
\BOOKMARK [2][-]{subsection.7.1}{\376\377\0007\000.\0001\000\040\000E\000v\000a\000l\000u\000a\000t\000i\000o\000n\000\040\000H\000e\000u\000r\000i\000s\000t\000i\000c\000s\000:\000\040\000I\000s\000\040\000T\000h\000i\000s\000\040\000K\000e\000r\000n\000e\000l\000\040\000W\000e\000l\000l\000\040\000W\000r\000i\000t\000t\000e\000n\000?}{section.7}% 24
\BOOKMARK [2][-]{subsection.7.2}{\376\377\0007\000.\0002\000\040\000N\000o\000r\000m\000a\000l\000i\000z\000a\000t\000i\000o\000n\000\040\000K\000e\000r\000n\000e\000l\000s\000:\000\040\000C\000o\000r\000r\000e\000c\000t\000i\000n\000g\000\040\000R\000C\0000}{section.7}% 25
\BOOKMARK [2][-]{subsection.7.3}{\376\377\0007\000.\0003\000\040\000C\000o\000n\000v\000o\000l\000u\000t\000i\000o\000n\000:\000\040\000P\000a\000r\000t\000i\000a\000l\000\040\000R\000e\000c\000o\000v\000e\000r\000y\000\040\000v\000i\000a\000\040\000I\000m\000p\000l\000i\000c\000i\000t\000\040\000G\000E\000M\000M}{section.7}% 26
\BOOKMARK [2][-]{subsection.7.4}{\376\377\0007\000.\0004\000\040\000G\000E\000M\000M\000\040\000a\000n\000d\000\040\000R\000e\000d\000u\000c\000t\000i\000o\000n\000\040\000K\000e\000r\000n\000e\000l\000s}{section.7}% 27
\BOOKMARK [2][-]{subsection.7.5}{\376\377\0007\000.\0005\000\040\000S\000u\000m\000m\000a\000r\000y\000\040\000a\000n\000d\000\040\000R\000e\000m\000a\000i\000n\000i\000n\000g\000\040\000G\000a\000p}{section.7}% 28
\BOOKMARK [1][-]{section.8}{\376\377\0008\000\040\000D\000i\000s\000c\000u\000s\000s\000i\000o\000n}{}% 29
\BOOKMARK [2][-]{subsection.8.1}{\376\377\0008\000.\0001\000\040\000I\000m\000p\000l\000i\000c\000a\000t\000i\000o\000n\000s\000\040\000f\000o\000r\000\040\000D\000S\000L\000\040\000D\000e\000v\000e\000l\000o\000p\000e\000r\000s}{section.8}% 30
\BOOKMARK [2][-]{subsection.8.2}{\376\377\0008\000.\0002\000\040\000L\000i\000m\000i\000t\000a\000t\000i\000o\000n\000s}{section.8}% 31
\BOOKMARK [1][-]{section.9}{\376\377\0009\000\040\000R\000e\000l\000a\000t\000e\000d\000\040\000W\000o\000r\000k}{}% 32
\BOOKMARK [2][-]{subsection.9.1}{\376\377\0009\000.\0001\000\040\000G\000P\000U\000\040\000K\000e\000r\000n\000e\000l\000\040\000D\000S\000L\000s}{section.9}% 33
\BOOKMARK [2][-]{subsection.9.2}{\376\377\0009\000.\0002\000\040\000C\000o\000n\000v\000o\000l\000u\000t\000i\000o\000n\000\040\000O\000p\000t\000i\000m\000i\000z\000a\000t\000i\000o\000n}{section.9}% 34
\BOOKMARK [2][-]{subsection.9.3}{\376\377\0009\000.\0003\000\040\000P\000e\000r\000f\000o\000r\000m\000a\000n\000c\000e\000\040\000A\000n\000a\000l\000y\000s\000i\000s\000\040\000a\000n\000d\000\040\000P\000r\000o\000f\000i\000l\000i\000n\000g}{section.9}% 35
\BOOKMARK [2][-]{subsection.9.4}{\376\377\0009\000.\0004\000\040\000B\000e\000n\000c\000h\000m\000a\000r\000k\000i\000n\000g\000\040\000G\000P\000U\000\040\000S\000o\000f\000t\000w\000a\000r\000e}{section.9}% 36
\BOOKMARK [1][-]{section.10}{\376\377\0001\0000\000\040\000T\000h\000r\000e\000a\000t\000s\000\040\000t\000o\000\040\000V\000a\000l\000i\000d\000i\000t\000y}{}% 37
\BOOKMARK [1][-]{section.11}{\376\377\0001\0001\000\040\000C\000o\000n\000c\000l\000u\000s\000i\000o\000n}{}% 38
\BOOKMARK [1][-]{section.12}{\376\377\0001\0002\000\040\000D\000a\000t\000a\000\040\000A\000v\000a\000i\000l\000a\000b\000i\000l\000i\000t\000y\000\040\000S\000t\000a\000t\000e\000m\000e\000n\000t}{}% 39
\BOOKMARK [1][-]{section*.47}{\376\377\000R\000e\000f\000e\000r\000e\000n\000c\000e\000s}{}% 40
