This is pdfTeX, Version 3.14159265-2.6-1.40.21 (TeX Live 2020) (preloaded format=pdflatex 2026.3.27)  3 JUN 2026 22:59
entering extended mode
 restricted \write18 enabled.
 %&-line parsing enabled.
**main.tex
(./main.tex
LaTeX2e <2020-10-01> patch level 4
L3 programming layer <2021-02-18> (./acmart.cls
Document Class: acmart 2025/08/27 v2.16 Typesetting articles for the Associatio
n for Computing Machinery
(/usr/share/texlive/texmf-dist/tex/latex/xkeyval/xkeyval.sty
Package: xkeyval 2020/11/20 v2.8 package option processing (HA)

(/usr/share/texlive/texmf-dist/tex/generic/xkeyval/xkeyval.tex
(/usr/share/texlive/texmf-dist/tex/generic/xkeyval/xkvutils.tex
\XKV@toks=\toks15
\XKV@tempa@toks=\toks16

(/usr/share/texlive/texmf-dist/tex/generic/xkeyval/keyval.tex))
\XKV@depth=\count179
File: xkeyval.tex 2014/12/03 v2.7a key=value parser (HA)
))
(/usr/share/texlive/texmf-dist/tex/generic/xstring/xstring.sty
(/usr/share/texlive/texmf-dist/tex/generic/xstring/xstring.tex
\integerpart=\count180
\decimalpart=\count181
)
Package: xstring 2019/02/06 v1.83 String manipulations (CT)
)
(/usr/share/texlive/texmf-dist/tex/generic/iftex/iftex.sty
Package: iftex 2020/03/06 v1.0d TeX engine tests
)
Package acmart Info: Not using screen mode on input line 77.
Package acmart Info: Using breaking urls on hyphens on input line 85.
Package acmart Info: Requiring acmthm on input line 93.
Package acmart Info: Not using review mode on input line 102.
Package acmart Info: Not using authorversion mode on input line 110.
Package acmart Info: Not using nonacm mode on input line 122.
Package acmart Info: Explicitly selecting natbib mode on input line 138.
Package acmart Info: Not using anonymous mode on input line 146.
Package acmart Info: Not using timestamp mode on input line 154.
Package acmart Info: Not using authordraft mode on input line 164.
Package acmart Info: Using review mode on input line 179.
Package acmart Info: Using anonymous mode on input line 179.
Class acmart Info: Using format sigconf, number 4 on input line 179.
Class acmart Info: Using fontsize 9pt on input line 281.

(/usr/share/texlive/texmf-dist/tex/latex/amscls/amsart.cls
Document Class: amsart 2020/05/29 v2.20.6
\linespacing=\dimen138
\normalparindent=\dimen139
\normaltopskip=\skip47
(/usr/share/texlive/texmf-dist/tex/latex/amsmath/amsmath.sty
Package: amsmath 2020/09/23 v2.17i AMS math features
\@mathmargin=\skip48

For additional information on amsmath, use the `?' option.
(/usr/share/texlive/texmf-dist/tex/latex/amsmath/amstext.sty
Package: amstext 2000/06/29 v2.01 AMS text

(/usr/share/texlive/texmf-dist/tex/latex/amsmath/amsgen.sty
File: amsgen.sty 1999/11/30 v2.0 generic functions
\@emptytoks=\toks17
\ex@=\dimen140
))
(/usr/share/texlive/texmf-dist/tex/latex/amsmath/amsbsy.sty
Package: amsbsy 1999/11/29 v1.2d Bold Symbols
\pmbraise@=\dimen141
)
(/usr/share/texlive/texmf-dist/tex/latex/amsmath/amsopn.sty
Package: amsopn 2016/03/08 v2.02 operator names
)
\inf@bad=\count182
LaTeX Info: Redefining \frac on input line 234.
\uproot@=\count183
\leftroot@=\count184
LaTeX Info: Redefining \overline on input line 399.
\classnum@=\count185
\DOTSCASE@=\count186
LaTeX Info: Redefining \ldots on input line 496.
LaTeX Info: Redefining \dots on input line 499.
LaTeX Info: Redefining \cdots on input line 620.
\Mathstrutbox@=\box47
\strutbox@=\box48
\big@size=\dimen142
LaTeX Font Info:    Redeclaring font encoding OML on input line 743.
LaTeX Font Info:    Redeclaring font encoding OMS on input line 744.
\macc@depth=\count187
\c@MaxMatrixCols=\count188
\dotsspace@=\muskip16
\c@parentequation=\count189
\dspbrk@lvl=\count190
\tag@help=\toks18
\row@=\count191
\column@=\count192
\maxfields@=\count193
\andhelp@=\toks19
\eqnshift@=\dimen143
\alignsep@=\dimen144
\tagshift@=\dimen145
\tagwidth@=\dimen146
\totwidth@=\dimen147
\lineht@=\dimen148
\@envbody=\toks20
\multlinegap=\skip49
\multlinetaggap=\skip50
\mathdisplay@stack=\toks21
LaTeX Info: Redefining \[ on input line 2923.
LaTeX Info: Redefining \] on input line 2924.
)
LaTeX Font Info:    Trying to load font information for U+msa on input line 397
.

(/usr/share/texlive/texmf-dist/tex/latex/amsfonts/umsa.fd
File: umsa.fd 2013/01/14 v3.01 AMS symbols A
)
(/usr/share/texlive/texmf-dist/tex/latex/amsfonts/amsfonts.sty
Package: amsfonts 2013/01/14 v3.01 Basic AMSFonts support
\symAMSa=\mathgroup4
\symAMSb=\mathgroup5
LaTeX Font Info:    Redeclaring math symbol \hbar on input line 98.
LaTeX Font Info:    Overwriting math alphabet `\mathfrak' in version `bold'
(Font)                  U/euf/m/n --> U/euf/b/n on input line 106.
)
\copyins=\insert199
\abstractbox=\box49
\listisep=\skip51
\c@part=\count194
\c@section=\count195
\c@subsection=\count196
\c@subsubsection=\count197
\c@paragraph=\count198
\c@subparagraph=\count266
\c@figure=\count267
\c@table=\count268
\abovecaptionskip=\skip52
\belowcaptionskip=\skip53
\captionindent=\dimen149
\thm@style=\toks22
\thm@bodyfont=\toks23
\thm@headfont=\toks24
\thm@notefont=\toks25
\thm@headpunct=\toks26
\thm@preskip=\skip54
\thm@postskip=\skip55
\thm@headsep=\skip56
\dth@everypar=\toks27
)
(/usr/share/texlive/texmf-dist/tex/latex/microtype/microtype.sty
Package: microtype 2021/03/14 v2.8c Micro-typographical refinements (RS)
\MT@toks=\toks28
\MT@count=\count269
LaTeX Info: Redefining \textls on input line 790.
\MT@outer@kern=\dimen150
LaTeX Info: Redefining \textmicrotypecontext on input line 1374.
\MT@listname@count=\count270

(/usr/share/texlive/texmf-dist/tex/latex/microtype/microtype-pdftex.def
File: microtype-pdftex.def 2021/03/14 v2.8c Definitions specific to pdftex (RS)

LaTeX Info: Redefining \lsstyle on input line 915.
LaTeX Info: Redefining \lslig on input line 915.
\MT@outer@space=\skip57
)
Package microtype Info: Loading configuration file microtype.cfg.

(/usr/share/texlive/texmf-dist/tex/latex/microtype/microtype.cfg
File: microtype.cfg 2021/03/14 v2.8c microtype main configuration file (RS)
))
(/usr/share/texlive/texmf-dist/tex/latex/etoolbox/etoolbox.sty
Package: etoolbox 2020/10/05 v2.5k e-TeX tools for LaTeX (JAW)
\etb@tempcnta=\count271
)
(/usr/share/texlive/texmf-dist/tex/latex/booktabs/booktabs.sty
Package: booktabs 2020/01/12 v1.61803398 Publication quality tables
\heavyrulewidth=\dimen151
\lightrulewidth=\dimen152
\cmidrulewidth=\dimen153
\belowrulesep=\dimen154
\belowbottomsep=\dimen155
\aboverulesep=\dimen156
\abovetopsep=\dimen157
\cmidrulesep=\dimen158
\cmidrulekern=\dimen159
\defaultaddspace=\dimen160
\@cmidla=\count272
\@cmidlb=\count273
\@aboverulesep=\dimen161
\@belowrulesep=\dimen162
\@thisruleclass=\count274
\@lastruleclass=\count275
\@thisrulewidth=\dimen163
)
(/usr/share/texlive/texmf-dist/tex/latex/refcount/refcount.sty
Package: refcount 2019/12/15 v3.6 Data extraction from label references (HO)

(/usr/share/texlive/texmf-dist/tex/generic/ltxcmds/ltxcmds.sty
Package: ltxcmds 2020-05-10 v1.25 LaTeX kernel commands for general use (HO)
)
(/usr/share/texlive/texmf-dist/tex/generic/infwarerr/infwarerr.sty
Package: infwarerr 2019/12/03 v1.5 Providing info/warning/error messages (HO)
))
(/home/lxt230026/texmf/tex/latex/totpages/totpages.sty
Package: totpages 2005/09/19 v2.00 Totpages Package (muewi)

(/usr/share/texlive/texmf-dist/tex/latex/base/everyshi-ltx.sty
Package: everyshi-ltx 2020/08/17 v1.0a Emulation of the original everyshi packa
ge
with kernel methods
))
(/usr/share/texlive/texmf-dist/tex/latex/environ/environ.sty
Package: environ 2014/05/04 v0.3 A new way to define environments

(/usr/share/texlive/texmf-dist/tex/latex/trimspaces/trimspaces.sty
Package: trimspaces 2009/09/17 v1.1 Trim spaces around a token list
))
\@ACM@acmcp@delta=\dimen164

(/usr/share/texlive/texmf-dist/tex/latex/natbib/natbib.sty
Package: natbib 2010/09/13 8.31b (PWD, AO)
\bibhang=\skip58
\bibsep=\skip59
LaTeX Info: Redefining \cite on input line 694.
\c@NAT@ctr=\count276
)
(/usr/share/texlive/texmf-dist/tex/latex/hyperref/hyperref.sty
Package: hyperref 2021-02-27 v7.00k Hypertext links for LaTeX

(/usr/share/texlive/texmf-dist/tex/generic/pdftexcmds/pdftexcmds.sty
Package: pdftexcmds 2020-06-27 v0.33 Utility functions of pdfTeX for LuaTeX (HO
)
Package pdftexcmds Info: \pdf@primitive is available.
Package pdftexcmds Info: \pdf@ifprimitive is available.
Package pdftexcmds Info: \pdfdraftmode found.
)
(/usr/share/texlive/texmf-dist/tex/generic/kvsetkeys/kvsetkeys.sty
Package: kvsetkeys 2019/12/15 v1.18 Key value parser (HO)
)
(/usr/share/texlive/texmf-dist/tex/generic/kvdefinekeys/kvdefinekeys.sty
Package: kvdefinekeys 2019-12-19 v1.6 Define keys (HO)
)
(/usr/share/texlive/texmf-dist/tex/generic/pdfescape/pdfescape.sty
Package: pdfescape 2019/12/09 v1.15 Implements pdfTeX's escape features (HO)
)
(/usr/share/texlive/texmf-dist/tex/latex/hycolor/hycolor.sty
Package: hycolor 2020-01-27 v1.10 Color options for hyperref/bookmark (HO)
)
(/usr/share/texlive/texmf-dist/tex/latex/letltxmacro/letltxmacro.sty
Package: letltxmacro 2019/12/03 v1.6 Let assignment for LaTeX macros (HO)
)
(/usr/share/texlive/texmf-dist/tex/latex/auxhook/auxhook.sty
Package: auxhook 2019-12-17 v1.6 Hooks for auxiliary files (HO)
)
(/usr/share/texlive/texmf-dist/tex/latex/kvoptions/kvoptions.sty
Package: kvoptions 2020-10-07 v3.14 Key value format for package options (HO)
)
\@linkdim=\dimen165
\Hy@linkcounter=\count277
\Hy@pagecounter=\count278

(/usr/share/texlive/texmf-dist/tex/latex/hyperref/pd1enc.def
File: pd1enc.def 2021-02-27 v7.00k Hyperref: PDFDocEncoding definition (HO)
Now handling font encoding PD1 ...
... no UTF-8 mapping file for font encoding PD1
)
(/usr/share/texlive/texmf-dist/tex/latex/hyperref/hyperref-langpatches.def
File: hyperref-langpatches.def 2021-02-27 v7.00k Hyperref: patches for babel la
nguages
)
(/usr/share/texlive/texmf-dist/tex/generic/intcalc/intcalc.sty
Package: intcalc 2019/12/15 v1.3 Expandable calculations with integers (HO)
)
(/usr/share/texlive/texmf-dist/tex/generic/etexcmds/etexcmds.sty
Package: etexcmds 2019/12/15 v1.7 Avoid name clashes with e-TeX commands (HO)
)
\Hy@SavedSpaceFactor=\count279

(/usr/share/texlive/texmf-dist/tex/latex/hyperref/puenc.def
File: puenc.def 2021-02-27 v7.00k Hyperref: PDF Unicode definition (HO)
Now handling font encoding PU ...
... no UTF-8 mapping file for font encoding PU
)
Package hyperref Info: Option `bookmarksnumbered' set `true' on input line 4073
.
Package hyperref Info: Option `unicode' set `true' on input line 4073.
Package hyperref Info: Hyper figures OFF on input line 4192.
Package hyperref Info: Link nesting OFF on input line 4197.
Package hyperref Info: Hyper index ON on input line 4200.
Package hyperref Info: Plain pages OFF on input line 4207.
Package hyperref Info: Backreferencing OFF on input line 4212.
Package hyperref Info: Implicit mode ON; LaTeX internals redefined.
Package hyperref Info: Bookmarks ON on input line 4445.
\c@Hy@tempcnt=\count280

(/usr/share/texlive/texmf-dist/tex/latex/url/url.sty
\Urlmuskip=\muskip17
Package: url 2013/09/16  ver 3.4  Verb mode for urls, etc.
)
LaTeX Info: Redefining \url on input line 4804.
\XeTeXLinkMargin=\dimen166

(/usr/share/texlive/texmf-dist/tex/generic/bitset/bitset.sty
Package: bitset 2019/12/09 v1.3 Handle bit-vector datatype (HO)

(/usr/share/texlive/texmf-dist/tex/generic/bigintcalc/bigintcalc.sty
Package: bigintcalc 2019/12/15 v1.5 Expandable calculations on big integers (HO
)
))
\Fld@menulength=\count281
\Field@Width=\dimen167
\Fld@charsize=\dimen168
Package hyperref Info: Hyper figures OFF on input line 6075.
Package hyperref Info: Link nesting OFF on input line 6080.
Package hyperref Info: Hyper index ON on input line 6083.
Package hyperref Info: backreferencing OFF on input line 6090.
Package hyperref Info: Link coloring OFF on input line 6095.
Package hyperref Info: Link coloring with OCG OFF on input line 6100.
Package hyperref Info: PDF/A mode OFF on input line 6105.
LaTeX Info: Redefining \ref on input line 6145.
LaTeX Info: Redefining \pageref on input line 6149.

(/usr/share/texlive/texmf-dist/tex/latex/base/atbegshi-ltx.sty
Package: atbegshi-ltx 2020/08/17 v1.0a Emulation of the original atbegshi packa
ge
with kernel methods
)
\Hy@abspage=\count282
\c@Item=\count283
\c@Hfootnote=\count284
)
Package hyperref Info: Driver (autodetected): hpdftex.

(/usr/share/texlive/texmf-dist/tex/latex/hyperref/hpdftex.def
File: hpdftex.def 2021-02-27 v7.00k Hyperref driver for pdfTeX

(/usr/share/texlive/texmf-dist/tex/latex/base/atveryend-ltx.sty
Package: atveryend-ltx 2020/08/19 v1.0a Emulation of the original atvery packag
e
with kernel methods
)
\Fld@listcount=\count285
\c@bookmark@seq@number=\count286

(/usr/share/texlive/texmf-dist/tex/latex/rerunfilecheck/rerunfilecheck.sty
Package: rerunfilecheck 2019/12/05 v1.9 Rerun checks for auxiliary files (HO)

(/usr/share/texlive/texmf-dist/tex/generic/uniquecounter/uniquecounter.sty
Package: uniquecounter 2019/12/15 v1.4 Provide unlimited unique counter (HO)
)
Package uniquecounter Info: New unique counter `rerunfilecheck' on input line 2
86.
)
\Hy@SectionHShift=\skip60
)
(/home/lxt230026/texmf/tex/latex/hyperxmp/hyperxmp.sty
Package: hyperxmp 2024/03/17 v5.13 Store hyperref metadata in XMP format

! Undefined control sequence.
l.26 \IfDocumentMetadataTF
                          {%
The control sequence at the end of the top line
of your error message was never \def'ed. If you have
misspelled it (e.g., `\hobx'), type `I' and the correct
spelling (e.g., `I\hbox'). Otherwise just continue,
and I'll forget about whatever was undefined.


Package hyperxmp Warning: Disabling hyperxmp because it is incompatible with PD
F management on input line 29.

! Undefined control sequence.
l.31 \IfDocumentMetadataTF
                          {\endinput}{}
The control sequence at the end of the top line
of your error message was never \def'ed. If you have
misspelled it (e.g., `\hobx'), type `I' and the correct
spelling (e.g., `I\hbox'). Otherwise just continue,
and I'll forget about whatever was undefined.

) (/usr/share/texlive/texmf-dist/tex/latex/graphics/graphicx.sty
Package: graphicx 2020/09/09 v1.2b Enhanced LaTeX Graphics (DPC,SPQR)

(/usr/share/texlive/texmf-dist/tex/latex/graphics/graphics.sty
Package: graphics 2020/08/30 v1.4c Standard LaTeX Graphics (DPC,SPQR)

(/usr/share/texlive/texmf-dist/tex/latex/graphics/trig.sty
Package: trig 2016/01/03 v1.10 sin cos tan (DPC)
)
(/usr/share/texlive/texmf-dist/tex/latex/graphics-cfg/graphics.cfg
File: graphics.cfg 2016/06/04 v1.11 sample graphics configuration
)
Package graphics Info: Driver file: pdftex.def on input line 105.

(/usr/share/texlive/texmf-dist/tex/latex/graphics-def/pdftex.def
File: pdftex.def 2020/10/05 v1.2a Graphics/color driver for pdftex
))
\Gin@req@height=\dimen169
\Gin@req@width=\dimen170
)
(/usr/share/texlive/texmf-dist/tex/latex/xcolor/xcolor.sty
Package: xcolor 2016/05/11 v2.12 LaTeX color extensions (UK)

(/usr/share/texlive/texmf-dist/tex/latex/graphics-cfg/color.cfg
File: color.cfg 2016/01/02 v1.6 sample color configuration
)
Package xcolor Info: Driver file: pdftex.def on input line 225.
Package xcolor Info: Model `cmy' substituted by `cmy0' on input line 1348.
Package xcolor Info: Model `hsb' substituted by `rgb' on input line 1352.
Package xcolor Info: Model `RGB' extended on input line 1364.
Package xcolor Info: Model `HTML' substituted by `rgb' on input line 1366.
Package xcolor Info: Model `Hsb' substituted by `hsb' on input line 1367.
Package xcolor Info: Model `tHsb' substituted by `hsb' on input line 1368.
Package xcolor Info: Model `HSB' substituted by `hsb' on input line 1369.
Package xcolor Info: Model `Gray' substituted by `gray' on input line 1370.
Package xcolor Info: Model `wave' substituted by `hsb' on input line 1371.
)
(/usr/share/texlive/texmf-dist/tex/latex/geometry/geometry.sty
Package: geometry 2020/01/02 v5.9 Page Geometry

(/usr/share/texlive/texmf-dist/tex/generic/iftex/ifvtex.sty
Package: ifvtex 2019/10/25 v1.7 ifvtex legacy package. Use iftex instead.
)
\Gm@cnth=\count287
\Gm@cntv=\count288
\c@Gm@tempcnt=\count289
\Gm@bindingoffset=\dimen171
\Gm@wd@mp=\dimen172
\Gm@odd@mp=\dimen173
\Gm@even@mp=\dimen174
\Gm@layoutwidth=\dimen175
\Gm@layoutheight=\dimen176
\Gm@layouthoffset=\dimen177
\Gm@layoutvoffset=\dimen178
\Gm@dimlist=\toks29
)
(/usr/share/texlive/texmf-dist/tex/latex/ncctools/manyfoot.sty
Package: manyfoot 2019/08/03 v1.11 Many Footnote Levels Package (NCC)

(/usr/share/texlive/texmf-dist/tex/latex/ncctools/nccfoots.sty
Package: nccfoots 2005/02/03 v1.2 NCC Footnotes Package (NCC)
)
\MFL@columnwidth=\dimen179
)
\footinsauthorsaddresses=\insert252
\c@footnoteauthorsaddresses=\count290
\footinscopyrightpermission=\insert251
\c@footnotecopyrightpermission=\count291

(/usr/share/texlive/texmf-dist/tex/generic/pdftex/glyphtounicode.tex)
(/usr/share/texlive/texmf-dist/tex/latex/cmap/cmap.sty
Package: cmap 2021/02/06 v1.0j CMap support: searchable PDF
)

Class acmart Warning: You do not have the libertine package installed. Please u
pgrade your TeX on input line 854.


Class acmart Warning: You do not have the inconsolata (zi4.sty) package install
ed. Please upgrade your TeX on input line 857.


Class acmart Warning: You do not have the newtxmath package installed. Please u
pgrade your TeX on input line 860.

(/usr/share/texlive/texmf-dist/tex/latex/caption/caption.sty
Package: caption 2020/10/26 v3.5g Customizing captions (AR)

(/usr/share/texlive/texmf-dist/tex/latex/caption/caption3.sty
Package: caption3 2020/10/21 v2.2e caption3 kernel (AR)
\captionmargin=\dimen180
\captionmargin@=\dimen181
\captionwidth=\dimen182
\caption@tempdima=\dimen183
\caption@indent=\dimen184
\caption@parindent=\dimen185
\caption@hangindent=\dimen186
Package caption Info: AMS or SMF document class detected.

(/usr/share/texlive/texmf-dist/tex/latex/caption/caption-ams-smf.sto
File: caption-ams-smf.sto 2020/08/22 v2.0 Adaption of the caption package to th
e AMS and SMF document classes (AR)
))
\c@caption@flags=\count292
\c@continuedfloat=\count293
Package caption Info: hyperref package is loaded.
)
(/usr/share/texlive/texmf-dist/tex/latex/float/float.sty
Package: float 2001/11/08 v1.3d Float enhancements (AL)
\c@float@type=\count294
\float@exts=\toks30
\float@box=\box50
\@float@everytoks=\toks31
\@floatcapt=\box51
)
\@float@every@sidebar=\toks32
\c@sidebar=\count295
\fulltextwidth=\dimen187
\@ACM@labelwidth=\dimen188
\listisep=\skip61
\num@authorgroups=\count296
\num@authors=\count297
\@ACM@badge@width=\skip62
\@ACM@title@width=\skip63
\@ACM@badge@skip=\skip64
Class acmart Info: Printing CCS on input line 1848.
Class acmart Info: Printing bibformat on input line 1848.
Class acmart Info: Suppressing folios on input line 1855.
Class acmart Info: Setting authorsperrow to 0 on input line 1858.

(/home/lxt230026/texmf/tex/latex/comment/comment.sty
\CommentStream=\write3

Excluding comment 'comment') Excluding comment 'CCSXML'
\c@@concepts=\count298
\mktitle@bx=\box52
\@ACM@acmcpbox=\box53
\@ACM@commabox=\box54
\author@bx=\box55
\author@bx@wd=\dimen189
\author@bx@sep=\skip65

(/usr/share/texlive/texmf-dist/tex/latex/fancyhdr/fancyhdr.sty
Package: fancyhdr 2021/01/28 v4.0.1 Extensive control of page headers and foote
rs
\f@nch@headwidth=\skip66
\f@nch@O@elh=\skip67
\f@nch@O@erh=\skip68
\f@nch@O@olh=\skip69
\f@nch@O@orh=\skip70
\f@nch@O@elf=\skip71
\f@nch@O@erf=\skip72
\f@nch@O@olf=\skip73
\f@nch@O@orf=\skip74
)
\ACM@linecount@bx=\box56
\ACM@linecount@bxht=\skip75
\ACM@linecount=\count299

Special comment 'acks')
(/usr/share/texlive/texmf-dist/tex/latex/tools/xspace.sty
Package: xspace 2014/10/28 v1.13 Space after command names (DPC,MH)
)
(/home/lxt230026/texmf/tex/latex/cleveref/cleveref.sty
Package: cleveref 2018/03/27 v0.21.4 Intelligent cross-referencing
Package cleveref Info: `hyperref' support loaded on input line 2370.
LaTeX Info: Redefining \cref on input line 2370.
LaTeX Info: Redefining \Cref on input line 2370.
LaTeX Info: Redefining \crefrange on input line 2370.
LaTeX Info: Redefining \Crefrange on input line 2370.
LaTeX Info: Redefining \cpageref on input line 2370.
LaTeX Info: Redefining \Cpageref on input line 2370.
LaTeX Info: Redefining \cpagerefrange on input line 2370.
LaTeX Info: Redefining \Cpagerefrange on input line 2370.
LaTeX Info: Redefining \labelcref on input line 2370.
LaTeX Info: Redefining \labelcpageref on input line 2370.
Package cleveref Info: `amsthm' support loaded on input line 3026.
)
(/usr/share/texlive/texmf-dist/tex/latex/listings/listings.sty
\lst@mode=\count300
\lst@gtempboxa=\box57
\lst@token=\toks33
\lst@length=\count301
\lst@currlwidth=\dimen190
\lst@column=\count302
\lst@pos=\count303
\lst@lostspace=\dimen191
\lst@width=\dimen192
\lst@newlines=\count304
\lst@lineno=\count305
\lst@maxwidth=\dimen193

(/usr/share/texlive/texmf-dist/tex/latex/listings/lstmisc.sty
File: lstmisc.sty 2020/03/24 1.8d (Carsten Heinz)
\c@lstnumber=\count306
\lst@skipnumbers=\count307
\lst@framebox=\box58
)
(/usr/share/texlive/texmf-dist/tex/latex/listings/listings.cfg
File: listings.cfg 2020/03/24 1.8d listings configuration
))
Package: listings 2020/03/24 1.8d (Carsten Heinz)

(/home/lxt230026/texmf/tex/latex/multirow/multirow.sty
Package: multirow 2024/11/12 v2.9 Span multiple rows of a table
\multirow@colwidth=\skip76
\multirow@cntb=\count308
\multirow@dima=\skip77
\bigstrutjot=\dimen194
)
Package hyperref Info: Option `pdfdisplaydoctitle' set `true' on input line 41.

\c@theorem=\count309

(/home/lxt230026/texmf/tex/latex/balance/balance.sty
Package: balance 1999/02/23 4.3 (PWD)
\oldvsize=\dimen195
)
Excluding comment 'screenonly' Include comment 'printonly'
Excluding comment 'anonsuppress' Excluding comment 'acks'
(/usr/share/texlive/texmf-dist/tex/latex/l3backend/l3backend-pdftex.def
File: l3backend-pdftex.def 2021-03-18 L3 backend support: PDF output (pdfTeX)
\l__color_backend_stack_int=\count310
\l__pdf_internal_box=\box59
)
(./main.aux)
\openout1 = `main.aux'.

LaTeX Font Info:    Checking defaults for OML/cmm/m/it on input line 41.
LaTeX Font Info:    ... okay on input line 41.
LaTeX Font Info:    Checking defaults for OMS/cmsy/m/n on input line 41.
LaTeX Font Info:    ... okay on input line 41.
LaTeX Font Info:    Checking defaults for OT1/cmr/m/n on input line 41.
LaTeX Font Info:    ... okay on input line 41.
LaTeX Font Info:    Checking defaults for T1/cmr/m/n on input line 41.
LaTeX Font Info:    ... okay on input line 41.
LaTeX Font Info:    Checking defaults for TS1/cmr/m/n on input line 41.
LaTeX Font Info:    ... okay on input line 41.
LaTeX Font Info:    Checking defaults for OMX/cmex/m/n on input line 41.
LaTeX Font Info:    ... okay on input line 41.
LaTeX Font Info:    Checking defaults for U/cmr/m/n on input line 41.
LaTeX Font Info:    ... okay on input line 41.
LaTeX Font Info:    Checking defaults for PD1/pdf/m/n on input line 41.
LaTeX Font Info:    ... okay on input line 41.
LaTeX Font Info:    Checking defaults for PU/pdf/m/n on input line 41.
LaTeX Font Info:    ... okay on input line 41.
<<ot1.cmap>>
LaTeX Font Info:    Trying to load font information for U+msa on input line 41.


(/usr/share/texlive/texmf-dist/tex/latex/amsfonts/umsa.fd
File: umsa.fd 2013/01/14 v3.01 AMS symbols A
)
LaTeX Font Info:    Trying to load font information for U+msb on input line 41.


(/usr/share/texlive/texmf-dist/tex/latex/amsfonts/umsb.fd
File: umsb.fd 2013/01/14 v3.01 AMS symbols B
)
LaTeX Info: Redefining \microtypecontext on input line 41.
Package microtype Info: Generating PDF output.
Package microtype Info: Character protrusion enabled (level 2).
Package microtype Info: Using default protrusion set `alltext'.
Package microtype Info: Automatic font expansion enabled (level 2),
(microtype)             stretch: 20, shrink: 20, step: 1, non-selected.
Package microtype Info: Using default expansion set `alltext-nott'.
LaTeX Info: Redefining \showhyphens on input line 41.
Package microtype Info: No adjustment of tracking.
Package microtype Info: No adjustment of interword spacing.
Package microtype Info: No adjustment of character kerning.

(/usr/share/texlive/texmf-dist/tex/latex/microtype/mt-cmr.cfg
File: mt-cmr.cfg 2013/05/19 v2.2 microtype config. file: Computer Modern Roman 
(RS)
)
Package hyperref Info: Link coloring OFF on input line 41.

(/usr/share/texlive/texmf-dist/tex/latex/hyperref/nameref.sty
Package: nameref 2021-04-02 v2.47 Cross-referencing by name of section

(/usr/share/texlive/texmf-dist/tex/generic/gettitlestring/gettitlestring.sty
Package: gettitlestring 2019/12/15 v1.6 Cleanup title references (HO)
)
\c@section@level=\count311
)
LaTeX Info: Redefining \ref on input line 41.
LaTeX Info: Redefining \pageref on input line 41.
LaTeX Info: Redefining \nameref on input line 41.

(./main.out) (./main.out)
\@outlinefile=\write4
\openout4 = `main.out'.


(/usr/share/texlive/texmf-dist/tex/context/base/mkii/supp-pdf.mkii
[Loading MPS to PDF converter (version 2006.09.02).]
\scratchcounter=\count312
\scratchdimen=\dimen196
\scratchbox=\box60
\nofMPsegments=\count313
\nofMParguments=\count314
\everyMPshowfont=\toks34
\MPscratchCnt=\count315
\MPscratchDim=\dimen197
\MPnumerator=\count316
\makeMPintoPDFobject=\count317
\everyMPtoPDFconversion=\toks35
) (/usr/share/texlive/texmf-dist/tex/latex/epstopdf-pkg/epstopdf-base.sty
Package: epstopdf-base 2020-01-24 v2.11 Base part for package epstopdf
Package epstopdf-base Info: Redefining graphics rule for `.eps' on input line 4
85.

(/usr/share/texlive/texmf-dist/tex/latex/latexconfig/epstopdf-sys.cfg
File: epstopdf-sys.cfg 2010/07/13 v1.3 Configuration of (r)epstopdf for TeX Liv
e
))
*geometry* driver: auto-detecting
*geometry* detected driver: pdftex
*geometry* verbose mode - [ preamble ] result:
* driver: pdftex
* paper: custom
* layout: <same size as paper>
* layoutoffset:(h,v)=(0.0pt,0.0pt)
* modes: includehead includefoot twoside heightrounded 
* h-part:(L,W,R)=(54.0pt, 506.295pt, 54.0pt)
* v-part:(T,H,B)=(57.0pt, 664.96999pt, 73.0pt)
* \paperwidth=614.295pt
* \paperheight=794.96999pt
* \textwidth=506.295pt
* \textheight=626.0pt
* \oddsidemargin=-18.26999pt
* \evensidemargin=-18.26999pt
* \topmargin=-15.26999pt
* \headheight=13.0pt
* \headsep=14.0pt
* \topskip=10.0pt
* \footskip=12.0pt
* \marginparwidth=24.0pt
* \marginparsep=11.0pt
* \columnsep=24.0pt
* \skip\footins=7.0pt plus 11.0pt
* \hoffset=0.0pt
* \voffset=0.0pt
* \mag=1000
* \@twocolumnfalse
* \@twosidetrue
* \@mparswitchtrue
* \@reversemarginfalse
* (1in=72.27pt=25.4mm, 1cm=28.453pt)

Package caption Info: Begin \AtBeginDocument code.
Package caption Info: float package is loaded.
Package caption Info: listings package is loaded.
Package caption Info: End \AtBeginDocument code.
\c@lstlisting=\count318
Package microtype Info: Loading generic protrusion settings for font family
(microtype)             `cmss' (encoding: OT1).
(microtype)             For optimal results, create family-specific settings.
(microtype)             See the microtype manual for details.
(./tex/abstract.tex
(/usr/share/texlive/texmf-dist/tex/latex/microtype/mt-msa.cfg
File: mt-msa.cfg 2006/02/04 v1.1 microtype config. file: AMS symbols (a) (RS)
)
(/usr/share/texlive/texmf-dist/tex/latex/microtype/mt-msb.cfg
File: mt-msb.cfg 2005/06/01 v1.0 microtype config. file: AMS symbols (b) (RS)
)<<ot1tt.cmap>>
Package microtype Info: Loading generic protrusion settings for font family
(microtype)             `cmtt' (encoding: OT1).
(microtype)             For optimal results, create family-specific settings.
(microtype)             See the microtype manual for details.
)
Overfull \hbox (78.98227pt too wide) in paragraph at lines 44--83
\OT1/cmtt/m/n/9 ../experiments/results/NVIDIA[]RTX[]4000[]Ada[]Generation/ncu[]
summary.csv\OT1/cmr/m/n/9 (-20) .
 []


Overfull \hbox (112.05688pt too wide) in paragraph at lines 44--83
\OT1/cmtt/m/n/9 ../experiments/results/NVIDIA[]RTX[]4000[]Ada[]Generation/winog
rad[]isolation.csv\OT1/cmr/m/n/9 (-20) .
 []

(./tex/introduction.tex [1.1{/usr/share/texlive/texmf-dist/fonts/map/pdftex/upd
map/pdftex.map}

]
Overfull \hbox (105.72446pt too wide) in paragraph at lines 63--84
\OT1/cmr/m/n/9 (-20) dence: \OT1/cmtt/m/n/9 ../experiments/results/NVIDIA[]RTX[
]4000[]Ada[]Generation/NCU[]FINDINGS.md\OT1/cmr/m/n/9 (-20) .
 []


Overfull \hbox (3.78148pt too wide) in paragraph at lines 63--84
\OT1/cmr/m/n/9 (-20) level sum-mary, but add a half-sentence: ``Specif-i-cally,
 \OT1/cmtt/m/n/9 T.serial
 []


Overfull \hbox (79.49103pt too wide) in paragraph at lines 63--84
\OT1/cmtt/m/n/9 ../experiments/results/NVIDIA[]RTX[]4000[]Ada[]Generation/ncu[]
summary.csv\OT1/cmr/m/n/9 (-20) ,
 []

[2.2]
Overfull \hbox (3.56718pt too wide) in paragraph at lines 91--92
[]\OT1/cmr/bx/n/9 (-20) Defining bound-aries: \OT1/cmr/m/n/9 (-20) Es-tab-lishe
s the cur-rent bound-
 []

) (./tex/background.tex) (./tex/methodology.tex [3.3]
Overfull \hbox (110.4494pt too wide) in paragraph at lines 29--31
\OT1/cmr/m/n/9 (-20) dence: \OT1/cmtt/m/n/9 ../experiments/results/NVIDIA[]RTX[
]4000[]Ada[]Generation/conv[]filters.csv\OT1/cmr/m/n/9 (-20) .
 []


Overfull \hbox (2.92302pt too wide) in paragraph at lines 51--52
\OT1/cmtt/m/n/9 allow[]tf32=False\OT1/cmr/m/n/9 (-20) . Nor-mal-iza-tion base-l
ines use \OT1/cmtt/m/n/9 F.layer[]norm
 []


Overfull \hbox (105.18138pt too wide) in paragraph at lines 59--61
\OT1/cmtt/m/n/9 ViperBench/benchmark.py \OT1/cmr/m/n/9 (-20) sets none of them.
 Ev-i-dence: \OT1/cmtt/m/n/9 ../ViperBench/benchmark.py\OT1/cmr/m/n/9 (-20) ,
 []


Underfull \vbox (badness 10000) has occurred while \output is active []


Overfull \hbox (3.47629pt too wide) in paragraph at lines 92--94
\OT1/cmtt/m/n/9 ViperBench/benchmark.py:41-48 \OT1/cmr/m/n/9 (-20) uses \OT1/cm
tt/m/n/9 time.perf[]counter()
 []


Overfull \hbox (58.39977pt too wide) in paragraph at lines 92--94
\OT1/cmr/m/n/9 (-20) time us-ing \OT1/cmtt/m/n/9 time.perf[]counter() \OT1/cmr/
m/n/9 (-20) brack-eted by \OT1/cmtt/m/n/9 torch.cuda.synchronize()\OT1/cmr/m/n/
9 (-20) ,
 []


Overfull \hbox (146.94772pt too wide) in paragraph at lines 102--104
\OT1/cmr/m/n/9 (-20) lected. Ev-i-dence: \OT1/cmtt/m/n/9 ../experiments/results
/NVIDIA[]RTX[]4000[]Ada[]Generation/ncu[]summary.csv\OT1/cmr/m/n/9 (-20) .
 []


Overfull \hbox (83.76558pt too wide) in paragraph at lines 102--104
\OT1/cmtt/m/n/9 warp[]stall[]long[]scoreboard\OT1/cmr/m/n/9 (-20) , \OT1/cmtt/m
/n/9 warp[]stall[]barrier\OT1/cmr/m/n/9 (-20) , and \OT1/cmtt/m/n/9 lts[][]t[]s
ector[]hit[]rate\OT1/cmr/m/n/9 (-20) .[] 
 []


Overfull \hbox (102.607pt too wide) in paragraph at lines 109--111
\OT1/cmtt/m/n/9 ../experiments/results/NVIDIA[]RTX[]4000[]Ada[]Generation/corre
ctness[]edge.csv\OT1/cmr/m/n/9 (-20) .
 []


Overfull \hbox (26.62502pt too wide) in paragraph at lines 109--111
\OT1/cmr/m/n/9 (-20) ances (\OT1/cmtt/m/n/9 fp32: 1e-5\OT1/cmr/m/n/9 (-20) , \O
T1/cmtt/m/n/9 fp16: 1e-3\OT1/cmr/m/n/9 (-20) , \OT1/cmtt/m/n/9 bf16: 1e-2\OT1/c
mr/m/n/9 (-20) ) with \OT1/cmtt/m/n/9 loose[]tol=True
 []


Overfull \hbox (2.35548pt too wide) in paragraph at lines 109--111
\OT1/cmr/m/n/9 (-20) ($\OMS/cmsy/m/n/9 ^^B\OT1/cmr/m/n/9 (-20) 2$) for re-duc-t
ions; an edge-case suite (NaN/Inf/denormal/all-
 []

[4.4]
Overfull \hbox (10.35243pt too wide) in paragraph at lines 161--162
 []\OT1/cmr/m/it/9 (-20) Software.[] \OT1/cmr/m/n/9 (-20) Our soft-ware stack c
on-sists of Py-Torch 2.8.0+cu126,
 []


Overfull \hbox (37.9802pt too wide) in paragraph at lines 161--162
\OT1/cmr/m/n/9 (-20) cuDNN bench-mark mode (\OT1/cmtt/m/n/9 torch.backends.cudn
n.benchmark=False\OT1/cmr/m/n/9 (-20) ),
 []

)
Overfull \hbox (8.07927pt too wide) in paragraph at lines 169--101
\OT1/cmtt/m/n/9 cudnn.benchmark=False \OT1/cmr/m/n/9 (-20) is set, but \OT1/cmt
t/m/n/9 ViperBench/benchmark.py
 []


Overfull \hbox (15.14069pt too wide) in paragraph at lines 169--101
\OT1/cmtt/m/n/9 ../ViperBench/benchmark.py\OT1/cmr/m/n/9 (-20) . Op-tion A: Up-
date \OT1/cmtt/m/n/9 benchmark.py
 []


Overfull \hbox (41.5651pt too wide) in paragraph at lines 169--101
\OT1/cmr/m/n/9 (-20) to set \OT1/cmtt/m/n/9 cudnn.benchmark=False\OT1/cmr/m/n/9
 (-20) , \OT1/cmtt/m/n/9 allow[]tf32=False\OT1/cmr/m/n/9 (-20) , and \OT1/cmtt/
m/n/9 channels[]last
 []

(./tex/RQ_summary.tex
Overfull \hbox (6.83978pt too wide) in paragraph at lines 20--27
[]\OT1/cmr/bx/n/9 (-20) [RE-VI-SION #4134A-W5, Ma-jor] \OT1/cmr/m/n/9 (-20) Con
-cern (\OT1/cmr/m/it/9 (-20) 4134A, 4134B,
 []


Underfull \vbox (badness 6001) has occurred while \output is active []



Class acmart Warning: \vspace should only be used to provide space above/below 
surrounding objects on input line 28.


Class acmart Warning: \vspace should only be used to provide space above/below 
surrounding objects on input line 30.

) (./tex/evaluation.tex
<figures/overview_efficiency.pdf, id=263, 246.11981pt x 196.88055pt>
File: figures/overview_efficiency.pdf Graphic file (type pdf)
<use figures/overview_efficiency.pdf>
Package pdftex.def Info: figures/overview_efficiency.pdf  used on input line 26
7.
(pdftex.def)             Requested size: 241.14749pt x 192.90857pt.
LaTeX Font Info:    Font shape `OT1/cmtt/bx/n' in size <9> not available
(Font)              Font shape `OT1/cmtt/m/n' tried instead on input line 278.


Class acmart Warning: A possible image without description on input line 280.


Overfull \hbox (48.82741pt too wide) in paragraph at lines 286--288
\OT1/cmr/m/n/9 (-20) con-cerns ap-ply to the head-line fig. []1[]. Ev-i-dence: 
\OT1/cmtt/m/n/9 figures/gen[]overview.py
 []


Class acmart Warning: \vspace should only be used to provide space above/below 
surrounding objects on input line 292.


Overfull \hbox (27.68929pt too wide) in paragraph at lines 292--297
\OT1/cmr/bx/n/9 (-20) pro-file. Tile-Lang achieves 199.7% on fused lin-ear+acti
vation
 []

LaTeX Font Info:    Trying to load font information for OMS+cmtt on input line 
330.
LaTeX Font Info:    No file OMScmtt.fd. on input line 330.

LaTeX Font Warning: Font shape `OMS/cmtt/m/n' undefined
(Font)              using `OMS/cmsy/m/n' instead
(Font)              for symbol `textbackslash' on input line 330.

[5.5]
Overfull \hbox (238.84749pt too wide) in paragraph at lines 337--339
\OT1/cmr/m/n/9 (-20) caused at this point in the pa-per. Ev-i-dence: \OT1/cmtt/
m/n/9 ../experiments/results/NVIDIA[]RTX[]4000[]Ada[]Generation/fp32[]gemm.csv\
OT1/cmr/m/n/9 (-20) .
 []


Class acmart Warning: \vspace should only be used to provide space above/below 
surrounding objects on input line 360.


Overfull \hbox (1.38919pt too wide) in paragraph at lines 362--364
\OT1/cmr/m/n/9 (-20) con-fig-u-ra-tions. In-puts fol-low the NHWC lay-out to gi
ve cuDNN
 []


Overfull \hbox (192.38997pt too wide) in paragraph at lines 369--371
\OT1/cmr/m/n/9 (-20) this ta-ble. Ev-i-dence: \OT1/cmtt/m/n/9 ../experiments/re
sults/NVIDIA[]RTX[]4000[]Ada[]Generation/conv[]filters[]small.csv\OT1/cmr/m/n/9
 (-20) ,
 []


Overfull \hbox (36.01326pt too wide) in paragraph at lines 369--371
\OT1/cmr/m/n/9 (-20) and 32$\OMS/cmtt/m/n/9 ^^B$\OT1/cmr/m/n/9 (-20) 256$\OMS/c
mtt/m/n/9 ^^B$\OT1/cmr/m/n/9 (-20) 128$\OMS/cmtt/m/n/9 ^^B$\OT1/cmr/m/n/9 (-20)
 128 shapes, sourc-ing from \OT1/cmtt/m/n/9 conv[]filters[]small.csv
 []


Overfull \hbox (205.42834pt too wide) in paragraph at lines 392--394
\OT1/cmr/m/n/9 (-20) (conv \OT1/cmtt/m/n/9 n[]spills = 0\OT1/cmr/m/n/9 (-20) ).
 Ev-i-dence: \OT1/cmtt/m/n/9 ../experiments/results/NVIDIA[]RTX[]4000[]Ada[]Gen
eration/ncu[]summary.csv\OT1/cmr/m/n/9 (-20) .
 []


Class acmart Warning: \vspace should only be used to provide space above/below 
surrounding objects on input line 402.

[6.6 <./figures/overview_efficiency.pdf>]
Overfull \hbox (79.49103pt too wide) in paragraph at lines 404--421
\OT1/cmtt/m/n/9 ../experiments/results/NVIDIA[]RTX[]4000[]Ada[]Generation/ncu[]
summary.csv\OT1/cmr/m/n/9 (-20) ,
 []


Overfull \hbox (75.10754pt too wide) in paragraph at lines 404--421
\OT1/cmr/m/n/9 (-20) latency ex-po-sure un-der \OT1/cmtt/m/n/9 T.serial \OT1/cm
r/m/n/9 (-20) re-duc-tion loops (\OT1/cmtt/m/n/9 warp[]stall[]long[]scoreboard
 []


Overfull \hbox (216.26pt too wide) in paragraph at lines 441--443
\OT1/cmr/m/n/9 (-20) locked-clock re-timing. Ev-i-dence: \OT1/cmtt/m/n/9 ../exp
eriments/results/NVIDIA[]RTX[]4000[]Ada[]Generation/significance.csv\OT1/cmr/m/
n/9 (-20) ,
 []


Class acmart Warning: \vspace should only be used to provide space above/below 
surrounding objects on input line 446.


Underfull \vbox (badness 2088) has occurred while \output is active []


Overfull \hbox (32.23312pt too wide) in paragraph at lines 463--465
\OT1/cmr/m/n/9 (-20) config block-tile grid; \TS1/cmr/m/n/9 (-20) §\OT1/cmr/m/n
/9 (-20) 7.3 adds \OT1/cmtt/m/n/9 GROUP[]SIZE[]M\OT1/cmr/m/n/9 (-20) /\OT1/cmtt
/m/n/9 num[]warps\OT1/cmr/m/n/9 (-20) /\OT1/cmtt/m/n/9 num[]stages\OT1/cmr/m/n/
9 (-20) ;
 []


Overfull \hbox (124.62424pt too wide) in paragraph at lines 463--465
\OT1/cmr/m/n/9 (-20) dence: \OT1/cmtt/m/n/9 ../experiments/results/NVIDIA[]RTX[
]4000[]Ada[]Generation/autotune[]matmul.csv\OT1/cmr/m/n/9 (-20) .
 []


Overfull \hbox (58.51213pt too wide) in paragraph at lines 463--465
\OT1/cmr/m/n/9 (-20) = the 12-config block-tile grid from \OT1/cmtt/m/n/9 Viper
Bench/tuning/configs.py:19-23\OT1/cmr/m/n/9 (-20) ;
 []


Overfull \hbox (14.43158pt too wide) in paragraph at lines 476--494
 [][] 
 []


Overfull \hbox (207.36993pt too wide) in paragraph at lines 500--502
\OT1/cmr/m/n/9 (-20) fram-ing as sec-tion []5.1[]. Ev-i-dence: \OT1/cmtt/m/n/9 
../experiments/results/NVIDIA[]RTX[]4000[]Ada[]Generation/ncu[]summary.csv\OT1/
cmr/m/n/9 (-20) .
 []


Overfull \hbox (288.18884pt too wide) in paragraph at lines 507--509
\OMS/cmtt/m/n/9 ^^X$\OT1/cmr/m/n/9 (-20) 65%/$\OMS/cmtt/m/n/9 ^^X$\OT1/cmr/m/n/
9 (-20) 30% head-line con-flates them. Ev-i-dence: \OT1/cmtt/m/n/9 ../experimen
ts/results/NVIDIA[]RTX[]4000[]Ada[]Generation/fused[]baselines.csv\OT1/cmr/m/n/
9 (-20) .
 []


Overfull \hbox (72.71457pt too wide) in paragraph at lines 507--509
\OT1/cmr/m/n/9 (-20) a-rately for ven-dor (cuBLAS/cuDNN) vs fused (\OT1/cmtt/m/
n/9 torch.compile(max-autotune)\OT1/cmr/m/n/9 (-20) )
 []


Underfull \vbox (badness 10000) has occurred while \output is active []

 [7.7])
(./tex/analysis.tex
Overfull \hbox (12.155pt too wide) in paragraph at lines 238--240
\OT1/cmr/bx/n/9 (-20) #4134A-W1+GAP-4, Ma-jor] \OT1/cmr/m/n/9 (-20) Con-cern (\
OT1/cmr/m/it/9 (-20) R1\OT1/cmr/m/n/9 (-20) ): The submitted-
 []


Overfull \hbox (283.05217pt too wide) in paragraph at lines 238--240
\OT1/cmr/m/n/9 (-20) compiler-fixable). Ev-i-dence: \OT1/cmtt/m/n/9 ../REVISION
[]TODO.md\OT1/cmr/m/n/9 (-20) , \OT1/cmtt/m/n/9 ../experiments/results/NVIDIA[]
RTX[]4000[]Ada[]Generation/NCU[]FINDINGS.md\OT1/cmr/m/n/9 (-20) .
 []


Overfull \hbox (119.19527pt too wide) in paragraph at lines 242--254
\OT1/cmr/m/n/9 (-20) Ev-i-dence: \OT1/cmtt/m/n/9 ../experiments/results/NVIDIA[
]RTX[]4000[]Ada[]Generation/ncu[]summary.csv\OT1/cmr/m/n/9 (-20) .
 []


Overfull \hbox (19.99387pt too wide) in paragraph at lines 242--254
\OT1/cmr/m/n/9 (-20) from bet-ter memory-latency hid-ing (\OT1/cmtt/m/n/9 warp[
]stall[]long[]scoreboard
 []


Overfull \hbox (119.19527pt too wide) in paragraph at lines 267--269
\OT1/cmr/m/n/9 (-20) Ev-i-dence: \OT1/cmtt/m/n/9 ../experiments/results/NVIDIA[
]RTX[]4000[]Ada[]Generation/ncu[]summary.csv\OT1/cmr/m/n/9 (-20) .
 []


Overfull \hbox (69.53238pt too wide) in paragraph at lines 285--287
\OT1/cmtt/m/n/9 ../experiments/results/NVIDIA[]RTX[]4000[]Ada[]Generation/fp32[
]gemm.csv\OT1/cmr/m/n/9 (-20) .
 []

[8.8]
Overfull \hbox (78.98227pt too wide) in paragraph at lines 300--302
\OT1/cmtt/m/n/9 ../experiments/results/NVIDIA[]RTX[]4000[]Ada[]Generation/NCU[]
FINDINGS.md\OT1/cmr/m/n/9 (-20) .
 []


Underfull \vbox (badness 10000) has occurred while \output is active []


Overfull \hbox (285.0642pt too wide) in paragraph at lines 339--341
\OT1/cmr/m/n/9 (-20) should cite the NCU counter con-firm-ing it. Ev-i-dence: \
OT1/cmtt/m/n/9 ../experiments/results/NVIDIA[]RTX[]4000[]Ada[]Generation/ncu[]s
ummary.csv
 []


Overfull \hbox (177.21208pt too wide) in paragraph at lines 374--376
\OT1/cmr/m/n/9 (-20) get ex-hausted be-fore con-ver-gence). Ev-i-dence: \OT1/cm
tt/m/n/9 ../AKO4ALL/results/optimized/matmul[]triton.py:10-26\OT1/cmr/m/n/9 (-2
0) ,
 []


Overfull \hbox (97.88205pt too wide) in paragraph at lines 374--376
\OT1/cmtt/m/n/9 ../experiments/results/NVIDIA[]RTX[]4000[]Ada[]Generation/autot
une[]matmul.csv\OT1/cmr/m/n/9 (-20) .
 []


Underfull \vbox (badness 2073) has occurred while \output is active []

 [9.9]
Overfull \hbox (6.75348pt too wide) in paragraph at lines 395--397
[][]\OT1/cmr/bx/n/9 (-20) [REVISION #4134A-W3+4134A-W13+GAP-2, Ma-
 []


Overfull \hbox (182.9331pt too wide) in paragraph at lines 395--397
\OT1/cmr/m/n/9 (-20) Ada-only study. Ev-i-dence: \OT1/cmtt/m/n/9 ../experiments
/results/NVIDIA[]RTX[]4000[]Ada[]Generation/ncu[]summary.csv\OT1/cmr/m/n/9 (-20
) .
 []


Overfull \hbox (288.7553pt too wide) in paragraph at lines 419--421
\OT1/cmr/m/n/9 (-20) Wino-grad iso-la-tion shows $\OMS/cmtt/m/n/9 ^^Y$\OT1/cmr/
m/n/9 (-20) 2.28%. Ev-i-dence: \OT1/cmtt/m/n/9 ../experiments/results/NVIDIA[]R
TX[]4000[]Ada[]Generation/winograd[]isolation.csv\OT1/cmr/m/n/9 (-20) .
 []


Underfull \vbox (badness 10000) has occurred while \output is active []


Underfull \hbox (badness 10000) in paragraph at lines 437--437
[]\OT1/cmr/m/n/9 (+20) RC0a: \OT1/cmtt/m/n/9 T.serial \OT1/cmr/m/n/9 (+20) in-s
tead of
 []


Underfull \hbox (badness 10000) in paragraph at lines 437--437
[]$\OT1/cmr/m/n/9 (+20) 208\OMS/cmtt/m/n/9 ^^B$ \OT1/cmr/m/n/9 (+20) (Lay-er-
 []


Underfull \hbox (badness 10000) in paragraph at lines 438--438
[]$\OT1/cmr/m/n/9 (+20) 3\OML/cmm/m/it/9 :\OT1/cmr/m/n/9 (+20) 4\OMS/cmtt/m/n/9
 ^^B$ \OT1/cmr/m/n/9 (+20) (Lay-er-
 []


Underfull \hbox (badness 10000) in paragraph at lines 440--440
[]$\OT1/cmr/m/n/9 (+20) 1\OML/cmm/m/it/9 :\OT1/cmr/m/n/9 (+20) 66\OMS/cmtt/m/n/
9 ^^B$ \OT1/cmr/m/n/9 (+20) (Mat-
 []


Overfull \hbox (1.68521pt too wide) in paragraph at lines 452--454
\OT1/cmr/m/n/9 (-20) (\OT1/cmr/m/it/9 (-20) R1\OT1/cmr/m/n/9 (-20) ): The RC0a 
row's ``Di-ag-nos-tic counter'' cell reads ``Thread
 []


Overfull \hbox (1.51091pt too wide) in paragraph at lines 452--454
\OT1/cmtt/m/n/9 warp[]stall[]long[]scoreboard \OT1/cmr/m/n/9 (-20) (mem-ory la-
tency, $\OMS/cmtt/m/n/9 ^^Y$\OT1/cmr/m/n/9 (-20) 105 cy-cles),
 []


Overfull \hbox (241.87352pt too wide) in paragraph at lines 452--454
\OT1/cmr/m/n/9 (-20) with \OT1/cmtt/m/n/9 warp[]stall[]barrier $\OMS/cmtt/m/n/9
 ^^Y$ \OT1/cmr/m/n/9 (-20) 0. Ev-i-dence: \OT1/cmtt/m/n/9 ../experiments/result
s/NVIDIA[]RTX[]4000[]Ada[]Generation/ncu[]summary.csv\OT1/cmr/m/n/9 (-20) ,
 []


Overfull \hbox (1.96678pt too wide) in paragraph at lines 452--454
\OT1/cmtt/m/n/9 NCU[]FINDINGS.md\OT1/cmr/m/n/9 (-20) . Fix: Re-place the RC0a `
`Di-ag-nos-tic counter''
 []


Overfull \hbox (150.71799pt too wide) in paragraph at lines 459--461
\OT1/cmr/m/n/9 (-20) pancy). Ev-i-dence: \OT1/cmtt/m/n/9 ../experiments/results
/NVIDIA[]RTX[]4000[]Ada[]Generation/ncu[]summary.csv\OT1/cmr/m/n/9 (-20) .
 []

)
Overfull \hbox (12.43587pt too wide) in paragraph at lines 466--117
[][]\OT1/cmr/bx/n/9 (-20) [REVISION #4134A-W3, Ma-jor] \OT1/cmr/m/n/9 (-20) Con
-cern (\OT1/cmr/m/it/9 (-20) R1\OT1/cmr/m/n/9 (-20) ): Counter
 []


Overfull \hbox (161.1204pt too wide) in paragraph at lines 466--117
\OT1/cmr/m/n/9 (-20) ev-ery row. Ev-i-dence: \OT1/cmtt/m/n/9 ../experiments/res
ults/NVIDIA[]RTX[]4000[]Ada[]Generation/ncu[]summary.csv\OT1/cmr/m/n/9 (-20) .
 []

(./tex/mitigation.tex
Overfull \hbox (5.31186pt too wide) in paragraph at lines 32--34
\OT1/cmr/m/it/9 (-20) prim-i-tive yields a $\OT1/cmr/m/n/9 (-20) 208\OMS/cmtt/m
/n/9 ^^B$ \OT1/cmr/m/it/9 (-20) la-tency re-duc-tion (1090 ms $\OMS/cmtt/m/n/9 
!$ \OT1/cmr/m/it/9 (-20) 5.24 ms);
 []


Overfull \hbox (7.35214pt too wide) in paragraph at lines 32--34
\OT1/cmtt/m/n/9 ../AKO4ALL/results/optimized/layer[]norm[]iterations.md\OT1/cmr
/m/n/9 (-20) .
 []

[10.10]
Overfull \hbox (7.02888pt too wide) in paragraph at lines 68--80
 [][] 
 []

[11.11]
Overfull \hbox (234.0288pt too wide) in paragraph at lines 101--113
\OT1/cmr/m/n/9 (-20) deterministic delta). Ev-i-dence: \OT1/cmtt/m/n/9 ../exper
iments/results/NVIDIA[]RTX[]4000[]Ada[]Generation/winograd[]isolation.csv\OT1/c
mr/m/n/9 (-20) ,
 []


Overfull \hbox (153.29106pt too wide) in paragraph at lines 135--143
\OT1/cmr/m/n/9 (-20) clocks. Ev-i-dence: \OT1/cmtt/m/n/9 ../experiments/results
/NVIDIA[]RTX[]4000[]Ada[]Generation/significance.csv\OT1/cmr/m/n/9 (-20) .
 []


Overfull \hbox (228.94554pt too wide) in paragraph at lines 135--143
\OT1/cmr/m/n/9 (-20) the conv fam-ily. Ev-i-dence: \OT1/cmtt/m/n/9 ../experimen
ts/results/NVIDIA[]RTX[]4000[]Ada[]Generation/conv[]mitigation[]small.csv\OT1/c
mr/m/n/9 (-20) ,
 []


Underfull \vbox (badness 1158) has occurred while \output is active []


Overfull \hbox (17.64641pt too wide) in paragraph at lines 149--172
[]\OT1/cmr/bx/n/9 (-20) Square mat-mul (Tri-ton, FP16). \OT1/cmr/m/n/9 (-20) Ad
ding \OT1/cmtt/m/n/9 @triton.autotune
 []


Overfull \hbox (97.88205pt too wide) in paragraph at lines 149--172
\OT1/cmtt/m/n/9 ../experiments/results/NVIDIA[]RTX[]4000[]Ada[]Generation/autot
une[]matmul.csv\OT1/cmr/m/n/9 (-20) .
 []


Overfull \hbox (2.16992pt too wide) in paragraph at lines 149--172
\OT1/cmr/m/n/9 (-20) shape. Ev-i-dence: \OT1/cmtt/m/n/9 ../ViperBench/tuning/co
nfigs.py:19-23\OT1/cmr/m/n/9 (-20) ,
 []


Overfull \hbox (17.53273pt too wide) in paragraph at lines 149--172
\OT1/cmtt/m/n/9 ../AKO4ALL/results/optimized/matmul[]triton.py:10-26\OT1/cmr/m/
n/9 (-20) . Fix:
 []


Overfull \hbox (112.05688pt too wide) in paragraph at lines 183--193
\OT1/cmtt/m/n/9 ../experiments/results/NVIDIA[]RTX[]4000[]Ada[]Generation/winog
rad[]isolation.csv\OT1/cmr/m/n/9 (-20) .
 []


Overfull \hbox (5.81496pt too wide) in paragraph at lines 183--193
\OT1/cmr/m/n/9 (-20) (RC4); the re-main-ing $\OMS/cmtt/m/n/9 ^^Y$\OT1/cmr/m/n/9
 (-20) 17--18% re-flects gen-eral cuDNN implicit-
 []


Underfull \vbox (badness 3049) has occurred while \output is active []

 [12.12]
Overfull \hbox (300.32402pt too wide) in paragraph at lines 224--226
\OT1/cmr/m/n/9 (-20) not dis-cussed for the 5 ker-nels in ta-ble []8[]. Ev-i-de
nce: \OT1/cmtt/m/n/9 ../experiments/results/NVIDIA[]RTX[]4000[]Ada[]Generation/
correctness[]edge.csv\OT1/cmr/m/n/9 (-20) .
 []

)
Overfull \hbox (6.0056pt too wide) in paragraph at lines 227--122
\OT1/cmtt/m/n/9 winograd[]isolation.csv \OT1/cmr/m/n/9 (-20) mea-sures only $\O
MS/cmtt/m/n/9 ^^Y$\OT1/cmr/m/n/9 (-20) 2.28% deterministic-
 []


Overfull \hbox (213.87256pt too wide) in paragraph at lines 227--122
\OT1/cmr/m/n/9 (-20) re-main-ing cost. Ev-i-dence: \OT1/cmtt/m/n/9 ../experimen
ts/results/NVIDIA[]RTX[]4000[]Ada[]Generation/winograd[]isolation.csv\OT1/cmr/m
/n/9 (-20) .
 []

(./tex/discussion.tex
Underfull \vbox (badness 10000) has occurred while \output is active []

 [13.13])
(./tex/related_work.tex
Underfull \vbox (badness 10000) has occurred while \output is active []


Overfull \hbox (237.01195pt too wide) in paragraph at lines 49--61
\OT1/cmr/m/n/9 (-20) arith-metic re-duc-tion. Ev-i-dence: \OT1/cmtt/m/n/9 ../ex
periments/results/NVIDIA[]RTX[]4000[]Ada[]Generation/winograd[]isolation.csv\OT
1/cmr/m/n/9 (-20) .
 []

[14.14]) (./tex/threats.tex
Overfull \hbox (85.03021pt too wide) in paragraph at lines 48--56
\OT1/cmtt/m/n/9 ../experiments/results/NVIDIA[]RTX[]4000[]Ada[]Generation/signi
ficance.csv\OT1/cmr/m/n/9 (-20) .
 []


Underfull \vbox (badness 10000) has occurred while \output is active []


Overfull \hbox (91.8341pt too wide) in paragraph at lines 57--72
\OT1/cmtt/m/n/9 ../experiments/results/NVIDIA[]RTX[]4000[]Ada[]Generation/conv[
]filters[]*.csv\OT1/cmr/m/n/9 (-20) .
 []


Overfull \hbox (1.41687pt too wide) in paragraph at lines 57--72
\OT1/cmr/m/n/9 (-20) ``Cross-architecture re-play on A100 and H100 is planned f
or the
 []


Overfull \hbox (24.43721pt too wide) in paragraph at lines 57--72
\OT1/cmr/m/n/9 (-20) the per-GPU re-sult names-pace \OT1/cmtt/m/n/9 experiments
/results/<gpu[]slug>/
 []

) (./tex/conclusion.tex
Underfull \vbox (badness 10000) has occurred while \output is active []

 [15.15])
Excluding 'acks' comment. (./main.bbl
LaTeX Info: Redefining \tempurl on input line 110.

Underfull \hbox (badness 3514) in paragraph at lines 105--113
\OT1/cmr/m/n/7 (+20) 2014.  cuDNN: Ef-fi-cient Prim-i-tives for Deep Learn-ing.

 []

LaTeX Info: Redefining \tempurl on input line 126.
LaTeX Info: Redefining \tempurl on input line 139.
LaTeX Info: Redefining \tempurl on input line 159.
LaTeX Info: Redefining \tempurl on input line 192.
LaTeX Info: Redefining \tempurl on input line 251.

Underfull \vbox (badness 10000) has occurred while \output is active []

 [16.16]
LaTeX Font Info:    Trying to load font information for OMS+cmr on input line 4
10.

(/usr/share/texlive/texmf-dist/tex/latex/base/omscmr.fd
File: omscmr.fd 2019/12/16 v2.5j Standard LaTeX font definitions
)
LaTeX Font Info:    Font shape `OMS/cmr/m/n' in size <7> not available
(Font)              Font shape `OMS/cmsy/m/n' tried instead on input line 410.
LaTeX Info: Redefining \tempurl on input line 415.
LaTeX Info: Redefining \tempurl on input line 449.

! Misplaced alignment tab character &.
<argument> ...Green Computing and Communications &
                                                   Int'l Conference on Cyber...
l.461   Cyber, Physical and Social Computing}}
                                              . \bibinfo{pages}{344--350}.
I can't figure out why you would want to use a tab mark
here. If you just want an ampersand, the remedy is
simple: Just type `I\&' now. But if some right brace
up above has ended a previous alignment prematurely,
you're probably due for more error messages, and you
might try typing `S' now just to see what is salvageable.

LaTeX Info: Redefining \tempurl on input line 480.
LaTeX Info: Redefining \tempurl on input line 529.
)

Class acmart Warning: Some images may lack descriptions.
(acmart)              ACM is committed to complying with the upcoming US ADA ht
tps://accessiblyapp.com/accessibility-compliance/ada/ and European Accessibilit
y Act (EAA) https://accessiblyapp.com/accessibility-compliance/eaa/ regulations
 by actively working to ensure our publications and application services are ac
cessible to individuals with disabilities, adhering to the WCAG guidelines to p
rovide a seamless experience for all users, and regularly reviewing our accessi
bility practices to maintain compliance with evolving standards. 
(acmart)              To this end, we strongly encourage our authors to provide
 alternative text and captions for images and multimedia content. It is also im
portant to optimize color contrast for the visually impaired. Taking these impo
rtant steps when creating your papers will ensure that the widest possible audi
ence can ingest your work..


Class acmart Warning: CCS concepts are mandatory for papers over two pages.


Package balance Warning: You have called \balance in second column
(balance)                Columns might not be balanced.

[17.17] (./main.aux)

LaTeX Font Warning: Some font shapes were not available, defaults substituted.


LaTeX Warning: Label(s) may have changed. Rerun to get cross-references right.

Package rerunfilecheck Info: File `main.out' has not changed.
(rerunfilecheck)             Checksum: A504CFFCECE6531F5222C81F8C0448E7;6073.
 ) 
Here is how much of TeX's memory you used:
 18972 strings out of 481008
 298932 string characters out of 5909439
 724359 words of memory out of 5000000
 35123 multiletter control sequences out of 15000+600000
 429852 words of font info for 272 fonts, out of 8000000 for 9000
 175 hyphenation exceptions out of 8191
 96i,17n,131p,1480b,739s stack positions out of 5000i,500n,10000p,200000b,80000s
{/usr/share/texlive/texmf-dist/fonts/enc/dvips/cm-super/cm-super-ts1.enc}</us
r/share/texlive/texmf-dist/fonts/type1/public/amsfonts/cm/cmbx10.pfb></usr/shar
e/texlive/texmf-dist/fonts/type1/public/amsfonts/cm/cmbx6.pfb></usr/share/texli
ve/texmf-dist/fonts/type1/public/amsfonts/cm/cmbx8.pfb></usr/share/texlive/texm
f-dist/fonts/type1/public/amsfonts/cm/cmbx9.pfb></usr/share/texlive/texmf-dist/
fonts/type1/public/amsfonts/cm/cmitt10.pfb></usr/share/texlive/texmf-dist/fonts
/type1/public/amsfonts/cm/cmmi6.pfb></usr/share/texlive/texmf-dist/fonts/type1/
public/amsfonts/cm/cmmi8.pfb></usr/share/texlive/texmf-dist/fonts/type1/public/
amsfonts/cm/cmmi9.pfb></usr/share/texlive/texmf-dist/fonts/type1/public/amsfont
s/cm/cmr12.pfb></usr/share/texlive/texmf-dist/fonts/type1/public/amsfonts/cm/cm
r5.pfb></usr/share/texlive/texmf-dist/fonts/type1/public/amsfonts/cm/cmr6.pfb><
/usr/share/texlive/texmf-dist/fonts/type1/public/amsfonts/cm/cmr7.pfb></usr/sha
re/texlive/texmf-dist/fonts/type1/public/amsfonts/cm/cmr8.pfb></usr/share/texli
ve/texmf-dist/fonts/type1/public/amsfonts/cm/cmr9.pfb></usr/share/texlive/texmf
-dist/fonts/type1/public/amsfonts/cm/cmss8.pfb></usr/share/texlive/texmf-dist/f
onts/type1/public/amsfonts/cm/cmssbx10.pfb></usr/share/texlive/texmf-dist/fonts
/type1/public/amsfonts/cm/cmsy5.pfb></usr/share/texlive/texmf-dist/fonts/type1/
public/amsfonts/cm/cmsy6.pfb></usr/share/texlive/texmf-dist/fonts/type1/public/
amsfonts/cm/cmsy7.pfb></usr/share/texlive/texmf-dist/fonts/type1/public/amsfont
s/cm/cmsy9.pfb></usr/share/texlive/texmf-dist/fonts/type1/public/amsfonts/cm/cm
ti7.pfb></usr/share/texlive/texmf-dist/fonts/type1/public/amsfonts/cm/cmti8.pfb
></usr/share/texlive/texmf-dist/fonts/type1/public/amsfonts/cm/cmti9.pfb></usr/
share/texlive/texmf-dist/fonts/type1/public/amsfonts/cm/cmtt8.pfb></usr/share/t
exlive/texmf-dist/fonts/type1/public/amsfonts/cm/cmtt9.pfb></usr/share/texlive/
texmf-dist/fonts/type1/public/cm-super/sfrm0700.pfb></usr/share/texlive/texmf-d
ist/fonts/type1/public/cm-super/sfrm0900.pfb>
Output written on main.pdf (17 pages, 491830 bytes).
PDF statistics:
 637 PDF objects out of 1000 (max. 8388607)
 560 compressed objects within 6 object streams
 121 named destinations out of 1000 (max. 500000)
 52014 words of extra memory for PDF output out of 61914 (max. 10000000)

