######################################################################
#  ASE-2026 #4134 rebuttal suite -- run_all.sh
#  2026-06-26T19:53:25Z   CUDA_VISIBLE_DEVICES=0
#  results -> /home/ubuntu/DSLPerfGap/experiments/results/NVIDIA_A100-SXM4-40GB
######################################################################
========================================================================
  Experiment: run_all
  GPU: NVIDIA A100-SXM4-40GB  (sm_80, 108 SMs, 39.49 GB, L2=40.0 MB)
  torch 2.8.0+cu126 / cuda 12.6 / driver 580.105.08
========================================================================

##### PHASE 1 -- CORRECTNESS (timing-insensitive) #####################

======================================================================
[run_all] >>> exp_fp32_gemm.py  
======================================================================
========================================================================
  Experiment: exp_fp32_gemm  (FP32 GEMM TF32-truncation root-cause; W1/W11/R1-Q1)
  GPU: NVIDIA A100-SXM4-40GB  (sm_80, 108 SMs, 39.49 GB, L2=40.0 MB)
  torch 2.8.0+cu126 / cuda 12.6 / driver 580.105.08
========================================================================
  [FULL]  shape M,K,N = 4096,2048,1024  (the reported failing shape)

  [CONTROL] cuBLAS-TF32 vs fp32-ref: max_abs=0.07261  max_rel=827.1  pct_mismatch=18.14%  worst-rel @ idx (1393, 73) (ref_mag=3.802e-05)
            => an INDEPENDENT TF32 GEMM (cuBLAS) shows the same near-zero rel-err signature; this is the format, not a DSL bug.

  --- Arm A: TileLang T.gemm  dtype=float32, accum=float ---
2026-06-26 19:53:29  [TileLang:tilelang.jit.kernel:INFO]: TileLang begins to compile kernel `single_gemm` with `out_idx=[-1]`
2026-06-26 19:53:49  [TileLang:tilelang.jit.kernel:INFO]: TileLang completes to compile kernel `single_gemm`
    vs fp32-ref : max_abs=0.1852  max_rel=633.1  pct_mismatch=31.81%  passes_fp32(1e-5)=False
    worst rel-err @ idx (1393, 73): ref_mag=3.802e-05  abs_err_there=0.02407
    vs TF32-ref : max_abs=0.2091  allclose@(atol=0.1,rtol=0.01)=True
    error-class : Arm-A max_abs vs fp32 = 0.1852  ~  cuBLAS-TF32 max_abs vs fp32 = 0.07261  (same TF32 class=True)

  --- Arm B: TileLang manual fp32 MAC (no T.gemm) ---
2026-06-26 19:53:50  [TileLang:tilelang.jit.kernel:INFO]: TileLang begins to compile kernel `manual_gemm` with `out_idx=[-1]`
2026-06-26 19:53:59  [TileLang:tilelang.jit.kernel:INFO]: TileLang completes to compile kernel `manual_gemm`
    vs fp32-ref : max_abs=0  max_rel=0  pct_mismatch=0.000%
    mean_abs/mean|ref| = 0 (fp32-ULP class <1e-5: True); strict(1e-5)=True accum(1e-4)=True
    Arm A max_abs=0.1852 vs Arm B max_abs=0 => Arm B ~185195922852x more accurate

  --- Arm C: Arm-A output vs TF32 reference (decisive diagnostic) ---
    Arm-A err vs fp32   : max_abs=0.1852
    cuBLAS-TF32 err vs fp32: max_abs=0.07261  (Arm A in same TF32 error class=True)
    Arm-A vs TF32 ref absolute allclose(atol=0.1): True
    => Arm A behaves like a TF32 GEMM (matches the TF32 error budget) and fails the fp32 bar: TF32 truncation confirmed = True

  --- Arm D: scan installed tilelang for a user-space TF32 disable knob ---
    has user-space tf32 knob: False
    detail: PassConfigKey precision/tf32 entries: NONE | T.gemm params: ['A', 'B', 'C', 'transpose_A', 'transpose_B', 'policy', 'clear_accum', 'k_pack', 'wg_wait']; precision/tf32 params: ['clear_accum'] | tilelang python-api files mentioning a tf32 *knob*: NONE | float32 MMA atom hardcoded in CUDA templates: ['src/tl_templates/cuda/gemm_mma.h:SM80_16x8x8_F32TF32TF32F32_TN']

  --- Magnitude / error-pattern signature check ---
    mean |ref| = 36.1;  mean |Arm A - fp32| = 0.028 (small vs output scale=True)
    worst-rel-err output magnitude = 3.802e-05 (near-zero, i.e. < 5% of mean=True)
    abs err at that worst-rel element = 0.02407 (vs global max_abs=0.1852)
    => matches TF32 signature (huge REL err at near-zero output via cancellation, small MEAN abs err elsewhere): True
  -> wrote 5 rows to /home/ubuntu/DSLPerfGap/experiments/results/NVIDIA_A100-SXM4-40GB/fp32_gemm.csv

========================================================================
ROOT-CAUSE VERDICT: NOT A BUG — TileLang's T.gemm lowers dtype=float32 to the TF32 tensor-core MMA path (SM80 F32TF32TF32F32, 10-bit mantissa); Arm A fails the fp32 reference (31.8% mismatch, max_rel=633.1) with an error the SAME magnitude class as cuBLAS's own TF32 path (Arm A max_abs=0.1852 vs cuBLAS-TF32 0.07261), the worst rel err sits at a near-zero output via cancellation (TF32 signature, not a layout bug), the non-T.gemm manual MAC (Arm B) is true-fp32 class, and NO user-space knob disables TF32 in T.gemm (Arm D).
========================================================================
[run_all] OK   exp_fp32_gemm.py  (33s)

======================================================================
[run_all] >>> exp_correctness_edge.py  
======================================================================
========================================================================
  Experiment: exp_correctness_edge  (edge-case behaviour + mitigation revalidation; R3/W11)
  GPU: NVIDIA A100-SXM4-40GB  (sm_80, 108 SMs, 39.49 GB, L2=40.0 MB)
  torch 2.8.0+cu126 / cuda 12.6 / driver 580.105.08
========================================================================
  [FULL]  edge shape M,N = 1024,2048

------------------------------------------------------------------------
  PART (a): edge-case inputs  (DSL vs PyTorch; NaN/Inf divergences documented)
------------------------------------------------------------------------

  == matmul  (DSL=tilelang, dtype=float16) ==
2026-06-26 19:54:02  [TileLang:tilelang.jit.kernel:INFO]: TileLang begins to compile kernel `func` with `out_idx=None`
2026-06-26 19:54:25  [TileLang:tilelang.jit.kernel:INFO]: TileLang completes to compile kernel `func`
    [PASS] normal          MATCH            ref(nan=False,inf=False) dsl(nan=False,inf=False) nan_match=True inf_match=True finite_max_abs=0
    [ok  ] nan             PROPAGATES_SAME  ref(nan=True,inf=False) dsl(nan=True,inf=False) nan_match=True inf_match=True finite_max_abs=0
    [ok  ] posinf          PROPAGATES_SAME  ref(nan=False,inf=True) dsl(nan=False,inf=True) nan_match=True inf_match=True finite_max_abs=0
    [ok  ] neginf          PROPAGATES_SAME  ref(nan=False,inf=True) dsl(nan=False,inf=True) nan_match=True inf_match=True finite_max_abs=0
    [PASS] large_mag       MATCH            ref(nan=False,inf=True) dsl(nan=False,inf=True) nan_match=True inf_match=True finite_max_abs=0
    [PASS] denormal        MATCH            ref(nan=False,inf=False) dsl(nan=False,inf=False) nan_match=True inf_match=True finite_max_abs=0
    [PASS] all_equal_rows  MATCH            ref(nan=False,inf=False) dsl(nan=False,inf=False) nan_match=True inf_match=True finite_max_abs=0

  == add  (DSL=tilelang, dtype=float16) ==
2026-06-26 19:54:25  [TileLang:tilelang.jit.kernel:INFO]: TileLang begins to compile kernel `func` with `out_idx=None`
2026-06-26 19:54:34  [TileLang:tilelang.jit.kernel:INFO]: TileLang completes to compile kernel `func`
    [PASS] normal          MATCH            ref(nan=False,inf=False) dsl(nan=False,inf=False) nan_match=True inf_match=True finite_max_abs=0
    [ok  ] nan             PROPAGATES_SAME  ref(nan=True,inf=False) dsl(nan=True,inf=False) nan_match=True inf_match=True finite_max_abs=0
    [ok  ] posinf          PROPAGATES_SAME  ref(nan=False,inf=True) dsl(nan=False,inf=True) nan_match=True inf_match=True finite_max_abs=0
    [ok  ] neginf          PROPAGATES_SAME  ref(nan=False,inf=True) dsl(nan=False,inf=True) nan_match=True inf_match=True finite_max_abs=0
    [PASS] large_mag       MATCH            ref(nan=False,inf=False) dsl(nan=False,inf=False) nan_match=True inf_match=True finite_max_abs=0
    [PASS] denormal        MATCH            ref(nan=False,inf=False) dsl(nan=False,inf=False) nan_match=True inf_match=True finite_max_abs=0
    [PASS] all_equal_rows  MATCH            ref(nan=False,inf=False) dsl(nan=False,inf=False) nan_match=True inf_match=True finite_max_abs=0

  == softmax  (DSL=tilelang, dtype=float32) ==
2026-06-26 19:54:34  [TileLang:tilelang.jit.kernel:INFO]: TileLang begins to compile kernel `func` with `out_idx=None`
2026-06-26 19:54:53  [TileLang:tilelang.jit.kernel:INFO]: TileLang completes to compile kernel `func`
    [PASS] normal          MATCH            ref(nan=False,inf=False) dsl(nan=False,inf=False) nan_match=True inf_match=True finite_max_abs=5.59e-09
    [ok  ] nan             PROPAGATES_SAME  ref(nan=True,inf=False) dsl(nan=True,inf=False) nan_match=True inf_match=True finite_max_abs=5.59e-09
    [ok  ] posinf          PROPAGATES_SAME  ref(nan=True,inf=False) dsl(nan=True,inf=False) nan_match=True inf_match=True finite_max_abs=3.73e-09
    [ok  ] neginf          PROPAGATES_SAME  ref(nan=False,inf=False) dsl(nan=False,inf=False) nan_match=True inf_match=True finite_max_abs=3.73e-09
    [PASS] large_mag       MATCH            ref(nan=False,inf=False) dsl(nan=False,inf=False) nan_match=True inf_match=True finite_max_abs=7.45e-09
    [PASS] denormal        MATCH            ref(nan=False,inf=False) dsl(nan=False,inf=False) nan_match=True inf_match=True finite_max_abs=0
    [PASS] all_equal_rows  MATCH            ref(nan=False,inf=False) dsl(nan=False,inf=False) nan_match=True inf_match=True finite_max_abs=0

  == layer_norm  (DSL=tilelang, dtype=float32) ==
2026-06-26 19:54:53  [TileLang:tilelang.jit.kernel:INFO]: TileLang begins to compile kernel `func` with `out_idx=None`
2026-06-26 20:02:36  [TileLang:tilelang.jit.kernel:INFO]: TileLang completes to compile kernel `func`
    [PASS] normal          MATCH            ref(nan=False,inf=False) dsl(nan=False,inf=False) nan_match=True inf_match=True finite_max_abs=3.81e-06
    [ok  ] nan             PROPAGATES_SAME  ref(nan=True,inf=False) dsl(nan=True,inf=False) nan_match=True inf_match=True finite_max_abs=4.29e-06
    [ok  ] posinf          PROPAGATES_SAME  ref(nan=True,inf=False) dsl(nan=True,inf=False) nan_match=True inf_match=True finite_max_abs=3.81e-06
    [ok  ] neginf          PROPAGATES_SAME  ref(nan=True,inf=False) dsl(nan=True,inf=False) nan_match=True inf_match=True finite_max_abs=4.29e-06
    [PASS] large_mag       MATCH            ref(nan=False,inf=False) dsl(nan=False,inf=False) nan_match=True inf_match=True finite_max_abs=5.25e-06
    [PASS] denormal        MATCH            ref(nan=False,inf=False) dsl(nan=False,inf=False) nan_match=True inf_match=True finite_max_abs=0
    [PASS] all_equal_rows  MATCH            ref(nan=False,inf=False) dsl(nan=False,inf=False) nan_match=True inf_match=True finite_max_abs=0

------------------------------------------------------------------------
  PART (b): mitigation-kernel revalidation  (AKO4ALL optimized vs PyTorch ref)
------------------------------------------------------------------------
2026-06-26 20:02:36  [TileLang:tilelang.jit.kernel:INFO]: TileLang begins to compile kernel `func` with `out_idx=[-1]`
2026-06-26 20:02:45  [TileLang:tilelang.jit.kernel:INFO]: TileLang completes to compile kernel `func`
  [PASS] layer_norm_tilelang    REVALIDATED  max_abs_err=0.0625  tol={'atol': 0.02, 'rtol': 0.02}
2026-06-26 20:02:45  [TileLang:tilelang.jit.kernel:INFO]: TileLang begins to compile kernel `func` with `out_idx=None`
2026-06-26 20:02:54  [TileLang:tilelang.jit.kernel:INFO]: TileLang completes to compile kernel `func`
  [PASS] rms_norm_tilelang      REVALIDATED  max_abs_err=0.00781  tol={'atol': 0.002, 'rtol': 0.002}
2026-06-26 20:02:54  [TileLang:tilelang.jit.kernel:INFO]: TileLang begins to compile kernel `func` with `out_idx=None`
2026-06-26 20:03:03  [TileLang:tilelang.jit.kernel:INFO]: TileLang completes to compile kernel `func`
  [PASS] argmax_tilelang        REVALIDATED  index_match=100.00%
  [PASS] matmul_triton          REVALIDATED  max_abs_err=0  tol={'atol': 0.2, 'rtol': 0.01}
  [PASS] conv2d_triton          REVALIDATED  max_abs_err=0.0312  tol={'atol': 0.002, 'rtol': 0.002}
  -> wrote 33 rows to /home/ubuntu/DSLPerfGap/experiments/results/NVIDIA_A100-SXM4-40GB/correctness_edge.csv

========================================================================
  EDGE: 28 cases across 4 kernels; 0 crashed, 0 numeric-diff on finite inputs.
        (NaN/Inf propagation divergences are EXPECTED and documented, not failures.)
  MITIGATION: 5/5 kernels REVALIDATED against PyTorch; 0 with issues.
        revalidated: layer_norm_tilelang, rms_norm_tilelang, argmax_tilelang, matmul_triton, conv2d_triton
========================================================================
[run_all] OK   exp_correctness_edge.py  (549s)

##### PHASE 2 -- TIMING (serialized on pinned GPU 0) #####

======================================================================
[run_all] >>> exp_conv_filters.py  
======================================================================
========================================================================
  Experiment: Conv filter-size coverage sweep (W6 / RC3 / R1-Q2 / R2-Q2)
  GPU: NVIDIA A100-SXM4-40GB  (sm_80, 108 SMs, 39.49 GB, L2=40.0 MB)
  torch 2.8.0+cu126 / cuda 12.6 / driver 580.105.08
========================================================================
  Shape preset: small = (N=8, C=64, H=56, W=56)  dtype=float16
  Timing: warmup=15, reps=50   Correctness tol: atol=0.05, rtol=0.05
  Note: 'small' is Ada-safe (<20 GB). On A100/H100 (80 GB) use --shape large for the paper Table-2 case.


[1x1_s1] 8x64x56x56 -> out 8x64x56x56  groups=1  (est im2col ~0.01 GB, free ~39.1 GB)
  pytorch (cuDNN): median 0.0512 ms  (mean 0.0527 +/- 0.0046)
  triton  RC3: n_regs=128 n_spills=0 num_warps=4
  triton  : median 0.1157 ms  (mean 0.1186 +/- 0.0071)  E_lib=44.25%  correct=True maxerr=0.00e+00
2026-06-26 20:03:11  [TileLang:tilelang.jit.kernel:INFO]: TileLang begins to compile kernel `func` with `out_idx=None`
2026-06-26 20:03:30  [TileLang:tilelang.jit.kernel:INFO]: TileLang completes to compile kernel `func`
  tilelang: median 0.9216 ms  (mean 0.9223 +/- 0.0105)  E_lib=5.56%  correct=True maxerr=1.56e-02

[3x3_s1] 8x64x56x56 -> out 8x64x56x56  groups=1  (est im2col ~0.05 GB, free ~39.0 GB)
  pytorch (cuDNN): median 0.0614 ms  (mean 0.0626 +/- 0.0044)
  triton  RC3: n_regs=207 n_spills=0 num_warps=4
  triton  : median 0.1290 ms  (mean 0.1315 +/- 0.0067)  E_lib=47.62%  correct=True maxerr=6.25e-02
2026-06-26 20:03:30  [TileLang:tilelang.jit.kernel:INFO]: TileLang begins to compile kernel `func` with `out_idx=None`
2026-06-26 20:03:49  [TileLang:tilelang.jit.kernel:INFO]: TileLang completes to compile kernel `func`
  tilelang: median 0.9359 ms  (mean 0.9378 +/- 0.0105)  E_lib=6.56%  correct=True maxerr=3.13e-02

[5x5_s1] 8x64x56x56 -> out 8x64x56x56  groups=1  (est im2col ~0.15 GB, free ~39.0 GB)
  pytorch (cuDNN): median 0.0840 ms  (mean 0.0853 +/- 0.0036)
  triton  RC3: n_regs=207 n_spills=0 num_warps=4
  triton  : median 0.2478 ms  (mean 0.2506 +/- 0.0075)  E_lib=33.88%  correct=True maxerr=1.25e-01
2026-06-26 20:03:50  [TileLang:tilelang.jit.kernel:INFO]: TileLang begins to compile kernel `func` with `out_idx=None`
2026-06-26 20:04:08  [TileLang:tilelang.jit.kernel:INFO]: TileLang completes to compile kernel `func`
  tilelang: median 1.0271 ms  (mean 1.0276 +/- 0.0030)  E_lib=8.18%  correct=True maxerr=6.26e-02

[7x7_s1] 8x64x56x56 -> out 8x64x56x56  groups=1  (est im2col ~0.29 GB, free ~39.0 GB)
  pytorch (cuDNN): median 0.1137 ms  (mean 0.1139 +/- 0.0017)
  triton  RC3: n_regs=207 n_spills=0 num_warps=4
  triton  : median 0.4823 ms  (mean 0.4834 +/- 0.0068)  E_lib=23.57%  correct=True maxerr=1.25e-01
2026-06-26 20:04:09  [TileLang:tilelang.jit.kernel:INFO]: TileLang begins to compile kernel `func` with `out_idx=None`
2026-06-26 20:04:27  [TileLang:tilelang.jit.kernel:INFO]: TileLang completes to compile kernel `func`
  tilelang: median 1.8698 ms  (mean 1.8701 +/- 0.0039)  E_lib=6.08%  correct=True maxerr=1.15e-01

[dw_3x3_s1] 8x64x56x56 -> out 8x64x56x56  groups=64  (est im2col ~0.05 GB, free ~39.0 GB)
  pytorch (cuDNN): median 0.0410 ms  (mean 0.0428 +/- 0.0048)
  triton  RC3: n_regs=208 n_spills=0 num_warps=4
  triton  : median 0.7455 ms  (mean 0.7466 +/- 0.0047)  E_lib=5.49%  correct=True maxerr=7.81e-03
2026-06-26 20:04:29  [TileLang:tilelang.jit.kernel:INFO]: TileLang begins to compile kernel `func` with `out_idx=None`
2026-06-26 20:04:47  [TileLang:tilelang.jit.kernel:INFO]: TileLang completes to compile kernel `func`
  tilelang: median 83.7519 ms  (mean 83.4165 +/- 0.7720)  E_lib=0.05%  correct=True maxerr=7.68e-03

[3x3_s2] 8x64x56x56 -> out 8x64x28x28  groups=1  (est im2col ~0.01 GB, free ~39.0 GB)
  pytorch (cuDNN): median 0.0604 ms  (mean 0.0617 +/- 0.0053)
  triton  RC3: n_regs=207 n_spills=0 num_warps=4
  triton  : median 0.1208 ms  (mean 0.1237 +/- 0.0074)  E_lib=50.0%  correct=True maxerr=3.12e-02
2026-06-26 20:04:53  [TileLang:tilelang.jit.kernel:INFO]: TileLang begins to compile kernel `func` with `out_idx=None`
2026-06-26 20:05:12  [TileLang:tilelang.jit.kernel:INFO]: TileLang completes to compile kernel `func`
  tilelang: median 1.1827 ms  (mean 1.1852 +/- 0.0083)  E_lib=5.11%  correct=True maxerr=3.12e-02

================================================================================================
  CONV FILTER SWEEP SUMMARY  (E_lib = t_pytorch / t_DSL * 100;  >100% = DSL faster)
================================================================================================
  filter  s   grp |  pytorch ms |  triton ms      E%  regs spill |  tilelang ms      E% | corr
  --------------------------------------------------------------------------------------------
  1x1     1     1 |      0.0512 |     0.1157   44.25   128     0 |       0.9216    5.56 | T=ok L=ok
  3x3     1     1 |      0.0614 |     0.1290   47.62   207     0 |       0.9359    6.56 | T=ok L=ok
  5x5     1     1 |      0.0840 |     0.2478   33.88   207     0 |       1.0271    8.18 | T=ok L=ok
  7x7     1     1 |      0.1137 |     0.4823   23.57   207     0 |       1.8698    6.08 | T=ok L=ok
  3x3     1    64 |      0.0410 |     0.7455    5.49   208     0 |      83.7519    0.05 | T=ok L=ok
  3x3     2     1 |      0.0604 |     0.1208    50.0   207     0 |       1.1827    5.11 | T=ok L=ok
================================================================================================

  RC3 (register pressure vs filter size, Triton dense stride-1 conv):
    1x1  : n_regs=128  n_spills=0 no-spill
    3x3  : n_regs=207  n_spills=0 no-spill
    5x5  : n_regs=207  n_spills=0 no-spill
    7x7  : n_regs=207  n_spills=0 no-spill
    (n_regs is expected to rise with k^2; first n_spills>0 substantiates RC3 on this GPU)
  -> wrote 18 rows to /home/ubuntu/DSLPerfGap/experiments/results/NVIDIA_A100-SXM4-40GB/conv_filters_small.csv

Done: 18 (config x impl) timings recorded across 6 configs.
[run_all] OK   exp_conv_filters.py  (124s)

======================================================================
[run_all] >>> exp_conv_filters.py --mitigation  
======================================================================
========================================================================
  Experiment: Conv filter-size coverage sweep (W6 / RC3 / R1-Q2 / R2-Q2)
  GPU: NVIDIA A100-SXM4-40GB  (sm_80, 108 SMs, 39.49 GB, L2=40.0 MB)
  torch 2.8.0+cu126 / cuda 12.6 / driver 580.105.08
========================================================================
  Shape preset: small = (N=8, C=64, H=56, W=56)  dtype=float16
  Timing: warmup=15, reps=50   Correctness tol: atol=0.05, rtol=0.05
  Note: 'small' is Ada-safe (<20 GB). On A100/H100 (80 GB) use --shape large for the paper Table-2 case.

  + mitigation arm: AKO4ALL optimized conv2d_triton -- tests whether the
    RQ3 conv recovery generalizes across filters (R1:68); groups==1 only.


[1x1_s1] 8x64x56x56 -> out 8x64x56x56  groups=1  (est im2col ~0.01 GB, free ~39.1 GB)
  pytorch (cuDNN): median 0.0491 ms  (mean 0.0512 +/- 0.0048)
  triton  RC3: n_regs=128 n_spills=0 num_warps=4
  triton  : median 0.1167 ms  (mean 0.1197 +/- 0.0070)  E_lib=42.1%  correct=True maxerr=0.00e+00
  tilelang: median 0.9093 ms  (mean 0.9110 +/- 0.0093)  E_lib=5.41%  correct=True maxerr=1.55e-02
  mitigation: median 0.1812 ms  (mean 0.1846 +/- 0.0110)  E_lib=27.12%  correct=True maxerr=0.00e+00

[3x3_s1] 8x64x56x56 -> out 8x64x56x56  groups=1  (est im2col ~0.05 GB, free ~39.0 GB)
  pytorch (cuDNN): median 0.0614 ms  (mean 0.0657 +/- 0.0090)
  triton  RC3: n_regs=207 n_spills=0 num_warps=4
  triton  : median 0.1270 ms  (mean 0.1301 +/- 0.0064)  E_lib=48.39%  correct=True maxerr=6.25e-02
  tilelang: median 0.9247 ms  (mean 0.9239 +/- 0.0072)  E_lib=6.64%  correct=True maxerr=3.13e-02
  mitigation: median 0.2499 ms  (mean 0.2525 +/- 0.0075)  E_lib=24.59%  correct=True maxerr=6.25e-02

[5x5_s1] 8x64x56x56 -> out 8x64x56x56  groups=1  (est im2col ~0.15 GB, free ~39.0 GB)
  pytorch (cuDNN): median 0.0829 ms  (mean 0.0849 +/- 0.0050)
  triton  RC3: n_regs=207 n_spills=0 num_warps=4
  triton  : median 0.2488 ms  (mean 0.2502 +/- 0.0058)  E_lib=33.33%  correct=True maxerr=6.25e-02
  tilelang: median 1.0332 ms  (mean 1.0392 +/- 0.0400)  E_lib=8.03%  correct=True maxerr=6.24e-02
  mitigation: median 0.3553 ms  (mean 0.3580 +/- 0.0080)  E_lib=23.34%  correct=True maxerr=6.25e-02

[7x7_s1] 8x64x56x56 -> out 8x64x56x56  groups=1  (est im2col ~0.29 GB, free ~39.0 GB)
  pytorch (cuDNN): median 0.1147 ms  (mean 0.1150 +/- 0.0028)
  triton  RC3: n_regs=207 n_spills=0 num_warps=4
  triton  : median 0.4833 ms  (mean 0.4847 +/- 0.0054)  E_lib=23.73%  correct=True maxerr=1.25e-01
  tilelang: median 1.8739 ms  (mean 1.8747 +/- 0.0033)  E_lib=6.12%  correct=True maxerr=9.73e-02
  mitigation: median 0.5161 ms  (mean 0.5195 +/- 0.0077)  E_lib=22.22%  correct=True maxerr=1.25e-01

[dw_3x3_s1] 8x64x56x56 -> out 8x64x56x56  groups=64  (est im2col ~0.05 GB, free ~39.0 GB)
  pytorch (cuDNN): median 0.0420 ms  (mean 0.0432 +/- 0.0048)
  triton  RC3: n_regs=208 n_spills=0 num_warps=4
  triton  : median 0.7455 ms  (mean 0.7467 +/- 0.0047)  E_lib=5.63%  correct=True maxerr=7.81e-03
  tilelang: median 82.1248 ms  (mean 82.6456 +/- 2.8715)  E_lib=0.05%  correct=True maxerr=7.75e-03
  mitigation: SKIP (depthwise unsupported, groups==1 only)

[3x3_s2] 8x64x56x56 -> out 8x64x28x28  groups=1  (est im2col ~0.01 GB, free ~39.0 GB)
  pytorch (cuDNN): median 0.0584 ms  (mean 0.0606 +/- 0.0057)
  triton  RC3: n_regs=207 n_spills=0 num_warps=4
  triton  : median 0.1208 ms  (mean 0.1226 +/- 0.0053)  E_lib=48.31%  correct=True maxerr=6.25e-02
  tilelang: median 1.1735 ms  (mean 1.1778 +/- 0.0251)  E_lib=4.97%  correct=True maxerr=3.12e-02
  mitigation: median 0.2150 ms  (mean 0.2184 +/- 0.0089)  E_lib=27.14%  correct=True maxerr=6.25e-02

================================================================================================
  CONV FILTER SWEEP SUMMARY  (E_lib = t_pytorch / t_DSL * 100;  >100% = DSL faster)
================================================================================================
  filter  s   grp |  pytorch ms |  triton ms      E%  regs spill |  tilelang ms      E% | corr
  --------------------------------------------------------------------------------------------
  1x1     1     1 |      0.0491 |     0.1167    42.1   128     0 |       0.9093    5.41 | T=ok L=ok
  3x3     1     1 |      0.0614 |     0.1270   48.39   207     0 |       0.9247    6.64 | T=ok L=ok
  5x5     1     1 |      0.0829 |     0.2488   33.33   207     0 |       1.0332    8.03 | T=ok L=ok
  7x7     1     1 |      0.1147 |     0.4833   23.73   207     0 |       1.8739    6.12 | T=ok L=ok
  3x3     1    64 |      0.0420 |     0.7455    5.63   208     0 |      82.1248    0.05 | T=ok L=ok
  3x3     2     1 |      0.0584 |     0.1208   48.31   207     0 |       1.1735    4.97 | T=ok L=ok
================================================================================================

  RC3 (register pressure vs filter size, Triton dense stride-1 conv):
    1x1  : n_regs=128  n_spills=0 no-spill
    3x3  : n_regs=207  n_spills=0 no-spill
    5x5  : n_regs=207  n_spills=0 no-spill
    7x7  : n_regs=207  n_spills=0 no-spill
    (n_regs is expected to rise with k^2; first n_spills>0 substantiates RC3 on this GPU)

====================================================================================
  CONV MITIGATION GENERALITY  (R1:68;  E_lib = t_cuDNN / t_kernel * 100, higher=better)
====================================================================================
  filter  s  grp |  baseline triton E% |  optimized (mitig) E%
  --------------------------------------------------------------------------------
  1x1     1    1 |                42.1 |                 27.12
  3x3     1    1 |               48.39 |                 24.59
  5x5     1    1 |               33.33 |                 23.34
  7x7     1    1 |               23.73 |                 22.22
  3x3     1   64 |                5.63 |                         (optimized kernel: groups==1 only (depthwise excluded))
  3x3     2    1 |               48.31 |                 27.14
====================================================================================
  Generality holds if the optimized E% stays high as filter size grows;
  a fall-off localizes where the RQ3 recovery does/doesn't transfer.
  -> wrote 24 rows to /home/ubuntu/DSLPerfGap/experiments/results/NVIDIA_A100-SXM4-40GB/conv_mitigation_small.csv

Done: 23 (config x impl) timings recorded across 6 configs.
[run_all] OK   exp_conv_filters.py --mitigation  (69s)

======================================================================
[run_all] >>> exp_conv_filters.py --shape large  
======================================================================
========================================================================
  Experiment: Conv filter-size coverage sweep (W6 / RC3 / R1-Q2 / R2-Q2)
  GPU: NVIDIA A100-SXM4-40GB  (sm_80, 108 SMs, 39.49 GB, L2=40.0 MB)
  torch 2.8.0+cu126 / cuda 12.6 / driver 580.105.08
========================================================================
  Shape preset: large = (N=32, C=256, H=128, W=128)  dtype=float16
  Timing: warmup=15, reps=50   Correctness tol: atol=0.05, rtol=0.05


[1x1_s1] 32x256x128x128 -> out 32x256x128x128  groups=1  (est im2col ~0.50 GB, free ~39.1 GB)
  pytorch (cuDNN): median 0.5192 ms  (mean 0.5190 +/- 0.0027)
  triton  RC3: n_regs=124 n_spills=0 num_warps=4
  triton  : median 1.0957 ms  (mean 1.0974 +/- 0.0051)  E_lib=47.38%  correct=True maxerr=0.00e+00
2026-06-26 20:06:24  [TileLang:tilelang.jit.kernel:INFO]: TileLang begins to compile kernel `func` with `out_idx=None`
2026-06-26 20:06:47  [TileLang:tilelang.jit.kernel:INFO]: TileLang completes to compile kernel `func`
  tilelang: median 1.1909 ms  (mean 1.1911 +/- 0.0050)  E_lib=43.59%  correct=True maxerr=0.00e+00

[3x3_s1] 32x256x128x128 -> out 32x256x128x128  groups=1  (est im2col ~4.50 GB, free ~38.7 GB)
  pytorch (cuDNN): median 3.4652 ms  (mean 3.4602 +/- 0.0281)
  triton  RC3: n_regs=214 n_spills=0 num_warps=4
  triton  : median 11.9992 ms  (mean 12.0239 +/- 0.0493)  E_lib=28.88%  correct=True maxerr=1.25e-01
2026-06-26 20:06:48  [TileLang:tilelang.jit.kernel:INFO]: TileLang begins to compile kernel `func` with `out_idx=None`
2026-06-26 20:07:11  [TileLang:tilelang.jit.kernel:INFO]: TileLang completes to compile kernel `func`
  tilelang: median 5.8470 ms  (mean 5.8472 +/- 0.0101)  E_lib=59.26%  correct=True maxerr=1.25e-01

[5x5_s1] 32x256x128x128 -> out 32x256x128x128  groups=1  (est im2col ~12.50 GB, free ~38.7 GB)
  pytorch (cuDNN): median 7.7210 ms  (mean 7.7304 +/- 0.0246)
  triton  RC3: n_regs=212 n_spills=0 num_warps=4
  triton  : median 42.6650 ms  (mean 42.7309 +/- 0.1702)  E_lib=18.1%  correct=True maxerr=2.50e-01
2026-06-26 20:07:15  [TileLang:tilelang.jit.kernel:INFO]: TileLang begins to compile kernel `func` with `out_idx=None`
2026-06-26 20:07:38  [TileLang:tilelang.jit.kernel:INFO]: TileLang completes to compile kernel `func`
  tilelang: median 14.2152 ms  (mean 14.2235 +/- 0.0402)  E_lib=54.31%  correct=True maxerr=2.50e-01

[7x7_s1] 32x256x128x128 -> out 32x256x128x128  groups=1  (est im2col ~24.50 GB, free ~38.7 GB)
  pytorch (cuDNN): median 13.8383 ms  (mean 13.8400 +/- 0.0051)
  triton  RC3: n_regs=212 n_spills=0 num_warps=4
  triton  : median 104.4193 ms  (mean 104.3941 +/- 0.4295)  E_lib=13.25%  correct=True maxerr=5.00e-01
2026-06-26 20:07:47  [TileLang:tilelang.jit.kernel:INFO]: TileLang begins to compile kernel `func` with `out_idx=None`
2026-06-26 20:08:09  [TileLang:tilelang.jit.kernel:INFO]: TileLang completes to compile kernel `func`
  tilelang: median 28.2849 ms  (mean 28.2516 +/- 0.1501)  E_lib=48.92%  correct=True maxerr=5.00e-01

[dw_3x3_s1] 32x256x128x128 -> out 32x256x128x128  groups=256  (est im2col ~4.50 GB, free ~38.7 GB)
  pytorch (cuDNN): median 0.7711 ms  (mean 0.7713 +/- 0.0026)
  triton  RC3: n_regs=211 n_spills=0 num_warps=4
  triton  : median 48.3308 ms  (mean 48.3316 +/- 0.0100)  E_lib=1.6%  correct=True maxerr=7.81e-03
2026-06-26 20:08:15  [TileLang:tilelang.jit.kernel:INFO]: TileLang begins to compile kernel `func` with `out_idx=None`
2026-06-26 20:08:34  [TileLang:tilelang.jit.kernel:INFO]: TileLang completes to compile kernel `func`
  tilelang: median 1275.5221 ms  (mean 1277.7841 +/- 8.8417)  E_lib=0.06%  correct=True maxerr=7.80e-03

[3x3_s2] 32x256x128x128 -> out 32x256x64x64  groups=1  (est im2col ~1.12 GB, free ~38.7 GB)
  pytorch (cuDNN): median 1.2544 ms  (mean 1.2545 +/- 0.0021)
  triton  RC3: n_regs=212 n_spills=0 num_warps=4
  triton  : median 3.8410 ms  (mean 3.8410 +/- 0.0064)  E_lib=32.66%  correct=True maxerr=1.25e-01
2026-06-26 20:09:59  [TileLang:tilelang.jit.kernel:INFO]: TileLang begins to compile kernel `func` with `out_idx=None`
2026-06-26 20:10:18  [TileLang:tilelang.jit.kernel:INFO]: TileLang completes to compile kernel `func`
  tilelang: median 8.6190 ms  (mean 8.6190 +/- 0.0043)  E_lib=14.55%  correct=True maxerr=1.11e-01

================================================================================================
  CONV FILTER SWEEP SUMMARY  (E_lib = t_pytorch / t_DSL * 100;  >100% = DSL faster)
================================================================================================
  filter  s   grp |  pytorch ms |  triton ms      E%  regs spill |  tilelang ms      E% | corr
  --------------------------------------------------------------------------------------------
  1x1     1     1 |      0.5192 |     1.0957   47.38   124     0 |       1.1909   43.59 | T=ok L=ok
  3x3     1     1 |      3.4652 |    11.9992   28.88   214     0 |       5.8470   59.26 | T=ok L=ok
  5x5     1     1 |      7.7210 |    42.6650    18.1   212     0 |      14.2152   54.31 | T=ok L=ok
  7x7     1     1 |     13.8383 |   104.4193   13.25   212     0 |      28.2849   48.92 | T=ok L=ok
  3x3     1   256 |      0.7711 |    48.3308     1.6   211     0 |    1275.5221    0.06 | T=ok L=ok
  3x3     2     1 |      1.2544 |     3.8410   32.66   212     0 |       8.6190   14.55 | T=ok L=ok
================================================================================================

  RC3 (register pressure vs filter size, Triton dense stride-1 conv):
    1x1  : n_regs=124  n_spills=0 no-spill
    3x3  : n_regs=214  n_spills=0 no-spill
    5x5  : n_regs=212  n_spills=0 no-spill
    7x7  : n_regs=212  n_spills=0 no-spill
    (n_regs is expected to rise with k^2; first n_spills>0 substantiates RC3 on this GPU)
  -> wrote 18 rows to /home/ubuntu/DSLPerfGap/experiments/results/NVIDIA_A100-SXM4-40GB/conv_filters_large.csv

Done: 18 (config x impl) timings recorded across 6 configs.
[run_all] OK   exp_conv_filters.py --shape large  (238s)

======================================================================
[run_all] >>> exp_conv_filters.py --shape large --mitigation  
======================================================================
========================================================================
  Experiment: Conv filter-size coverage sweep (W6 / RC3 / R1-Q2 / R2-Q2)
  GPU: NVIDIA A100-SXM4-40GB  (sm_80, 108 SMs, 39.49 GB, L2=40.0 MB)
  torch 2.8.0+cu126 / cuda 12.6 / driver 580.105.08
========================================================================
  Shape preset: large = (N=32, C=256, H=128, W=128)  dtype=float16
  Timing: warmup=15, reps=50   Correctness tol: atol=0.05, rtol=0.05

  + mitigation arm: AKO4ALL optimized conv2d_triton -- tests whether the
    RQ3 conv recovery generalizes across filters (R1:68); groups==1 only.


[1x1_s1] 32x256x128x128 -> out 32x256x128x128  groups=1  (est im2col ~0.50 GB, free ~39.1 GB)
  pytorch (cuDNN): median 0.5192 ms  (mean 0.5191 +/- 0.0026)
  triton  RC3: n_regs=124 n_spills=0 num_warps=4
  triton  : median 1.0957 ms  (mean 1.0973 +/- 0.0056)  E_lib=47.38%  correct=True maxerr=0.00e+00
  tilelang: median 1.1889 ms  (mean 1.1902 +/- 0.0052)  E_lib=43.67%  correct=True maxerr=0.00e+00
  mitigation: median 0.6707 ms  (mean 0.6721 +/- 0.0054)  E_lib=77.4%  correct=True maxerr=0.00e+00

[3x3_s1] 32x256x128x128 -> out 32x256x128x128  groups=1  (est im2col ~4.50 GB, free ~38.7 GB)
  pytorch (cuDNN): median 3.4447 ms  (mean 3.4587 +/- 0.0192)
  triton  RC3: n_regs=214 n_spills=0 num_warps=4
  triton  : median 11.9808 ms  (mean 12.0108 +/- 0.0467)  E_lib=28.75%  correct=True maxerr=1.25e-01
  tilelang: median 5.8378 ms  (mean 5.8264 +/- 0.0255)  E_lib=59.01%  correct=True maxerr=1.25e-01
  mitigation: median 8.1244 ms  (mean 8.1268 +/- 0.0116)  E_lib=42.4%  correct=True maxerr=1.25e-01

[5x5_s1] 32x256x128x128 -> out 32x256x128x128  groups=1  (est im2col ~12.50 GB, free ~38.7 GB)
  pytorch (cuDNN): median 7.7220 ms  (mean 7.7229 +/- 0.0036)
  triton  RC3: n_regs=212 n_spills=0 num_warps=4
  triton  : median 42.6291 ms  (mean 42.6842 +/- 0.1479)  E_lib=18.11%  correct=True maxerr=2.50e-01
  tilelang: median 14.2141 ms  (mean 14.2138 +/- 0.0218)  E_lib=54.33%  correct=True maxerr=2.50e-01
  mitigation: median 20.0428 ms  (mean 20.0429 +/- 0.0053)  E_lib=38.53%  correct=True maxerr=2.50e-01

[7x7_s1] 32x256x128x128 -> out 32x256x128x128  groups=1  (est im2col ~24.50 GB, free ~38.7 GB)
  pytorch (cuDNN): median 13.8383 ms  (mean 13.8393 +/- 0.0041)
  triton  RC3: n_regs=212 n_spills=0 num_warps=4
  triton  : median 104.4685 ms  (mean 104.4481 +/- 0.4210)  E_lib=13.25%  correct=True maxerr=5.00e-01
  tilelang: median 28.1426 ms  (mean 28.1216 +/- 0.0879)  E_lib=49.17%  correct=True maxerr=5.00e-01
  mitigation: median 38.3396 ms  (mean 38.3410 +/- 0.0114)  E_lib=36.09%  correct=True maxerr=5.00e-01

[dw_3x3_s1] 32x256x128x128 -> out 32x256x128x128  groups=256  (est im2col ~4.50 GB, free ~38.7 GB)
  pytorch (cuDNN): median 0.7731 ms  (mean 0.7721 +/- 0.0030)
  triton  RC3: n_regs=211 n_spills=0 num_warps=4
  triton  : median 48.3185 ms  (mean 48.2454 +/- 0.1479)  E_lib=1.6%  correct=True maxerr=7.81e-03
  tilelang: median 1310.5807 ms  (mean 1312.6370 +/- 6.1262)  E_lib=0.06%  correct=True maxerr=7.81e-03
  mitigation: SKIP (depthwise unsupported, groups==1 only)

[3x3_s2] 32x256x128x128 -> out 32x256x64x64  groups=1  (est im2col ~1.12 GB, free ~38.7 GB)
  pytorch (cuDNN): median 1.2544 ms  (mean 1.2552 +/- 0.0023)
  triton  RC3: n_regs=212 n_spills=0 num_warps=4
  triton  : median 3.9332 ms  (mean 3.9164 +/- 0.0397)  E_lib=31.89%  correct=True maxerr=1.25e-01
  tilelang: median 8.6108 ms  (mean 8.6112 +/- 0.0042)  E_lib=14.57%  correct=True maxerr=9.24e-02
  mitigation: median 3.0495 ms  (mean 3.0489 +/- 0.0059)  E_lib=41.14%  correct=True maxerr=1.25e-01

================================================================================================
  CONV FILTER SWEEP SUMMARY  (E_lib = t_pytorch / t_DSL * 100;  >100% = DSL faster)
================================================================================================
  filter  s   grp |  pytorch ms |  triton ms      E%  regs spill |  tilelang ms      E% | corr
  --------------------------------------------------------------------------------------------
  1x1     1     1 |      0.5192 |     1.0957   47.38   124     0 |       1.1889   43.67 | T=ok L=ok
  3x3     1     1 |      3.4447 |    11.9808   28.75   214     0 |       5.8378   59.01 | T=ok L=ok
  5x5     1     1 |      7.7220 |    42.6291   18.11   212     0 |      14.2141   54.33 | T=ok L=ok
  7x7     1     1 |     13.8383 |   104.4685   13.25   212     0 |      28.1426   49.17 | T=ok L=ok
  3x3     1   256 |      0.7731 |    48.3185     1.6   211     0 |    1310.5807    0.06 | T=ok L=ok
  3x3     2     1 |      1.2544 |     3.9332   31.89   212     0 |       8.6108   14.57 | T=ok L=ok
================================================================================================

  RC3 (register pressure vs filter size, Triton dense stride-1 conv):
    1x1  : n_regs=124  n_spills=0 no-spill
    3x3  : n_regs=214  n_spills=0 no-spill
    5x5  : n_regs=212  n_spills=0 no-spill
    7x7  : n_regs=212  n_spills=0 no-spill
    (n_regs is expected to rise with k^2; first n_spills>0 substantiates RC3 on this GPU)

====================================================================================
  CONV MITIGATION GENERALITY  (R1:68;  E_lib = t_cuDNN / t_kernel * 100, higher=better)
====================================================================================
  filter  s  grp |  baseline triton E% |  optimized (mitig) E%
  --------------------------------------------------------------------------------
  1x1     1    1 |               47.38 |                  77.4
  3x3     1    1 |               28.75 |                  42.4
  5x5     1    1 |               18.11 |                 38.53
  7x7     1    1 |               13.25 |                 36.09
  3x3     1  256 |                 1.6 |                         (optimized kernel: groups==1 only (depthwise excluded))
  3x3     2    1 |               31.89 |                 41.14
====================================================================================
  Generality holds if the optimized E% stays high as filter size grows;
  a fall-off localizes where the RQ3 recovery does/doesn't transfer.
  -> wrote 24 rows to /home/ubuntu/DSLPerfGap/experiments/results/NVIDIA_A100-SXM4-40GB/conv_mitigation_large.csv

Done: 23 (config x impl) timings recorded across 6 configs.
[run_all] OK   exp_conv_filters.py --shape large --mitigation  (145s)

======================================================================
[run_all] >>> exp_fused_baselines.py  
======================================================================
/home/ubuntu/DSLPerfGap/ViperBench/log_softmax/triton_impl.py:59: UserWarning: Logical operators 'and' and 'or' are deprecated for non-scalar tensors; please use '&' or '|' instead
  mask = m_offset[:, None] < M and n_offset[None, :] < N
UserWarning: Enable tracemalloc to get the object allocation traceback
/home/ubuntu/DSLPerfGap/ViperBench/log_softmax/triton_impl.py:59: UserWarning: Logical operators 'and' and 'or' are deprecated for non-scalar tensors; please use '&' or '|' instead
  mask = m_offset[:, None] < M and n_offset[None, :] < N
UserWarning: Enable tracemalloc to get the object allocation traceback
/home/ubuntu/DSLPerfGap/ViperBench/log_softmax/triton_impl.py:59: UserWarning: Logical operators 'and' and 'or' are deprecated for non-scalar tensors; please use '&' or '|' instead
  mask = m_offset[:, None] < M and n_offset[None, :] < N
UserWarning: Enable tracemalloc to get the object allocation traceback
/home/ubuntu/DSLPerfGap/ViperBench/log_softmax/triton_impl.py:59: UserWarning: Logical operators 'and' and 'or' are deprecated for non-scalar tensors; please use '&' or '|' instead
  mask = m_offset[:, None] < M and n_offset[None, :] < N
UserWarning: Enable tracemalloc to get the object allocation traceback
/home/ubuntu/DSLPerfGap/ViperBench/log_softmax/triton_impl.py:59: UserWarning: Logical operators 'and' and 'or' are deprecated for non-scalar tensors; please use '&' or '|' instead
  mask = m_offset[:, None] < M and n_offset[None, :] < N
UserWarning: Enable tracemalloc to get the object allocation traceback
/home/ubuntu/DSLPerfGap/ViperBench/log_softmax/triton_impl.py:59: UserWarning: Logical operators 'and' and 'or' are deprecated for non-scalar tensors; please use '&' or '|' instead
  mask = m_offset[:, None] < M and n_offset[None, :] < N
UserWarning: Enable tracemalloc to get the object allocation traceback
/home/ubuntu/DSLPerfGap/ViperBench/log_softmax/triton_impl.py:59: UserWarning: Logical operators 'and' and 'or' are deprecated for non-scalar tensors; please use '&' or '|' instead
  mask = m_offset[:, None] < M and n_offset[None, :] < N
UserWarning: Enable tracemalloc to get the object allocation traceback
/home/ubuntu/DSLPerfGap/ViperBench/log_softmax/triton_impl.py:59: UserWarning: Logical operators 'and' and 'or' are deprecated for non-scalar tensors; please use '&' or '|' instead
  mask = m_offset[:, None] < M and n_offset[None, :] < N
UserWarning: Enable tracemalloc to get the object allocation traceback
/home/ubuntu/DSLPerfGap/ViperBench/log_softmax/triton_impl.py:59: UserWarning: Logical operators 'and' and 'or' are deprecated for non-scalar tensors; please use '&' or '|' instead
  mask = m_offset[:, None] < M and n_offset[None, :] < N
UserWarning: Enable tracemalloc to get the object allocation traceback
/home/ubuntu/DSLPerfGap/ViperBench/log_softmax/triton_impl.py:59: UserWarning: Logical operators 'and' and 'or' are deprecated for non-scalar tensors; please use '&' or '|' instead
  mask = m_offset[:, None] < M and n_offset[None, :] < N
UserWarning: Enable tracemalloc to get the object allocation traceback
/home/ubuntu/DSLPerfGap/ViperBench/log_softmax/triton_impl.py:59: UserWarning: Logical operators 'and' and 'or' are deprecated for non-scalar tensors; please use '&' or '|' instead
  mask = m_offset[:, None] < M and n_offset[None, :] < N
UserWarning: Enable tracemalloc to get the object allocation traceback
/home/ubuntu/DSLPerfGap/ViperBench/log_softmax/triton_impl.py:59: UserWarning: Logical operators 'and' and 'or' are deprecated for non-scalar tensors; please use '&' or '|' instead
  mask = m_offset[:, None] < M and n_offset[None, :] < N
UserWarning: Enable tracemalloc to get the object allocation traceback
/home/ubuntu/DSLPerfGap/ViperBench/log_softmax/triton_impl.py:59: UserWarning: Logical operators 'and' and 'or' are deprecated for non-scalar tensors; please use '&' or '|' instead
  mask = m_offset[:, None] < M and n_offset[None, :] < N
UserWarning: Enable tracemalloc to get the object allocation traceback
/home/ubuntu/DSLPerfGap/ViperBench/log_softmax/triton_impl.py:59: UserWarning: Logical operators 'and' and 'or' are deprecated for non-scalar tensors; please use '&' or '|' instead
  mask = m_offset[:, None] < M and n_offset[None, :] < N
UserWarning: Enable tracemalloc to get the object allocation traceback
/home/ubuntu/DSLPerfGap/ViperBench/log_softmax/triton_impl.py:59: UserWarning: Logical operators 'and' and 'or' are deprecated for non-scalar tensors; please use '&' or '|' instead
  mask = m_offset[:, None] < M and n_offset[None, :] < N
UserWarning: Enable tracemalloc to get the object allocation traceback
/home/ubuntu/DSLPerfGap/ViperBench/log_softmax/triton_impl.py:59: UserWarning: Logical operators 'and' and 'or' are deprecated for non-scalar tensors; please use '&' or '|' instead
  mask = m_offset[:, None] < M and n_offset[None, :] < N
UserWarning: Enable tracemalloc to get the object allocation traceback
/home/ubuntu/dslperf-venv/lib/python3.10/site-packages/torch/_inductor/compile_fx.py:282: UserWarning: TensorFloat32 tensor cores for float32 matrix multiplication available but not enabled. Consider setting `torch.set_float32_matmul_precision('high')` for better performance.
  warnings.warn(
E0626 20:20:15.152000 31722 torch/_inductor/select_algorithm.py:2691] [3/0] Runtime error during autotuning: 
E0626 20:20:15.152000 31722 torch/_inductor/select_algorithm.py:2691] [3/0] No valid triton configs. OutOfMemoryError: out of resource: triton_mm Required: 196608 Hardware limit:166912 Reducing block sizes or `num_stages` may help.. 
E0626 20:20:15.152000 31722 torch/_inductor/select_algorithm.py:2691] [3/0] Ignoring this choice.
E0626 20:20:15.390000 31722 torch/_inductor/select_algorithm.py:2691] [3/0] Runtime error during autotuning: 
E0626 20:20:15.390000 31722 torch/_inductor/select_algorithm.py:2691] [3/0] No valid triton configs. OutOfMemoryError: out of resource: triton_mm Required: 262144 Hardware limit:166912 Reducing block sizes or `num_stages` may help.. 
E0626 20:20:15.390000 31722 torch/_inductor/select_algorithm.py:2691] [3/0] Ignoring this choice.
E0626 20:20:15.810000 31722 torch/_inductor/select_algorithm.py:2691] [3/0] Runtime error during autotuning: 
E0626 20:20:15.810000 31722 torch/_inductor/select_algorithm.py:2691] [3/0] No valid triton configs. OutOfMemoryError: out of resource: triton_mm Required: 294912 Hardware limit:166912 Reducing block sizes or `num_stages` may help.. 
E0626 20:20:15.810000 31722 torch/_inductor/select_algorithm.py:2691] [3/0] Ignoring this choice.
E0626 20:20:16.595000 31722 torch/_inductor/select_algorithm.py:2691] [3/0] Runtime error during autotuning: 
E0626 20:20:16.595000 31722 torch/_inductor/select_algorithm.py:2691] [3/0] No valid triton configs. OutOfMemoryError: out of resource: triton_mm Required: 262144 Hardware limit:166912 Reducing block sizes or `num_stages` may help.. 
E0626 20:20:16.595000 31722 torch/_inductor/select_algorithm.py:2691] [3/0] Ignoring this choice.
AUTOTUNE mm(4096x4096, 4096x4096)
strides: [4096, 1], [4096, 1]
dtypes: torch.float32, torch.float32
  mm 8.4480 ms 100.0% 
  triton_mm_6 8.6600 ms 97.6% ACC_TYPE='tl.float32', ALLOW_TF32=False, BLOCK_K=32, BLOCK_M=64, BLOCK_N=64, EVEN_K=True, GROUP_M=8, USE_FAST_ACCUM=False, num_stages=2, num_warps=4
  triton_mm_5 8.8975 ms 94.9% ACC_TYPE='tl.float32', ALLOW_TF32=False, BLOCK_K=16, BLOCK_M=64, BLOCK_N=64, EVEN_K=True, GROUP_M=8, USE_FAST_ACCUM=False, num_stages=2, num_warps=4
  triton_mm_7 8.9682 ms 94.2% ACC_TYPE='tl.float32', ALLOW_TF32=False, BLOCK_K=64, BLOCK_M=64, BLOCK_N=64, EVEN_K=True, GROUP_M=8, USE_FAST_ACCUM=False, num_stages=3, num_warps=8
  triton_mm_9 9.1668 ms 92.2% ACC_TYPE='tl.float32', ALLOW_TF32=False, BLOCK_K=32, BLOCK_M=64, BLOCK_N=128, EVEN_K=True, GROUP_M=8, USE_FAST_ACCUM=False, num_stages=3, num_warps=4
  triton_mm_13 9.1668 ms 92.2% ACC_TYPE='tl.float32', ALLOW_TF32=False, BLOCK_K=32, BLOCK_M=128, BLOCK_N=64, EVEN_K=True, GROUP_M=8, USE_FAST_ACCUM=False, num_stages=3, num_warps=4
  triton_mm_1 9.5078 ms 88.9% ACC_TYPE='tl.float32', ALLOW_TF32=False, BLOCK_K=128, BLOCK_M=32, BLOCK_N=32, EVEN_K=True, GROUP_M=8, USE_FAST_ACCUM=False, num_stages=2, num_warps=4
  triton_mm_15 9.6072 ms 87.9% ACC_TYPE='tl.float32', ALLOW_TF32=False, BLOCK_K=32, BLOCK_M=128, BLOCK_N=128, EVEN_K=True, GROUP_M=8, USE_FAST_ACCUM=False, num_stages=2, num_warps=8
  triton_mm_2 9.6973 ms 87.1% ACC_TYPE='tl.float32', ALLOW_TF32=False, BLOCK_K=32, BLOCK_M=32, BLOCK_N=64, EVEN_K=True, GROUP_M=8, USE_FAST_ACCUM=False, num_stages=5, num_warps=8
  triton_mm_3 9.7208 ms 86.9% ACC_TYPE='tl.float32', ALLOW_TF32=False, BLOCK_K=32, BLOCK_M=64, BLOCK_N=32, EVEN_K=True, GROUP_M=8, USE_FAST_ACCUM=False, num_stages=5, num_warps=8
SingleProcess AUTOTUNE benchmarking takes 1.8752 seconds and 4.2469 seconds precompiling for 20 choices
E0626 20:21:04.305000 31722 torch/_inductor/select_algorithm.py:2691] [3/1] Runtime error during autotuning: 
E0626 20:21:04.305000 31722 torch/_inductor/select_algorithm.py:2691] [3/1] No valid triton configs. OutOfMemoryError: out of resource: triton_mm Required: 196608 Hardware limit:166912 Reducing block sizes or `num_stages` may help.. 
E0626 20:21:04.305000 31722 torch/_inductor/select_algorithm.py:2691] [3/1] Ignoring this choice.
E0626 20:21:09.808000 31722 torch/_inductor/select_algorithm.py:2691] [3/1] Runtime error during autotuning: 
E0626 20:21:09.808000 31722 torch/_inductor/select_algorithm.py:2691] [3/1] No valid triton configs. OutOfMemoryError: out of resource: triton_mm Required: 262144 Hardware limit:166912 Reducing block sizes or `num_stages` may help.. 
E0626 20:21:09.808000 31722 torch/_inductor/select_algorithm.py:2691] [3/1] Ignoring this choice.
E0626 20:21:14.284000 31722 torch/_inductor/select_algorithm.py:2691] [3/1] Runtime error during autotuning: 
E0626 20:21:14.284000 31722 torch/_inductor/select_algorithm.py:2691] [3/1] No valid triton configs. OutOfMemoryError: out of resource: triton_mm Required: 294912 Hardware limit:166912 Reducing block sizes or `num_stages` may help.. 
E0626 20:21:14.284000 31722 torch/_inductor/select_algorithm.py:2691] [3/1] Ignoring this choice.
E0626 20:21:22.744000 31722 torch/_inductor/select_algorithm.py:2691] [3/1] Runtime error during autotuning: 
E0626 20:21:22.744000 31722 torch/_inductor/select_algorithm.py:2691] [3/1] No valid triton configs. OutOfMemoryError: out of resource: triton_mm Required: 262144 Hardware limit:166912 Reducing block sizes or `num_stages` may help.. 
E0626 20:21:22.744000 31722 torch/_inductor/select_algorithm.py:2691] [3/1] Ignoring this choice.
AUTOTUNE mm(8192x8192, 8192x8192)
strides: [s52, 1], [s20, 1]
dtypes: torch.float32, torch.float32
  mm 67.2727 ms 100.0% 
  triton_mm_35 126.7210 ms 53.1% ACC_TYPE='tl.float32', ALLOW_TF32=False, BLOCK_K=32, BLOCK_M=128, BLOCK_N=128, EVEN_K=False, GROUP_M=8, USE_FAST_ACCUM=False, num_stages=3, num_warps=4
  triton_mm_32 140.2901 ms 48.0% ACC_TYPE='tl.float32', ALLOW_TF32=False, BLOCK_K=32, BLOCK_M=128, BLOCK_N=64, EVEN_K=False, GROUP_M=8, USE_FAST_ACCUM=False, num_stages=3, num_warps=4
  triton_mm_34 144.7188 ms 46.5% ACC_TYPE='tl.float32', ALLOW_TF32=False, BLOCK_K=32, BLOCK_M=128, BLOCK_N=128, EVEN_K=False, GROUP_M=8, USE_FAST_ACCUM=False, num_stages=2, num_warps=8
  triton_mm_28 171.4831 ms 39.2% ACC_TYPE='tl.float32', ALLOW_TF32=False, BLOCK_K=32, BLOCK_M=64, BLOCK_N=128, EVEN_K=False, GROUP_M=8, USE_FAST_ACCUM=False, num_stages=3, num_warps=4
  triton_mm_24 195.7745 ms 34.4% ACC_TYPE='tl.float32', ALLOW_TF32=False, BLOCK_K=16, BLOCK_M=64, BLOCK_N=64, EVEN_K=False, GROUP_M=8, USE_FAST_ACCUM=False, num_stages=2, num_warps=4
  triton_mm_33 206.7528 ms 32.5% ACC_TYPE='tl.float32', ALLOW_TF32=False, BLOCK_K=32, BLOCK_M=128, BLOCK_N=64, EVEN_K=False, GROUP_M=8, USE_FAST_ACCUM=False, num_stages=4, num_warps=8
  triton_mm_30 225.7234 ms 29.8% ACC_TYPE='tl.float32', ALLOW_TF32=False, BLOCK_K=64, BLOCK_M=64, BLOCK_N=128, EVEN_K=False, GROUP_M=8, USE_FAST_ACCUM=False, num_stages=3, num_warps=4
  triton_mm_25 229.3883 ms 29.3% ACC_TYPE='tl.float32', ALLOW_TF32=False, BLOCK_K=32, BLOCK_M=64, BLOCK_N=64, EVEN_K=False, GROUP_M=8, USE_FAST_ACCUM=False, num_stages=2, num_warps=4
  triton_mm_29 238.0360 ms 28.3% ACC_TYPE='tl.float32', ALLOW_TF32=False, BLOCK_K=32, BLOCK_M=64, BLOCK_N=128, EVEN_K=False, GROUP_M=8, USE_FAST_ACCUM=False, num_stages=4, num_warps=8
SingleProcess AUTOTUNE benchmarking takes 30.6459 seconds and 5.3734 seconds precompiling for 20 choices
========================================================================
  Experiment: Experiment 1 — split baselines (eager / fused / DSL)  (W2)
  GPU: NVIDIA A100-SXM4-40GB  (sm_80, 108 SMs, 39.49 GB, L2=40.0 MB)
  torch 2.8.0+cu126 / cuda 12.6 / driver 580.105.08
========================================================================
  torch.compile mode = max-autotune; sizes = ['small', 'large']

  rms_norm [small]  (512, 1024)/(1024,)  (float16)
      eager                  median=0.1382 ms  mean=0.1424+/-0.0080
      fused                  median=0.1638 ms  mean=0.1678+/-0.0086
      triton                 median=0.1157 ms  mean=0.1248+/-0.0161
2026-06-26 20:12:50  [TileLang:tilelang.jit.kernel:INFO]: TileLang begins to compile kernel `func` with `out_idx=None`
2026-06-26 20:13:58  [TileLang:tilelang.jit.kernel:INFO]: TileLang completes to compile kernel `func`
      tilelang               median=0.8796 ms  mean=0.8820+/-0.0062
  rms_norm [large]  (8192, 8192)/(8192,)  (float16)
      eager                  median=2.5067 ms  mean=2.5069+/-0.0019
      fused                  median=0.6502 ms  mean=0.6520+/-0.0074
      triton                 median=0.2847 ms  mean=0.3092+/-0.1536
2026-06-26 20:14:03  [TileLang:tilelang.jit.kernel:INFO]: TileLang begins to compile kernel `func` with `out_idx=None`
2026-06-26 20:17:02  [TileLang:tilelang.jit.kernel:INFO]: TileLang completes to compile kernel `func`
      tilelang               median=79.9969 ms  mean=80.0665+/-0.2251
  swiglu [small]  (512, 8192)  (float16)
      eager                  median=0.0573 ms  mean=0.0589+/-0.0047
      fused                  median=0.1618 ms  mean=0.1671+/-0.0156
      triton                 median=0.1300 ms  mean=0.1324+/-0.0073
2026-06-26 20:17:09  [TileLang:tilelang.jit.kernel:INFO]: TileLang begins to compile kernel `func` with `out_idx=None`
2026-06-26 20:17:18  [TileLang:tilelang.jit.kernel:INFO]: TileLang completes to compile kernel `func`
      tilelang               median=0.1495 ms  mean=0.1537+/-0.0082
  swiglu [large]  (4096, 32768)  (float16)
      eager                  median=1.0936 ms  mean=1.0942+/-0.0021
      fused                  median=1.0281 ms  mean=1.0303+/-0.0072
      triton                 median=0.3942 ms  mean=0.3963+/-0.0049
2026-06-26 20:17:21  [TileLang:tilelang.jit.kernel:INFO]: TileLang begins to compile kernel `func` with `out_idx=None`
2026-06-26 20:17:30  [TileLang:tilelang.jit.kernel:INFO]: TileLang completes to compile kernel `func`
      tilelang               median=1.0465 ms  mean=1.0467+/-0.0024
  softmax [small]  (512, 1024)  (float16)
      eager                  median=0.0246 ms  mean=0.0257+/-0.0034
      fused                  median=0.1761 ms  mean=0.1802+/-0.0095
      triton                 median=0.0891 ms  mean=0.0911+/-0.0064
2026-06-26 20:17:33  [TileLang:tilelang.jit.kernel:INFO]: TileLang begins to compile kernel `func` with `out_idx=None`
2026-06-26 20:17:45  [TileLang:tilelang.jit.kernel:INFO]: TileLang completes to compile kernel `func`
      tilelang               median=0.1444 ms  mean=0.1466+/-0.0062
  softmax [large]  (4096, 32768)  (float16)
      eager                  median=0.5407 ms  mean=0.5400+/-0.0020
      fused                  median=1.3189 ms  mean=1.3210+/-0.0059
      triton                 median=0.4598 ms  mean=0.4598+/-0.0050
2026-06-26 20:17:46  [TileLang:tilelang.jit.kernel:INFO]: TileLang begins to compile kernel `func` with `out_idx=None`
2026-06-26 20:18:09  [TileLang:tilelang.jit.kernel:INFO]: TileLang completes to compile kernel `func`
      tilelang               median=60.0555 ms  mean=60.0575+/-0.0167
  log_softmax [small]  (512, 1024)  (float16)
      eager                  median=0.0246 ms  mean=0.0264+/-0.0046
      fused                  median=0.1772 ms  mean=0.1816+/-0.0097
      triton                 median=0.1352 ms  mean=0.1383+/-0.0079
2026-06-26 20:18:17  [TileLang:tilelang.jit.kernel:INFO]: TileLang begins to compile kernel `func` with `out_idx=None`
2026-06-26 20:18:27  [TileLang:tilelang.jit.kernel:INFO]: TileLang completes to compile kernel `func`
      tilelang               median=0.0942 ms  mean=0.0993+/-0.0159
  log_softmax [large]  (4096, 32768)  (float16)
      eager                  median=0.4383 ms  mean=0.4385+/-0.0016
      fused                  median=1.2964 ms  mean=1.2985+/-0.0068
      triton                 median=1.0025 ms  mean=1.0030+/-0.0049
2026-06-26 20:19:08  [TileLang:tilelang.jit.kernel:INFO]: TileLang begins to compile kernel `func` with `out_idx=None`
2026-06-26 20:19:37  [TileLang:tilelang.jit.kernel:INFO]: TileLang completes to compile kernel `func`
      tilelang               median=12.2890 ms  mean=12.2942+/-0.0269
  add [small]  (4096,)/(4096,)  (float16)
      eager                  median=0.0266 ms  mean=0.0274+/-0.0035
      fused                  median=0.1649 ms  mean=0.1681+/-0.0072
      triton                 median=0.0655 ms  mean=0.0682+/-0.0056
      tilelang               median=0.1034 ms  mean=0.1095+/-0.0166
  add [large]  (67108864,)/(67108864,)  (float16)
      eager                  median=0.3072 ms  mean=0.3072+/-0.0019
      fused                  median=0.8817 ms  mean=0.8838+/-0.0064
      triton                 median=0.3420 ms  mean=0.3427+/-0.0037
2026-06-26 20:19:40  [TileLang:tilelang.jit.kernel:INFO]: TileLang begins to compile kernel `func` with `out_idx=None`
2026-06-26 20:19:49  [TileLang:tilelang.jit.kernel:INFO]: TileLang completes to compile kernel `func`
      tilelang               median=0.4127 ms  mean=0.4128+/-0.0030
  relu [small]  (4096, 4096)  (float16)
      eager                  median=0.0635 ms  mean=0.0635+/-0.0015
      fused                  median=0.2222 ms  mean=0.2249+/-0.0064
      triton                 median=0.0942 ms  mean=0.0963+/-0.0051
2026-06-26 20:19:50  [TileLang:tilelang.jit.kernel:INFO]: TileLang begins to compile kernel `func` with `out_idx=None`
2026-06-26 20:19:59  [TileLang:tilelang.jit.kernel:INFO]: TileLang completes to compile kernel `func`
      tilelang               median=0.1106 ms  mean=0.1135+/-0.0121
  relu [large]  (16384, 16384)  (float16)
      eager                  median=0.7864 ms  mean=0.7865+/-0.0037
      fused                  median=1.8207 ms  mean=1.8224+/-0.0057
      triton                 median=0.8233 ms  mean=0.8236+/-0.0030
2026-06-26 20:20:00  [TileLang:tilelang.jit.kernel:INFO]: TileLang begins to compile kernel `func` with `out_idx=None`
2026-06-26 20:20:09  [TileLang:tilelang.jit.kernel:INFO]: TileLang completes to compile kernel `func`
      tilelang               median=1.1510 ms  mean=1.1522+/-0.0039
  leaky_relu [small]  (4096, 4096)/(4096, 4096)  (float16)
      eager                  median=8.8330 ms  mean=8.8339+/-0.0032
      fused                  median=8.8975 ms  mean=8.8996+/-0.0085
      triton                 median=1.2626 ms  mean=1.2647+/-0.0065
2026-06-26 20:20:19  [TileLang:tilelang.jit.kernel:INFO]: TileLang begins to compile kernel `func` with `out_idx=None`
2026-06-26 20:20:41  [TileLang:tilelang.jit.kernel:INFO]: TileLang completes to compile kernel `func`
      tilelang               median=0.8223 ms  mean=0.8226+/-0.0050
  leaky_relu [large]  (8192, 8192)/(8192, 8192)  (float16)
      eager                  median=68.7247 ms  mean=68.7070+/-0.1066
      fused                  median=68.7401 ms  mean=68.7373+/-0.0267
      triton                 median=9.9564 ms  mean=9.9581+/-0.0067
2026-06-26 20:21:31  [TileLang:tilelang.jit.kernel:INFO]: TileLang begins to compile kernel `func` with `out_idx=None`
2026-06-26 20:21:52  [TileLang:tilelang.jit.kernel:INFO]: TileLang completes to compile kernel `func`
      tilelang               median=6.0897 ms  mean=6.0912+/-0.0076

  === cross_entropy (CONTAMINATION CHECK) ===
  cross_entropy [small]  logits=(256, 1024) fp32
      eager_contaminated     median=0.6349 ms  mean=0.6339+/-0.0088
      fused_F_cross_entropy  median=0.1761 ms  mean=0.1811+/-0.0097
      triton                 median=0.0983 ms  mean=0.1014+/-0.0074
2026-06-26 20:21:54  [TileLang:tilelang.jit.kernel:INFO]: TileLang begins to compile kernel `kernel` with `out_idx=None`
2026-06-26 20:22:03  [TileLang:tilelang.jit.kernel:INFO]: TileLang completes to compile kernel `kernel`
      tilelang               median=0.1772 ms  mean=0.1828+/-0.0160
      >> CONTAMINATION: 'library efficiency' of Triton vs the python-loop baseline = 645.86%  (nonsensical -- baseline is an interpreter loop, not vectorized PyTorch)
      >> HONEST: vs fused F.cross_entropy = 179.18%  (note: different output semantics -- per-block buffer vs scalar mean loss; reported for scale, not as a strict like-for-like ratio)
  cross_entropy [large]  logits=(4096, 32768) fp32
      eager_contaminated     median=5.5030 ms  mean=5.5043+/-0.0019
      fused_F_cross_entropy  median=1.5053 ms  mean=1.5242+/-0.0355
      triton                 median=0.4454 ms  mean=0.4461+/-0.0055
2026-06-26 20:22:09  [TileLang:tilelang.jit.kernel:INFO]: TileLang begins to compile kernel `kernel` with `out_idx=None`
2026-06-26 20:22:18  [TileLang:tilelang.jit.kernel:INFO]: TileLang completes to compile kernel `kernel`
      tilelang               median=6.1419 ms  mean=6.1436+/-0.0068
      >> CONTAMINATION: 'library efficiency' of Triton vs the python-loop baseline = 1235.4%  (nonsensical -- baseline is an interpreter loop, not vectorized PyTorch)
      >> HONEST: vs fused F.cross_entropy = 337.93%  (note: different output semantics -- per-block buffer vs scalar mean loss; reported for scale, not as a strict like-for-like ratio)
  -> wrote 64 rows to /home/ubuntu/DSLPerfGap/experiments/results/NVIDIA_A100-SXM4-40GB/fused_baselines.csv
[run_all] OK   exp_fused_baselines.py  (576s)

======================================================================
[run_all] >>> exp_winograd_isolation.py  
======================================================================
========================================================================
  Experiment: Experiment 4 — Winograd isolation in the conv gap  (RC4)
  GPU: NVIDIA A100-SXM4-40GB  (sm_80, 108 SMs, 39.49 GB, L2=40.0 MB)
  torch 2.8.0+cu126 / cuda 12.6 / driver 580.105.08
========================================================================
  conv input (N,C,H,W)=(32,256,128,128) weight C_out=256 fp16

--- (1) cuDNN deterministic A/B on 3x3 s1 (delta upper-bounds Winograd) ---
      nondeterministic(Winograd allowed)       median=3.4693 ms  mean=3.4692+/-0.0017
      deterministic(Winograd mostly OFF)       median=3.4683 ms  mean=3.4691+/-0.0049
      >> delta (det - nondet) = -0.0010 ms  (1.000x); positive => non-deterministic (Winograd-allowed) path is faster, upper-bounding Winograd's 3x3 s1 contribution.

--- (2) Winograd eligible-vs-ineligible proxy (cuDNN vs Triton vs TileLang) ---
  config 3x3_s1 (k=3, stride=1, winograd_eligible=True)
      cudnn      median=3.4693 ms  mean=3.4691+/-0.0018
      triton     median=12.1590 ms  mean=12.1615+/-0.0075
      tilelang   median=5.8388 ms  mean=5.8403+/-0.0080
      >> triton gap vs cuDNN @ 3x3_s1: 3.50x  [Winograd-eligible]
      >> tilelang gap vs cuDNN @ 3x3_s1: 1.68x  [Winograd-eligible]
  config 3x3_s2 (k=3, stride=2, winograd_eligible=False)
      cudnn      median=1.2308 ms  mean=1.2321+/-0.0047
      triton     median=3.8390 ms  mean=3.8390+/-0.0053
      tilelang   median=8.6487 ms  mean=8.6475+/-0.0040
      >> triton gap vs cuDNN @ 3x3_s2: 3.12x  [ineligible]
      >> tilelang gap vs cuDNN @ 3x3_s2: 7.03x  [ineligible]
  config 5x5_s1 (k=5, stride=1, winograd_eligible=False)
      cudnn      median=7.6114 ms  mean=7.6121+/-0.0025
      triton     median=42.7674 ms  mean=42.6561+/-0.1750
      tilelang   median=14.2346 ms  mean=14.2553+/-0.0499
      >> triton gap vs cuDNN @ 5x5_s1: 5.62x  [ineligible]
      >> tilelang gap vs cuDNN @ 5x5_s1: 1.87x  [ineligible]
  config 7x7_s1 (k=7, stride=1, winograd_eligible=False)
      cudnn      median=13.8332 ms  mean=13.8338+/-0.0035
      triton     median=105.2826 ms  mean=105.3261+/-0.3432
      tilelang   median=28.1610 ms  mean=28.1987+/-0.1339
      >> triton gap vs cuDNN @ 7x7_s1: 7.61x  [ineligible]
      >> tilelang gap vs cuDNN @ 7x7_s1: 2.04x  [ineligible]
  >> triton: gap@3x3_s1(eligible)=3.50x vs avg gap@ineligible=5.45x. Eligible gap not larger => Winograd not the dominant factor here.
  >> tilelang: gap@3x3_s1(eligible)=1.68x vs avg gap@ineligible=3.64x. Eligible gap not larger => Winograd not the dominant factor here.

--- (3) Confirm cuDNN's selected algorithm via CUDNN_LOGINFO_DBG ---
      invoking:  CUDNN_LOGINFO_DBG=1 CUDNN_LOGDEST_DBG=stdout \
                 /home/ubuntu/DSLPerfGap/experiments/exp_winograd_isolation.py --cudnn-log-worker --shape 32 256 128 128 256 --k 3 --stride 1
      cuDNN debug log captured but no 'winograd' token found. Engine/algo lines:
        i!     descriptorType: type=cudnnBackendDescriptorType_t; val=CUDNN_BACKEND_ENGINEHEUR_DESCRIPTOR (4);
        i!     descriptor: type=CUDNN_BACKEND_ENGINEHEUR_DESCRIPTOR; val=NOT_IMPLEMENTED;
        i!     attributeName: type=cudnnBackendAttributeName_t; val=CUDNN_ATTR_ENGINEHEUR_OPERATION_GRAPH (201);
        i!     descriptor: type=CUDNN_BACKEND_ENGINEHEUR_DESCRIPTOR; val=NOT_IMPLEMENTED;
        i!     attributeName: type=cudnnBackendAttributeName_t; val=CUDNN_ATTR_ENGINEHEUR_MODE (200);
  -> wrote 15 rows to /home/ubuntu/DSLPerfGap/experiments/results/NVIDIA_A100-SXM4-40GB/winograd_isolation.csv
[run_all] OK   exp_winograd_isolation.py  (23s)

======================================================================
[run_all] >>> exp_autotune_matmul.py  
======================================================================
========================================================================
  Experiment: Experiment 3 — autotuned-matmul reconciliation (W7)
  GPU: NVIDIA A100-SXM4-40GB  (sm_80, 108 SMs, 39.49 GB, L2=40.0 MB)
  torch 2.8.0+cu126 / cuda 12.6 / driver 580.105.08
========================================================================

--- shape 4096x4096 (fp16, working set ~= 0.10 GB) ---
  cublas             median=0.6093 ms  mean=0.6091+/-0.0028  225576.0 GFLOP/s
  triton_plain       median=0.8520 ms  mean=0.8528+/-0.0049  161319.0 GFLOP/s
  triton_autotune    median=0.7885 ms  mean=0.7895+/-0.0049  174308.7 GFLOP/s
2026-06-26 20:22:48  [TileLang:tilelang.jit.kernel:INFO]: TileLang begins to compile kernel `func` with `out_idx=None`
2026-06-26 20:23:10  [TileLang:tilelang.jit.kernel:INFO]: TileLang completes to compile kernel `func`
  tilelang_swizzle   median=0.8161 ms  mean=0.8164+/-0.0039  168403.3 GFLOP/s
  >> autotune vs plain @ 4096^2: 1.081x (§7.3 1.66x regime)

--- shape 16384x16384 (fp16, working set ~= 1.61 GB) ---
  cublas             median=33.4674 ms  mean=33.5446+/-0.1309  262825.8 GFLOP/s
  triton_plain       median=56.1101 ms  mean=56.1069+/-0.0529  156764.9 GFLOP/s
  triton_autotune    median=40.8852 ms  mean=40.8856+/-0.0086  215141.0 GFLOP/s
2026-06-26 20:23:24  [TileLang:tilelang.jit.kernel:INFO]: TileLang begins to compile kernel `func` with `out_idx=None`
2026-06-26 20:23:47  [TileLang:tilelang.jit.kernel:INFO]: TileLang completes to compile kernel `func`
  tilelang_swizzle   median=43.2005 ms  mean=43.1017+/-0.1571  203610.9 GFLOP/s
  >> autotune vs plain @ 16384^2: 1.372x (Delta~=0pp regime (§5))
  -> wrote 8 rows to /home/ubuntu/DSLPerfGap/experiments/results/NVIDIA_A100-SXM4-40GB/autotune_matmul.csv
[run_all] OK   exp_autotune_matmul.py  (68s)

##### PHASE 3 -- HARDWARE COUNTERS (admin-gated; run SEPARATELY) ######
[run_all] NOTE: Nsight Compute counter collection (Experiment 1) is NOT run by
          run_all.sh because it requires admin to unblock counters
          (NVreg_RestrictProfilingToAdminUsers=0 + reboot). When enabled:

              bash /home/ubuntu/DSLPerfGap/experiments/ncu_counters.sh

          It pre-checks /proc/driver/nvidia/params and exits 2 with the
          unblock instructions if counters are still restricted.

######################################################################
[run_all] SUMMARY (2026-06-26T20:23:51Z):
    OK    exp_fp32_gemm.py  (33s)
    OK    exp_correctness_edge.py  (549s)
    OK    exp_conv_filters.py  (124s)
    OK    exp_conv_filters.py --mitigation  (69s)
    OK    exp_conv_filters.py --shape large  (238s)
    OK    exp_conv_filters.py --shape large --mitigation  (145s)
    OK    exp_fused_baselines.py  (576s)
    OK    exp_winograd_isolation.py  (23s)
    OK    exp_autotune_matmul.py  (68s)
[run_all] full log: /home/ubuntu/DSLPerfGap/experiments/results/NVIDIA_A100-SXM4-40GB/run_all.log
[run_all] CSVs:     /home/ubuntu/DSLPerfGap/experiments/results/NVIDIA_A100-SXM4-40GB/*.csv
######################################################################
