######################################################################
#  ASE-2026 #4134 rebuttal suite -- run_all.sh
#  2026-05-25T23:34:12Z   CUDA_VISIBLE_DEVICES=0
#  results -> /home/lxt230026/ASE-GPUDSL-ARTIFACT/experiments/results/NVIDIA_RTX_4000_Ada_Generation
######################################################################
/home/lxt230026/.local/lib/python3.9/site-packages/torch/cuda/__init__.py:63: FutureWarning: The pynvml package is deprecated. Please install nvidia-ml-py instead. If you did not install pynvml directly, please report this to the maintainers of the package that installed pynvml for you.
  import pynvml  # type: ignore[import]
========================================================================
  Experiment: run_all
  GPU: NVIDIA RTX 4000 Ada Generation  (sm_89, 48 SMs, 19.54 GB, L2=40.0 MB)
  torch 2.8.0+cu126 / cuda 12.6 / driver 595.71.05
========================================================================

##### PHASE 1 -- CORRECTNESS (timing-insensitive) #####################

======================================================================
[run_all] >>> exp_fp32_gemm.py  
======================================================================
/home/lxt230026/.local/lib/python3.9/site-packages/torch/cuda/__init__.py:63: FutureWarning: The pynvml package is deprecated. Please install nvidia-ml-py instead. If you did not install pynvml directly, please report this to the maintainers of the package that installed pynvml for you.
  import pynvml  # type: ignore[import]
========================================================================
  Experiment: exp_fp32_gemm  (FP32 GEMM TF32-truncation root-cause; W1/W11/R1-Q1)
  GPU: NVIDIA RTX 4000 Ada Generation  (sm_89, 48 SMs, 19.54 GB, L2=40.0 MB)
  torch 2.8.0+cu126 / cuda 12.6 / driver 595.71.05
========================================================================
  [FULL]  shape M,K,N = 4096,2048,1024  (the reported failing shape)

  [CONTROL] cuBLAS-TF32 vs fp32-ref: max_abs=0.0704  max_rel=1302  pct_mismatch=18.19%  worst-rel @ idx (1874, 53) (ref_mag=3.815e-06)
            => an INDEPENDENT TF32 GEMM (cuBLAS) shows the same near-zero rel-err signature; this is the format, not a DSL bug.

  --- Arm A: TileLang T.gemm  dtype=float32, accum=float ---
    vs fp32-ref : max_abs=0.1759  max_rel=3013  pct_mismatch=31.75%  passes_fp32(1e-5)=False
    worst rel-err @ idx (2019, 907): ref_mag=8.106e-06  abs_err_there=0.02443
    vs TF32-ref : max_abs=0.1942  allclose@(atol=0.1,rtol=0.01)=False
    error-class : Arm-A max_abs vs fp32 = 0.1759  ~  cuBLAS-TF32 max_abs vs fp32 = 0.0704  (same TF32 class=True)

  --- Arm B: TileLang manual fp32 MAC (no T.gemm) ---
    vs fp32-ref : max_abs=0.0004883  max_rel=4.797  pct_mismatch=0.028%
    mean_abs/mean|ref| = 7.25e-07 (fp32-ULP class <1e-5: True); strict(1e-5)=False accum(1e-4)=False
    Arm A max_abs=0.1759 vs Arm B max_abs=0.0004883 => Arm B ~360x more accurate

  --- Arm C: Arm-A output vs TF32 reference (decisive diagnostic) ---
    Arm-A err vs fp32   : max_abs=0.1759
    cuBLAS-TF32 err vs fp32: max_abs=0.0704  (Arm A in same TF32 error class=True)
    Arm-A vs TF32 ref absolute allclose(atol=0.1): False
    => Arm A behaves like a TF32 GEMM (matches the TF32 error budget) and fails the fp32 bar: TF32 truncation confirmed = True

  --- Arm D: scan installed tilelang for a user-space TF32 disable knob ---
    has user-space tf32 knob: False
    detail: PassConfigKey precision/tf32 entries: NONE | T.gemm params: ['A', 'B', 'C', 'transpose_A', 'transpose_B', 'policy', 'clear_accum', 'k_pack', 'wg_wait']; precision/tf32 params: ['clear_accum'] | tilelang python-api files mentioning a tf32 *knob*: NONE | float32 MMA atom hardcoded in CUDA templates: ['src/tl_templates/cuda/gemm_mma.h:SM80_16x8x8_F32TF32TF32F32_TN']

  --- Magnitude / error-pattern signature check ---
    mean |ref| = 36.09;  mean |Arm A - fp32| = 0.02797 (small vs output scale=True)
    worst-rel-err output magnitude = 8.106e-06 (near-zero, i.e. < 5% of mean=True)
    abs err at that worst-rel element = 0.02443 (vs global max_abs=0.1759)
    => matches TF32 signature (huge REL err at near-zero output via cancellation, small MEAN abs err elsewhere): True
  -> wrote 5 rows to /home/lxt230026/ASE-GPUDSL-ARTIFACT/experiments/results/NVIDIA_RTX_4000_Ada_Generation/fp32_gemm.csv

========================================================================
ROOT-CAUSE VERDICT: NOT A BUG — TileLang's T.gemm lowers dtype=float32 to the TF32 tensor-core MMA path (SM80 F32TF32TF32F32, 10-bit mantissa); Arm A fails the fp32 reference (31.8% mismatch, max_rel=3013) with an error the SAME magnitude class as cuBLAS's own TF32 path (Arm A max_abs=0.1759 vs cuBLAS-TF32 0.0704), the worst rel err sits at a near-zero output via cancellation (TF32 signature, not a layout bug), the non-T.gemm manual MAC (Arm B) is true-fp32 class, and NO user-space knob disables TF32 in T.gemm (Arm D).
========================================================================
[run_all] OK   exp_fp32_gemm.py  (2s)

======================================================================
[run_all] >>> exp_correctness_edge.py  
======================================================================
/home/lxt230026/.local/lib/python3.9/site-packages/torch/cuda/__init__.py:63: FutureWarning: The pynvml package is deprecated. Please install nvidia-ml-py instead. If you did not install pynvml directly, please report this to the maintainers of the package that installed pynvml for you.
  import pynvml  # type: ignore[import]
========================================================================
  Experiment: exp_correctness_edge  (edge-case behaviour + mitigation revalidation; R3/W11)
  GPU: NVIDIA RTX 4000 Ada Generation  (sm_89, 48 SMs, 19.54 GB, L2=40.0 MB)
  torch 2.8.0+cu126 / cuda 12.6 / driver 595.71.05
========================================================================
  [FULL]  edge shape M,N = 1024,2048

------------------------------------------------------------------------
  PART (a): edge-case inputs  (DSL vs PyTorch; NaN/Inf divergences documented)
------------------------------------------------------------------------

  == matmul  (DSL=tilelang, dtype=float16) ==
2026-05-25 18:34:16  [TileLang:tilelang.jit.kernel:INFO]: TileLang begins to compile kernel `func` with `out_idx=None`
2026-05-25 18:34:27  [TileLang:tilelang.jit.kernel:INFO]: TileLang completes to compile kernel `func`
    [WARN] normal          NUMERIC_DIFF     ref(nan=False,inf=False) dsl(nan=False,inf=False) nan_match=True inf_match=True finite_max_abs=0.125
    [ok  ] nan             PROPAGATES_SAME  ref(nan=True,inf=False) dsl(nan=True,inf=False) nan_match=True inf_match=True finite_max_abs=0.125
    [ok  ] posinf          PROPAGATES_SAME  ref(nan=False,inf=True) dsl(nan=False,inf=True) nan_match=True inf_match=True finite_max_abs=0.125
    [ok  ] neginf          PROPAGATES_SAME  ref(nan=False,inf=True) dsl(nan=False,inf=True) nan_match=True inf_match=True finite_max_abs=0.125
    [doc ] large_mag       DIVERGE_NAN_INF  ref(nan=False,inf=True) dsl(nan=False,inf=True) nan_match=True inf_match=False finite_max_abs=32
    [PASS] denormal        MATCH            ref(nan=False,inf=False) dsl(nan=False,inf=False) nan_match=True inf_match=True finite_max_abs=5.96e-08
    [WARN] all_equal_rows  NUMERIC_DIFF     ref(nan=False,inf=False) dsl(nan=False,inf=False) nan_match=True inf_match=True finite_max_abs=0.125

  == add  (DSL=tilelang, dtype=float16) ==
2026-05-25 18:34:27  [TileLang:tilelang.jit.kernel:INFO]: TileLang begins to compile kernel `func` with `out_idx=None`
2026-05-25 18:34:32  [TileLang:tilelang.jit.kernel:INFO]: TileLang completes to compile kernel `func`
    [PASS] normal          MATCH            ref(nan=False,inf=False) dsl(nan=False,inf=False) nan_match=True inf_match=True finite_max_abs=0
    [ok  ] nan             PROPAGATES_SAME  ref(nan=True,inf=False) dsl(nan=True,inf=False) nan_match=True inf_match=True finite_max_abs=0
    [ok  ] posinf          PROPAGATES_SAME  ref(nan=False,inf=True) dsl(nan=False,inf=True) nan_match=True inf_match=True finite_max_abs=0
    [ok  ] neginf          PROPAGATES_SAME  ref(nan=False,inf=True) dsl(nan=False,inf=True) nan_match=True inf_match=True finite_max_abs=0
    [PASS] large_mag       MATCH            ref(nan=False,inf=False) dsl(nan=False,inf=False) nan_match=True inf_match=True finite_max_abs=0
    [PASS] denormal        MATCH            ref(nan=False,inf=False) dsl(nan=False,inf=False) nan_match=True inf_match=True finite_max_abs=0
    [PASS] all_equal_rows  MATCH            ref(nan=False,inf=False) dsl(nan=False,inf=False) nan_match=True inf_match=True finite_max_abs=0

  == softmax  (DSL=tilelang, dtype=float32) ==
2026-05-25 18:34:32  [TileLang:tilelang.jit.kernel:INFO]: TileLang begins to compile kernel `func` with `out_idx=None`
2026-05-25 18:34:53  [TileLang:tilelang.jit.kernel:INFO]: TileLang completes to compile kernel `func`
    [PASS] normal          MATCH            ref(nan=False,inf=False) dsl(nan=False,inf=False) nan_match=True inf_match=True finite_max_abs=3.54e-08
    [ok  ] nan             PROPAGATES_SAME  ref(nan=True,inf=False) dsl(nan=True,inf=False) nan_match=True inf_match=True finite_max_abs=4.47e-08
    [ok  ] posinf          PROPAGATES_SAME  ref(nan=True,inf=False) dsl(nan=True,inf=False) nan_match=True inf_match=True finite_max_abs=5.03e-08
    [ok  ] neginf          PROPAGATES_SAME  ref(nan=False,inf=False) dsl(nan=False,inf=False) nan_match=True inf_match=True finite_max_abs=4.1e-08
    [PASS] large_mag       MATCH            ref(nan=False,inf=False) dsl(nan=False,inf=False) nan_match=True inf_match=True finite_max_abs=5.96e-08
    [PASS] denormal        MATCH            ref(nan=False,inf=False) dsl(nan=False,inf=False) nan_match=True inf_match=True finite_max_abs=0
    [PASS] all_equal_rows  MATCH            ref(nan=False,inf=False) dsl(nan=False,inf=False) nan_match=True inf_match=True finite_max_abs=0

  == layer_norm  (DSL=tilelang, dtype=float32) ==
2026-05-25 18:34:53  [TileLang:tilelang.jit.kernel:INFO]: TileLang begins to compile kernel `func` with `out_idx=None`
2026-05-25 18:36:50  [TileLang:tilelang.jit.kernel:INFO]: TileLang completes to compile kernel `func`
    [PASS] normal          MATCH            ref(nan=False,inf=False) dsl(nan=False,inf=False) nan_match=True inf_match=True finite_max_abs=3.81e-06
    [ok  ] nan             PROPAGATES_SAME  ref(nan=True,inf=False) dsl(nan=True,inf=False) nan_match=True inf_match=True finite_max_abs=3.81e-06
    [ok  ] posinf          PROPAGATES_SAME  ref(nan=True,inf=False) dsl(nan=True,inf=False) nan_match=True inf_match=True finite_max_abs=3.58e-06
    [ok  ] neginf          PROPAGATES_SAME  ref(nan=True,inf=False) dsl(nan=True,inf=False) nan_match=True inf_match=True finite_max_abs=3.81e-06
    [PASS] large_mag       MATCH            ref(nan=False,inf=False) dsl(nan=False,inf=False) nan_match=True inf_match=True finite_max_abs=4.29e-06
    [PASS] denormal        MATCH            ref(nan=False,inf=False) dsl(nan=False,inf=False) nan_match=True inf_match=True finite_max_abs=0
    [PASS] all_equal_rows  MATCH            ref(nan=False,inf=False) dsl(nan=False,inf=False) nan_match=True inf_match=True finite_max_abs=0

------------------------------------------------------------------------
  PART (b): mitigation-kernel revalidation  (AKO4ALL optimized vs PyTorch ref)
------------------------------------------------------------------------
2026-05-25 18:36:50  [TileLang:tilelang.jit.kernel:INFO]: TileLang begins to compile kernel `func` with `out_idx=[-1]`
2026-05-25 18:36:55  [TileLang:tilelang.jit.kernel:INFO]: TileLang completes to compile kernel `func`
  [PASS] layer_norm_tilelang    REVALIDATED  max_abs_err=0.0625  tol={'atol': 0.02, 'rtol': 0.02}
2026-05-25 18:36:55  [TileLang:tilelang.jit.kernel:INFO]: TileLang begins to compile kernel `func` with `out_idx=None`
2026-05-25 18:36:59  [TileLang:tilelang.jit.kernel:INFO]: TileLang completes to compile kernel `func`
  [PASS] rms_norm_tilelang      REVALIDATED  max_abs_err=0.00391  tol={'atol': 0.002, 'rtol': 0.002}
2026-05-25 18:36:59  [TileLang:tilelang.jit.kernel:INFO]: TileLang begins to compile kernel `func` with `out_idx=None`
2026-05-25 18:37:04  [TileLang:tilelang.jit.kernel:INFO]: TileLang completes to compile kernel `func`
  [PASS] argmax_tilelang        REVALIDATED  index_match=100.00%
  [FAIL] matmul_triton          MISMATCH     max_abs_err=0.125  tol={'atol': 0.001, 'rtol': 0.001}
  [PASS] conv2d_triton          REVALIDATED  max_abs_err=0.0312  tol={'atol': 0.002, 'rtol': 0.002}
  -> wrote 33 rows to /home/lxt230026/ASE-GPUDSL-ARTIFACT/experiments/results/NVIDIA_RTX_4000_Ada_Generation/correctness_edge.csv

========================================================================
  EDGE: 28 cases across 4 kernels; 0 crashed, 2 numeric-diff on finite inputs.
        (NaN/Inf propagation divergences are EXPECTED and documented, not failures.)
  MITIGATION: 4/5 kernels REVALIDATED against PyTorch; 1 with issues.
        revalidated: layer_norm_tilelang, rms_norm_tilelang, argmax_tilelang, conv2d_triton
        ISSUES: matmul_triton(MISMATCH)
========================================================================
[run_all] FAIL exp_correctness_edge.py  (rc=1, 179s)

##### PHASE 2 -- TIMING (serialized on pinned GPU 0) #####

======================================================================
[run_all] >>> exp_conv_filters.py  
======================================================================
/home/lxt230026/.local/lib/python3.9/site-packages/torch/cuda/__init__.py:63: FutureWarning: The pynvml package is deprecated. Please install nvidia-ml-py instead. If you did not install pynvml directly, please report this to the maintainers of the package that installed pynvml for you.
  import pynvml  # type: ignore[import]
========================================================================
  Experiment: Conv filter-size coverage sweep (W6 / RC3 / R1-Q2 / R2-Q2)
  GPU: NVIDIA RTX 4000 Ada Generation  (sm_89, 48 SMs, 19.54 GB, L2=40.0 MB)
  torch 2.8.0+cu126 / cuda 12.6 / driver 595.71.05
========================================================================
  Shape preset: small = (N=8, C=64, H=56, W=56)  dtype=float16
  Timing: warmup=15, reps=50   Correctness tol: atol=0.05, rtol=0.05
  Note: 'small' is Ada-safe (<20 GB). On A100/H100 (80 GB) use --shape large for the paper Table-2 case.


[1x1_s1] 8x64x56x56 -> out 8x64x56x56  groups=1  (est im2col ~0.01 GB, free ~19.3 GB)
  pytorch (cuDNN): median 0.0174 ms  (mean 0.0178 +/- 0.0008)
  triton  RC3: n_regs=80 n_spills=0 num_warps=4
  triton  : median 0.0389 ms  (mean 0.0396 +/- 0.0016)  E_lib=44.71%  correct=True maxerr=0.00e+00
2026-05-25 18:37:16  [TileLang:tilelang.jit.kernel:INFO]: TileLang begins to compile kernel `func` with `out_idx=None`
2026-05-25 18:37:27  [TileLang:tilelang.jit.kernel:INFO]: TileLang completes to compile kernel `func`
  tilelang: median 0.2752 ms  (mean 0.2765 +/- 0.0042)  E_lib=6.33%  correct=True maxerr=1.55e-02

[3x3_s1] 8x64x56x56 -> out 8x64x56x56  groups=1  (est im2col ~0.05 GB, free ~19.3 GB)
  pytorch (cuDNN): median 0.0602 ms  (mean 0.0601 +/- 0.0007)
  triton  RC3: n_regs=128 n_spills=0 num_warps=4
  triton  : median 0.1216 ms  (mean 0.1213 +/- 0.0027)  E_lib=49.52%  correct=True maxerr=6.25e-02
  tilelang: median 0.7359 ms  (mean 0.7361 +/- 0.0024)  E_lib=8.18%  correct=True maxerr=3.13e-02

[5x5_s1] 8x64x56x56 -> out 8x64x56x56  groups=1  (est im2col ~0.15 GB, free ~19.3 GB)
  pytorch (cuDNN): median 0.1175 ms  (mean 0.1175 +/- 0.0012)
  triton  RC3: n_regs=128 n_spills=0 num_warps=4
  triton  : median 0.3983 ms  (mean 0.3985 +/- 0.0091)  E_lib=29.5%  correct=True maxerr=1.25e-01
2026-05-25 18:37:27  [TileLang:tilelang.jit.kernel:INFO]: TileLang begins to compile kernel `func` with `out_idx=None`
2026-05-25 18:37:38  [TileLang:tilelang.jit.kernel:INFO]: TileLang completes to compile kernel `func`
  tilelang: median 1.8330 ms  (mean 1.8329 +/- 0.0027)  E_lib=6.41%  correct=True maxerr=6.25e-02

[7x7_s1] 8x64x56x56 -> out 8x64x56x56  groups=1  (est im2col ~0.29 GB, free ~19.3 GB)
  pytorch (cuDNN): median 0.1873 ms  (mean 0.1873 +/- 0.0007)
  triton  RC3: n_regs=128 n_spills=0 num_warps=4
  triton  : median 1.0045 ms  (mean 1.0042 +/- 0.0066)  E_lib=18.65%  correct=True maxerr=1.25e-01
2026-05-25 18:37:38  [TileLang:tilelang.jit.kernel:INFO]: TileLang begins to compile kernel `func` with `out_idx=None`
2026-05-25 18:37:49  [TileLang:tilelang.jit.kernel:INFO]: TileLang completes to compile kernel `func`
  tilelang: median 3.8457 ms  (mean 3.8513 +/- 0.0299)  E_lib=4.87%  correct=True maxerr=9.63e-02

[dw_3x3_s1] 8x64x56x56 -> out 8x64x56x56  groups=64  (est im2col ~0.05 GB, free ~19.3 GB)
  pytorch (cuDNN): median 0.0218 ms  (mean 0.0220 +/- 0.0006)
  triton  RC3: n_regs=118 n_spills=0 num_warps=4
  triton  : median 0.6083 ms  (mean 0.6087 +/- 0.0027)  E_lib=3.59%  correct=True maxerr=7.81e-03
2026-05-25 18:37:50  [TileLang:tilelang.jit.kernel:INFO]: TileLang begins to compile kernel `func` with `out_idx=None`
2026-05-25 18:38:00  [TileLang:tilelang.jit.kernel:INFO]: TileLang completes to compile kernel `func`
  tilelang: median 25.5966 ms  (mean 25.6133 +/- 0.3849)  E_lib=0.09%  correct=True maxerr=7.76e-03

[3x3_s2] 8x64x56x56 -> out 8x64x28x28  groups=1  (est im2col ~0.01 GB, free ~19.3 GB)
  pytorch (cuDNN): median 0.0357 ms  (mean 0.0356 +/- 0.0006)
  triton  RC3: n_regs=128 n_spills=0 num_warps=4
  triton  : median 0.0723 ms  (mean 0.0726 +/- 0.0020)  E_lib=49.36%  correct=True maxerr=0.00e+00
2026-05-25 18:38:02  [TileLang:tilelang.jit.kernel:INFO]: TileLang begins to compile kernel `func` with `out_idx=None`
2026-05-25 18:38:13  [TileLang:tilelang.jit.kernel:INFO]: TileLang completes to compile kernel `func`
  tilelang: median 0.3607 ms  (mean 0.3628 +/- 0.0055)  E_lib=9.89%  correct=True maxerr=3.12e-02

================================================================================================
  CONV FILTER SWEEP SUMMARY  (E_lib = t_pytorch / t_DSL * 100;  >100% = DSL faster)
================================================================================================
  filter  s   grp |  pytorch ms |  triton ms      E%  regs spill |  tilelang ms      E% | corr
  --------------------------------------------------------------------------------------------
  1x1     1     1 |      0.0174 |     0.0389   44.71    80     0 |       0.2752    6.33 | T=ok L=ok
  3x3     1     1 |      0.0602 |     0.1216   49.52   128     0 |       0.7359    8.18 | T=ok L=ok
  5x5     1     1 |      0.1175 |     0.3983    29.5   128     0 |       1.8330    6.41 | T=ok L=ok
  7x7     1     1 |      0.1873 |     1.0045   18.65   128     0 |       3.8457    4.87 | T=ok L=ok
  3x3     1    64 |      0.0218 |     0.6083    3.59   118     0 |      25.5966    0.09 | T=ok L=ok
  3x3     2     1 |      0.0357 |     0.0723   49.36   128     0 |       0.3607    9.89 | T=ok L=ok
================================================================================================

  RC3 (register pressure vs filter size, Triton dense stride-1 conv):
    1x1  : n_regs=80  n_spills=0 no-spill
    3x3  : n_regs=128  n_spills=0 no-spill
    5x5  : n_regs=128  n_spills=0 no-spill
    7x7  : n_regs=128  n_spills=0 no-spill
    (n_regs is expected to rise with k^2; first n_spills>0 substantiates RC3 on this GPU)
  -> wrote 18 rows to /home/lxt230026/ASE-GPUDSL-ARTIFACT/experiments/results/NVIDIA_RTX_4000_Ada_Generation/conv_filters.csv

Done: 18 (config x impl) timings recorded across 6 configs.
[run_all] OK   exp_conv_filters.py  (59s)

======================================================================
[run_all] >>> exp_fused_baselines.py  
======================================================================
/home/lxt230026/.local/lib/python3.9/site-packages/torch/cuda/__init__.py:63: FutureWarning: The pynvml package is deprecated. Please install nvidia-ml-py instead. If you did not install pynvml directly, please report this to the maintainers of the package that installed pynvml for you.
  import pynvml  # type: ignore[import]
/home/lxt230026/.local/lib/python3.9/site-packages/networkx/utils/backends.py:135: RuntimeWarning: networkx backend defined more than once: nx-loopback
  backends.update(_get_backends("networkx.backends"))
/home/lxt230026/ASE-GPUDSL-ARTIFACT/ViperBench/log_softmax/triton_impl.py:59: UserWarning: Logical operators 'and' and 'or' are deprecated for non-scalar tensors; please use '&' or '|' instead
  mask = m_offset[:, None] < M and n_offset[None, :] < N
UserWarning: Enable tracemalloc to get the object allocation traceback
/home/lxt230026/ASE-GPUDSL-ARTIFACT/ViperBench/log_softmax/triton_impl.py:59: UserWarning: Logical operators 'and' and 'or' are deprecated for non-scalar tensors; please use '&' or '|' instead
  mask = m_offset[:, None] < M and n_offset[None, :] < N
UserWarning: Enable tracemalloc to get the object allocation traceback
/home/lxt230026/ASE-GPUDSL-ARTIFACT/ViperBench/log_softmax/triton_impl.py:59: UserWarning: Logical operators 'and' and 'or' are deprecated for non-scalar tensors; please use '&' or '|' instead
  mask = m_offset[:, None] < M and n_offset[None, :] < N
UserWarning: Enable tracemalloc to get the object allocation traceback
/home/lxt230026/ASE-GPUDSL-ARTIFACT/ViperBench/log_softmax/triton_impl.py:59: UserWarning: Logical operators 'and' and 'or' are deprecated for non-scalar tensors; please use '&' or '|' instead
  mask = m_offset[:, None] < M and n_offset[None, :] < N
UserWarning: Enable tracemalloc to get the object allocation traceback
/home/lxt230026/ASE-GPUDSL-ARTIFACT/ViperBench/log_softmax/triton_impl.py:59: UserWarning: Logical operators 'and' and 'or' are deprecated for non-scalar tensors; please use '&' or '|' instead
  mask = m_offset[:, None] < M and n_offset[None, :] < N
UserWarning: Enable tracemalloc to get the object allocation traceback
/home/lxt230026/ASE-GPUDSL-ARTIFACT/ViperBench/log_softmax/triton_impl.py:59: UserWarning: Logical operators 'and' and 'or' are deprecated for non-scalar tensors; please use '&' or '|' instead
  mask = m_offset[:, None] < M and n_offset[None, :] < N
UserWarning: Enable tracemalloc to get the object allocation traceback
/home/lxt230026/ASE-GPUDSL-ARTIFACT/ViperBench/log_softmax/triton_impl.py:59: UserWarning: Logical operators 'and' and 'or' are deprecated for non-scalar tensors; please use '&' or '|' instead
  mask = m_offset[:, None] < M and n_offset[None, :] < N
UserWarning: Enable tracemalloc to get the object allocation traceback
/home/lxt230026/ASE-GPUDSL-ARTIFACT/ViperBench/log_softmax/triton_impl.py:59: UserWarning: Logical operators 'and' and 'or' are deprecated for non-scalar tensors; please use '&' or '|' instead
  mask = m_offset[:, None] < M and n_offset[None, :] < N
UserWarning: Enable tracemalloc to get the object allocation traceback
/home/lxt230026/ASE-GPUDSL-ARTIFACT/ViperBench/log_softmax/triton_impl.py:59: UserWarning: Logical operators 'and' and 'or' are deprecated for non-scalar tensors; please use '&' or '|' instead
  mask = m_offset[:, None] < M and n_offset[None, :] < N
UserWarning: Enable tracemalloc to get the object allocation traceback
/home/lxt230026/ASE-GPUDSL-ARTIFACT/ViperBench/log_softmax/triton_impl.py:59: UserWarning: Logical operators 'and' and 'or' are deprecated for non-scalar tensors; please use '&' or '|' instead
  mask = m_offset[:, None] < M and n_offset[None, :] < N
UserWarning: Enable tracemalloc to get the object allocation traceback
/home/lxt230026/ASE-GPUDSL-ARTIFACT/ViperBench/log_softmax/triton_impl.py:59: UserWarning: Logical operators 'and' and 'or' are deprecated for non-scalar tensors; please use '&' or '|' instead
  mask = m_offset[:, None] < M and n_offset[None, :] < N
UserWarning: Enable tracemalloc to get the object allocation traceback
/home/lxt230026/ASE-GPUDSL-ARTIFACT/ViperBench/log_softmax/triton_impl.py:59: UserWarning: Logical operators 'and' and 'or' are deprecated for non-scalar tensors; please use '&' or '|' instead
  mask = m_offset[:, None] < M and n_offset[None, :] < N
UserWarning: Enable tracemalloc to get the object allocation traceback
/home/lxt230026/ASE-GPUDSL-ARTIFACT/ViperBench/log_softmax/triton_impl.py:59: UserWarning: Logical operators 'and' and 'or' are deprecated for non-scalar tensors; please use '&' or '|' instead
  mask = m_offset[:, None] < M and n_offset[None, :] < N
UserWarning: Enable tracemalloc to get the object allocation traceback
/home/lxt230026/ASE-GPUDSL-ARTIFACT/ViperBench/log_softmax/triton_impl.py:59: UserWarning: Logical operators 'and' and 'or' are deprecated for non-scalar tensors; please use '&' or '|' instead
  mask = m_offset[:, None] < M and n_offset[None, :] < N
UserWarning: Enable tracemalloc to get the object allocation traceback
/home/lxt230026/ASE-GPUDSL-ARTIFACT/ViperBench/log_softmax/triton_impl.py:59: UserWarning: Logical operators 'and' and 'or' are deprecated for non-scalar tensors; please use '&' or '|' instead
  mask = m_offset[:, None] < M and n_offset[None, :] < N
UserWarning: Enable tracemalloc to get the object allocation traceback
/home/lxt230026/ASE-GPUDSL-ARTIFACT/ViperBench/log_softmax/triton_impl.py:59: UserWarning: Logical operators 'and' and 'or' are deprecated for non-scalar tensors; please use '&' or '|' instead
  mask = m_offset[:, None] < M and n_offset[None, :] < N
UserWarning: Enable tracemalloc to get the object allocation traceback
/home/lxt230026/.local/lib/python3.9/site-packages/torch/_inductor/compile_fx.py:282: UserWarning: TensorFloat32 tensor cores for float32 matrix multiplication available but not enabled. Consider setting `torch.set_float32_matmul_precision('high')` for better performance.
  warnings.warn(
W0525 18:39:19.029452 2666463 torch/_inductor/utils.py:1436] [3/0] Not enough SMs to use max_autotune_gemm mode
========================================================================
  Experiment: Experiment 1 — split baselines (eager / fused / DSL)  (W2)
  GPU: NVIDIA RTX 4000 Ada Generation  (sm_89, 48 SMs, 19.54 GB, L2=40.0 MB)
  torch 2.8.0+cu126 / cuda 12.6 / driver 595.71.05
========================================================================
  torch.compile mode = max-autotune; sizes = ['small', 'large']

  rms_norm [small]  (512, 1024)/(1024,)  (float16)
      eager                  median=0.0470 ms  mean=0.0474+/-0.0018
      fused                  median=0.0532 ms  mean=0.0536+/-0.0018
      triton                 median=0.0338 ms  mean=0.0343+/-0.0016
      tilelang               median=1.8373 ms  mean=1.8350+/-0.0128
  rms_norm [large]  (8192, 8192)/(8192,)  (float16)
      eager                  median=9.9779 ms  mean=9.9774+/-0.0106
      fused                  median=1.7703 ms  mean=1.7704+/-0.0056
      triton                 median=0.9083 ms  mean=0.9092+/-0.0055
      tilelang               median=187.1043 ms  mean=187.1110+/-0.6822
  swiglu [small]  (512, 8192)  (float16)
      eager                  median=0.0398 ms  mean=0.0398+/-0.0008
      fused                  median=0.0539 ms  mean=0.0543+/-0.0022
      triton                 median=0.0410 ms  mean=0.0410+/-0.0014
      tilelang               median=0.0429 ms  mean=0.0433+/-0.0021
  swiglu [large]  (4096, 32768)  (float16)
      eager                  median=3.4427 ms  mean=3.4423+/-0.0060
      fused                  median=3.0505 ms  mean=3.0527+/-0.0139
      triton                 median=1.2933 ms  mean=1.2933+/-0.0038
      tilelang               median=3.4263 ms  mean=3.4246+/-0.0103
  softmax [small]  (512, 1024)  (float16)
      eager                  median=0.0089 ms  mean=0.0089+/-0.0010
      fused                  median=0.0573 ms  mean=0.0576+/-0.0032
      triton                 median=0.0245 ms  mean=0.0252+/-0.0028
      tilelang               median=2.0877 ms  mean=2.0832+/-0.0281
  softmax [large]  (4096, 32768)  (float16)
      eager                  median=1.7510 ms  mean=1.7509+/-0.0046
      fused                  median=3.6067 ms  mean=3.6109+/-0.0225
      triton                 median=1.7953 ms  mean=1.7949+/-0.0061
      tilelang               median=8.6999 ms  mean=8.6996+/-0.0090
  log_softmax [small]  (512, 1024)  (float16)
      eager                  median=0.0092 ms  mean=0.0092+/-0.0005
      fused                  median=0.0563 ms  mean=0.0565+/-0.0021
      triton                 median=0.0432 ms  mean=0.0436+/-0.0012
      tilelang               median=0.0369 ms  mean=0.0374+/-0.0020
  log_softmax [large]  (4096, 32768)  (float16)
      eager                  median=1.7539 ms  mean=1.7549+/-0.0051
      fused                  median=3.5533 ms  mean=3.5577+/-0.0162
      triton                 median=2.1893 ms  mean=2.1901+/-0.0075
      tilelang               median=10.3875 ms  mean=10.3828+/-0.0200
  add [small]  (4096,)/(4096,)  (float16)
      eager                  median=0.0092 ms  mean=0.0092+/-0.0010
      fused                  median=0.0531 ms  mean=0.0531+/-0.0018
      triton                 median=0.0195 ms  mean=0.0196+/-0.0016
      tilelang               median=0.0266 ms  mean=0.0270+/-0.0014
  add [large]  (67108864,)/(67108864,)  (float16)
      eager                  median=1.3015 ms  mean=1.2999+/-0.0057
      fused                  median=3.0128 ms  mean=3.0123+/-0.0049
      triton                 median=1.2779 ms  mean=1.2777+/-0.0035
      tilelang               median=1.7193 ms  mean=1.7209+/-0.0097
  relu [small]  (4096, 4096)  (float16)
      eager                  median=0.2212 ms  mean=0.2214+/-0.0020
      fused                  median=0.4578 ms  mean=0.4579+/-0.0029
      triton                 median=0.2286 ms  mean=0.2293+/-0.0027
      tilelang               median=0.3177 ms  mean=0.3180+/-0.0021
  relu [large]  (16384, 16384)  (float16)
      eager                  median=3.5461 ms  mean=3.5465+/-0.0067
      fused                  median=7.0396 ms  mean=7.0529+/-0.0474
      triton                 median=3.4181 ms  mean=3.4183+/-0.0079
      tilelang               median=5.1654 ms  mean=5.1658+/-0.0085
  leaky_relu [small]  (4096, 4096)/(4096, 4096)  (float16)
      eager                  median=9.1861 ms  mean=9.1881+/-0.0199
      fused                  median=9.2077 ms  mean=9.2019+/-0.0395
      triton                 median=3.4753 ms  mean=3.4792+/-0.0125
      tilelang               median=2.4259 ms  mean=2.4218+/-0.0660
  leaky_relu [large]  (8192, 8192)/(8192, 8192)  (float16)
      eager                  median=71.9483 ms  mean=72.0569+/-1.3064
      fused                  median=72.6723 ms  mean=72.5676+/-0.8601
      triton                 median=29.5236 ms  mean=29.5918+/-0.1664
      tilelang               median=19.3395 ms  mean=19.4448+/-0.3724

  === cross_entropy (CONTAMINATION CHECK) ===
  cross_entropy [small]  logits=(256, 1024) fp32
      eager_contaminated     median=127.5156 ms  mean=127.6757+/-0.2971
      fused_F_cross_entropy  median=0.0573 ms  mean=0.0575+/-0.0025
      triton                 median=0.0306 ms  mean=0.0313+/-0.0041
      tilelang               median=0.0911 ms  mean=0.0919+/-0.0024
      >> CONTAMINATION: 'library efficiency' of Triton vs the python-loop baseline = 416854.04%  (nonsensical -- baseline is an interpreter loop, not vectorized PyTorch)
      >> HONEST: vs fused F.cross_entropy = 187.45%  (note: different output semantics -- per-block buffer vs scalar mean loss; reported for scale, not as a strict like-for-like ratio)
  cross_entropy [large]  logits=(4096, 32768) fp32
      eager_contaminated     median=4015.6519 ms  mean=4011.4483+/-6.5952
      fused_F_cross_entropy  median=5.2069 ms  mean=5.2066+/-0.0074
      triton                 median=1.6345 ms  mean=1.6351+/-0.0019
2026-05-25 18:40:10  [TileLang:tilelang.jit.kernel:INFO]: TileLang begins to compile kernel `kernel` with `out_idx=None`
2026-05-25 18:40:14  [TileLang:tilelang.jit.kernel:INFO]: TileLang completes to compile kernel `kernel`
      tilelang               median=27.3254 ms  mean=27.4788+/-0.5764
      >> CONTAMINATION: 'library efficiency' of Triton vs the python-loop baseline = 245686.76%  (nonsensical -- baseline is an interpreter loop, not vectorized PyTorch)
      >> HONEST: vs fused F.cross_entropy = 318.57%  (note: different output semantics -- per-block buffer vs scalar mean loss; reported for scale, not as a strict like-for-like ratio)
  -> wrote 64 rows to /home/lxt230026/ASE-GPUDSL-ARTIFACT/experiments/results/NVIDIA_RTX_4000_Ada_Generation/fused_baselines.csv
[run_all] OK   exp_fused_baselines.py  (124s)

======================================================================
[run_all] >>> exp_winograd_isolation.py  
======================================================================
/home/lxt230026/.local/lib/python3.9/site-packages/torch/cuda/__init__.py:63: FutureWarning: The pynvml package is deprecated. Please install nvidia-ml-py instead. If you did not install pynvml directly, please report this to the maintainers of the package that installed pynvml for you.
  import pynvml  # type: ignore[import]
========================================================================
  Experiment: Experiment 4 — Winograd isolation in the conv gap  (RC4)
  GPU: NVIDIA RTX 4000 Ada Generation  (sm_89, 48 SMs, 19.54 GB, L2=40.0 MB)
  torch 2.8.0+cu126 / cuda 12.6 / driver 595.71.05
========================================================================
  conv input (N,C,H,W)=(32,256,128,128) weight C_out=256 fp16

--- (1) cuDNN deterministic A/B on 3x3 s1 (delta upper-bounds Winograd) ---
      nondeterministic(Winograd allowed)       median=10.6168 ms  mean=10.6644+/-0.1178
      deterministic(Winograd mostly OFF)       median=10.8587 ms  mean=10.8975+/-0.0954
      >> delta (det - nondet) = +0.2418 ms  (1.023x); positive => non-deterministic (Winograd-allowed) path is faster, upper-bounding Winograd's 3x3 s1 contribution.

--- (2) Winograd eligible-vs-ineligible proxy (cuDNN vs Triton vs TileLang) ---
  config 3x3_s1 (k=3, stride=1, winograd_eligible=True)
      cudnn      median=10.5622 ms  mean=10.5746+/-0.0286
      triton     median=30.5797 ms  mean=30.9193+/-1.0252
      tilelang   median=115.7180 ms  mean=115.7217+/-0.0454
      >> triton gap vs cuDNN @ 3x3_s1: 2.90x  [Winograd-eligible]
      >> tilelang gap vs cuDNN @ 3x3_s1: 10.96x  [Winograd-eligible]
  config 3x3_s2 (k=3, stride=2, winograd_eligible=False)
      cudnn      median=4.0305 ms  mean=4.0309+/-0.0037
      triton     median=11.9214 ms  mean=11.9014+/-0.1189
2026-05-25 18:40:33  [TileLang:tilelang.jit.kernel:INFO]: TileLang begins to compile kernel `func` with `out_idx=None`
2026-05-25 18:40:43  [TileLang:tilelang.jit.kernel:INFO]: TileLang completes to compile kernel `func`
      tilelang   median=21.7231 ms  mean=21.7248+/-0.0201
      >> triton gap vs cuDNN @ 3x3_s2: 2.96x  [ineligible]
      >> tilelang gap vs cuDNN @ 3x3_s2: 5.39x  [ineligible]
  config 5x5_s1 (k=5, stride=1, winograd_eligible=False)
      cudnn      median=23.7435 ms  mean=23.8003+/-0.2709
      triton     median=152.0937 ms  mean=152.0370+/-0.8314
2026-05-25 18:40:57  [TileLang:tilelang.jit.kernel:INFO]: TileLang begins to compile kernel `func` with `out_idx=None`
2026-05-25 18:41:08  [TileLang:tilelang.jit.kernel:INFO]: TileLang completes to compile kernel `func`
      tilelang   OOM
      >> triton gap vs cuDNN @ 5x5_s1: 6.41x  [ineligible]
  config 7x7_s1 (k=7, stride=1, winograd_eligible=False)
      cudnn      median=43.1339 ms  mean=43.0845+/-0.3105
      triton     median=325.1616 ms  mean=324.8720+/-0.9790
      tilelang   OOM
      >> triton gap vs cuDNN @ 7x7_s1: 7.54x  [ineligible]
  >> triton: gap@3x3_s1(eligible)=2.90x vs avg gap@ineligible=5.63x. Eligible gap not larger => Winograd not the dominant factor here.
  >> tilelang: gap@3x3_s1(eligible)=10.96x vs avg gap@ineligible=5.39x. Eligible gap LARGER => residual attributable to Winograd.

--- (3) Confirm cuDNN's selected algorithm via CUDNN_LOGINFO_DBG ---
      invoking:  CUDNN_LOGINFO_DBG=1 CUDNN_LOGDEST_DBG=stdout \
                 /home/lxt230026/ASE-GPUDSL-ARTIFACT/experiments/exp_winograd_isolation.py --cudnn-log-worker --shape 32 256 128 128 256 --k 3 --stride 1
      CONFIRMED: cuDNN log mentions Winograd (16 line(s)). Sample:
        i!                 CUDNN_NUMERICAL_NOTE_WINOGRAD: type=bool; val=true;
        i!             CUDNN_NUMERICAL_NOTE_WINOGRAD: type=bool; val=true;
        i!             CUDNN_NUMERICAL_NOTE_WINOGRAD: type=bool; val=true;
        i!                     CUDNN_NUMERICAL_NOTE_WINOGRAD: type=bool; val=true;
        i!                     CUDNN_NUMERICAL_NOTE_WINOGRAD: type=bool; val=true;
  -> wrote 15 rows to /home/lxt230026/ASE-GPUDSL-ARTIFACT/experiments/results/NVIDIA_RTX_4000_Ada_Generation/winograd_isolation.csv
[run_all] OK   exp_winograd_isolation.py  (79s)

======================================================================
[run_all] >>> exp_autotune_matmul.py  
======================================================================
/home/lxt230026/.local/lib/python3.9/site-packages/torch/cuda/__init__.py:63: FutureWarning: The pynvml package is deprecated. Please install nvidia-ml-py instead. If you did not install pynvml directly, please report this to the maintainers of the package that installed pynvml for you.
  import pynvml  # type: ignore[import]
========================================================================
  Experiment: Experiment 3 — autotuned-matmul reconciliation (W7)
  GPU: NVIDIA RTX 4000 Ada Generation  (sm_89, 48 SMs, 19.54 GB, L2=40.0 MB)
  torch 2.8.0+cu126 / cuda 12.6 / driver 595.71.05
========================================================================

--- shape 4096x4096 (fp16, working set ~= 0.10 GB) ---
  cublas             median=1.9425 ms  mean=1.9266+/-0.0379   70752.6 GFLOP/s
  triton_plain       median=2.3409 ms  mean=2.2883+/-0.0816   58713.0 GFLOP/s
  triton_autotune    median=1.9005 ms  mean=1.8924+/-0.0144   72315.7 GFLOP/s
  tilelang_swizzle   median=3.1628 ms  mean=3.1457+/-0.0677   43455.1 GFLOP/s
  >> autotune vs plain @ 4096^2: 1.232x (§7.3 1.66x regime)

--- shape 16384x16384 (fp16, working set ~= 1.61 GB) ---
  cublas             median=116.6346 ms  mean=116.2463+/-1.2234   75415.8 GFLOP/s
  triton_plain       median=361.9031 ms  mean=361.9197+/-0.1082   24305.1 GFLOP/s
  triton_autotune    median=118.4203 ms  mean=118.6436+/-0.4895   74278.6 GFLOP/s
  tilelang_swizzle   median=202.5992 ms  mean=202.5962+/-0.6510   43416.2 GFLOP/s
  >> autotune vs plain @ 16384^2: 3.056x (Delta~=0pp regime (§5))
  -> wrote 8 rows to /home/lxt230026/ASE-GPUDSL-ARTIFACT/experiments/results/NVIDIA_RTX_4000_Ada_Generation/autotune_matmul.csv
[run_all] OK   exp_autotune_matmul.py  (70s)

##### PHASE 3 -- HARDWARE COUNTERS (admin-gated; run SEPARATELY) ######
[run_all] NOTE: Nsight Compute counter collection (Experiment 1) is NOT run by
          run_all.sh because it requires admin to unblock counters
          (NVreg_RestrictProfilingToAdminUsers=0 + reboot). When enabled:

              bash /home/lxt230026/ASE-GPUDSL-ARTIFACT/experiments/ncu_counters.sh

          It pre-checks /proc/driver/nvidia/params and exits 2 with the
          unblock instructions if counters are still restricted.

######################################################################
[run_all] SUMMARY (2026-05-25T23:42:46Z):
    OK    exp_fp32_gemm.py  (2s)
    FAIL  exp_correctness_edge.py  (rc=1)
    OK    exp_conv_filters.py  (59s)
    OK    exp_fused_baselines.py  (124s)
    OK    exp_winograd_isolation.py  (79s)
    OK    exp_autotune_matmul.py  (70s)
[run_all] full log: /home/lxt230026/ASE-GPUDSL-ARTIFACT/experiments/results/NVIDIA_RTX_4000_Ada_Generation/run_all.log
[run_all] CSVs:     /home/lxt230026/ASE-GPUDSL-ARTIFACT/experiments/results/NVIDIA_RTX_4000_Ada_Generation/*.csv
######################################################################
